Using pre-set license
Built from '2021.3/staging' branch; Version is '2021.3.33f1 (ee5a2aa03ab2) revision 15620650'; Using compiler version '192829333'; Build Type 'Release'
OS: 'Windows 11  (10.0.22631) 64bit Core' Language: 'en' Physical Memory: 16310 MB
BatchMode: 1, IsHumanControllingUs: 0, StartBugReporterOnCrash: 0, Is64bit: 1, IsPro: 1

COMMAND LINE ARGUMENTS:
C:\Program Files\Unity\Hub\Editor\2021.3.33f1\Editor\Unity.exe
-adb2
-batchMode
-noUpm
-name
AssetImportWorker2
-projectPath
C:/Users/oguzh/OneDrive/Masaüstü/CardGame/CARD GAME
-logFile
Logs/AssetImportWorker2.log
-srvPort
63416
Successfully changed project path to: C:/Users/oguzh/OneDrive/Masaüstü/CardGame/CARD GAME
C:/Users/oguzh/OneDrive/Masaüstü/CardGame/CARD GAME
[UnityMemory] Configuration Parameters - Can be set up in boot.config
    "memorysetup-bucket-allocator-granularity=16"
    "memorysetup-bucket-allocator-bucket-count=8"
    "memorysetup-bucket-allocator-block-size=33554432"
    "memorysetup-bucket-allocator-block-count=8"
    "memorysetup-main-allocator-block-size=16777216"
    "memorysetup-thread-allocator-block-size=16777216"
    "memorysetup-gfx-main-allocator-block-size=16777216"
    "memorysetup-gfx-thread-allocator-block-size=16777216"
    "memorysetup-cache-allocator-block-size=4194304"
    "memorysetup-typetree-allocator-block-size=2097152"
    "memorysetup-profiler-bucket-allocator-granularity=16"
    "memorysetup-profiler-bucket-allocator-bucket-count=8"
    "memorysetup-profiler-bucket-allocator-block-size=33554432"
    "memorysetup-profiler-bucket-allocator-block-count=8"
    "memorysetup-profiler-allocator-block-size=16777216"
    "memorysetup-profiler-editor-allocator-block-size=1048576"
    "memorysetup-temp-allocator-size-main=16777216"
    "memorysetup-job-temp-allocator-block-size=2097152"
    "memorysetup-job-temp-allocator-block-size-background=1048576"
    "memorysetup-job-temp-allocator-reduction-small-platforms=262144"
    "memorysetup-temp-allocator-size-background-worker=32768"
    "memorysetup-temp-allocator-size-job-worker=262144"
    "memorysetup-temp-allocator-size-preload-manager=33554432"
    "memorysetup-temp-allocator-size-nav-mesh-worker=65536"
    "memorysetup-temp-allocator-size-audio-worker=65536"
    "memorysetup-temp-allocator-size-cloud-worker=32768"
    "memorysetup-temp-allocator-size-gi-baking-worker=262144"
    "memorysetup-temp-allocator-size-gfx=262144"
Player connection [784] Host "[IP] 192.168.1.61 [Port] 0 [Flags] 2 [Guid] 3609878747 [EditorId] 3609878747 [Version] 1048832 [Id] WindowsEditor(7,DESKTOP-O14C83C) [Debug] 1 [PackageName] WindowsEditor [ProjectName] Editor" joined multi-casting on [225.0.0.222:54997]...

Player connection [784] Host "[IP] 192.168.1.61 [Port] 0 [Flags] 2 [Guid] 3609878747 [EditorId] 3609878747 [Version] 1048832 [Id] WindowsEditor(7,DESKTOP-O14C83C) [Debug] 1 [PackageName] WindowsEditor [ProjectName] Editor" joined alternative multi-casting on [225.0.0.222:34997]...

[Physics::Module] Initialized MultithreadedJobDispatcher with {0} workers.
Refreshing native plugins compatible for Editor in 160.44 ms, found 3 plugins.
Preloading 0 native plugins for Editor in 0.00 ms.
Initialize engine version: 2021.3.33f1 (ee5a2aa03ab2)
[Subsystems] Discovering subsystems at path C:/Program Files/Unity/Hub/Editor/2021.3.33f1/Editor/Data/Resources/UnitySubsystems
[Subsystems] Discovering subsystems at path C:/Users/oguzh/OneDrive/Masaüstü/CardGame/CARD GAME/Assets
GfxDevice: creating device client; threaded=0; jobified=0
Direct3D:
    Version:  Direct3D 11.0 [level 11.1]
    Renderer: NVIDIA GeForce RTX 3060 Ti (ID=0x2486)
    Vendor:   NVIDIA
    VRAM:     8024 MB
    Driver:   32.0.15.5599
Initialize mono
Mono path[0] = 'C:/Program Files/Unity/Hub/Editor/2021.3.33f1/Editor/Data/Managed'
Mono path[1] = 'C:/Program Files/Unity/Hub/Editor/2021.3.33f1/Editor/Data/MonoBleedingEdge/lib/mono/unityjit-win32'
Mono config path = 'C:/Program Files/Unity/Hub/Editor/2021.3.33f1/Editor/Data/MonoBleedingEdge/etc'
Using monoOptions --debugger-agent=transport=dt_socket,embedding=1,server=y,suspend=n,address=127.0.0.1:56632
Begin MonoManager ReloadAssembly
Registering precompiled unity dll's ...
Register platform support module: C:/Program Files/Unity/Hub/Editor/2021.3.33f1/Editor/Data/PlaybackEngines/WindowsStandaloneSupport/UnityEditor.WindowsStandalone.Extensions.dll
Registered in 0.096515 seconds.
Native extension for WindowsStandalone target not found
Refreshing native plugins compatible for Editor in 141.97 ms, found 3 plugins.
Preloading 0 native plugins for Editor in 0.00 ms.
Mono: successfully reloaded assembly
- Completed reload, in  4.870 seconds
Domain Reload Profiling:
	ReloadAssembly (4870ms)
		BeginReloadAssembly (4185ms)
			ExecutionOrderSort (0ms)
			DisableScriptedObjects (0ms)
			BackupInstance (0ms)
			ReleaseScriptingObjects (0ms)
			CreateAndSetChildDomain (1ms)
		EndReloadAssembly (505ms)
			LoadAssemblies (4181ms)
			RebuildTransferFunctionScriptingTraits (0ms)
			SetupTypeCache (94ms)
			ReleaseScriptCaches (0ms)
			RebuildScriptCaches (23ms)
			SetupLoadedEditorAssemblies (352ms)
				LogAssemblyErrors (0ms)
				InitializePlatformSupportModulesInManaged (7ms)
				SetLoadedEditorAssemblies (0ms)
				RefreshPlugins (142ms)
				BeforeProcessingInitializeOnLoad (1ms)
				ProcessInitializeOnLoadAttributes (142ms)
				ProcessInitializeOnLoadMethodAttributes (60ms)
				AfterProcessingInitializeOnLoad (0ms)
				EditorAssembliesLoaded (0ms)
			ExecutionOrderSort2 (0ms)
			AwakeInstancesAfterBackupRestoration (0ms)
Platform modules already initialized, skipping
Registering precompiled user dll's ...
Registered in 0.012665 seconds.
Begin MonoManager ReloadAssembly
Native extension for WindowsStandalone target not found
Refreshing native plugins compatible for Editor in 122.06 ms, found 3 plugins.
Preloading 0 native plugins for Editor in 0.00 ms.
Package Manager log level set to [2]
[Package Manager] Server::EnsureServerProcessIsRunning -- launch failed, reason: Unity was launched with the -noUpm command-line argument
[Package Manager] Cannot connect to Unity Package Manager local server
Mono: successfully reloaded assembly
- Completed reload, in  6.429 seconds
Domain Reload Profiling:
	ReloadAssembly (6430ms)
		BeginReloadAssembly (130ms)
			ExecutionOrderSort (0ms)
			DisableScriptedObjects (6ms)
			BackupInstance (0ms)
			ReleaseScriptingObjects (0ms)
			CreateAndSetChildDomain (19ms)
		EndReloadAssembly (6184ms)
			LoadAssemblies (4939ms)
			RebuildTransferFunctionScriptingTraits (0ms)
			SetupTypeCache (257ms)
			ReleaseScriptCaches (1ms)
			RebuildScriptCaches (62ms)
			SetupLoadedEditorAssemblies (918ms)
				LogAssemblyErrors (0ms)
				InitializePlatformSupportModulesInManaged (4ms)
				SetLoadedEditorAssemblies (0ms)
				RefreshPlugins (122ms)
				BeforeProcessingInitializeOnLoad (114ms)
				ProcessInitializeOnLoadAttributes (600ms)
				ProcessInitializeOnLoadMethodAttributes (71ms)
				AfterProcessingInitializeOnLoad (7ms)
				EditorAssembliesLoaded (0ms)
			ExecutionOrderSort2 (0ms)
			AwakeInstancesAfterBackupRestoration (6ms)
Platform modules already initialized, skipping
========================================================================
Worker process is ready to serve import requests
Launched and connected shader compiler UnityShaderCompiler.exe after 0.04 seconds
Refreshing native plugins compatible for Editor in 1.70 ms, found 3 plugins.
Preloading 0 native plugins for Editor in 0.00 ms.
Unloading 5697 Unused Serialized files (Serialized files now loaded: 0)
Unloading 51 unused Assets / (1.9 MB). Loaded Objects now: 6132.
Memory consumption went from 233.3 MB to 231.4 MB.
Total: 3.537500 ms (FindLiveObjects: 0.416300 ms CreateObjectMapping: 0.139000 ms MarkObjects: 2.499400 ms  DeleteObjects: 0.482100 ms)

AssetImportParameters requested are different than current active one (requested -> active):
  custom:video-decoder-ogg-theora: a1e56fd34408186e4bbccfd4996cb3dc -> 
  custom:container-muxer-webm: aa71ff27fc2769a1b78a27578f13a17b -> 
  custom:container-demuxer-webm: 4f35f7cbe854078d1ac9338744f61a02 -> 
  custom:video-encoder-webm-vp8: eb34c28f22e8b96e1ab97ce403110664 -> 
  custom:CustomObjectIndexerAttribute: f67f22312cbe972f2da930a377ed3d15 -> 
  custom:audio-encoder-webm-vorbis: bf7c407c2cedff20999df2af8eb42d56 -> 
  custom:framework-win-MediaFoundation: 216162199b28c13a410421893ffa2e32 -> 
  custom:SearchIndexIgnoredProperties: e643bd26f0fe6173181afceb89e7c659 -> 
  custom:container-demuxer-ogg: 62fdf1f143b41e24485cea50d1cbac27 -> 
  custom:video-decoder-webm-vp8: 9c59270c3fd7afecdb556c50c9e8de78 -> 
  custom:audio-decoder-ogg-vorbis: bf7c407c2cedff20999df2af8eb42d56 -> 
========================================================================
Received Import Request.
  Time since last request: 358096.294087 seconds.
  path: Assets
  artifactKey: Guid(00000000000000001000000000000000) Importer(815301076,1909f56bfc062723c751e8b465ee728b)
Number of updated assets reloaded before import = 0
Start importing Assets using Guid(00000000000000001000000000000000) Importer(815301076,1909f56bfc062723c751e8b465ee728b)  -> (artifact id: '79842766b460edbeab6a34051e857a80') in 0.017268 seconds 
Number of asset objects unloaded after import = 0
========================================================================
Received Import Request.
  Time since last request: 10.186171 seconds.
  path: Assets/Animation
  artifactKey: Guid(a56ca6ca073bf724db27ab214c4f9624) Importer(815301076,1909f56bfc062723c751e8b465ee728b)
Number of updated assets reloaded before import = 0
Start importing Assets/Animation using Guid(a56ca6ca073bf724db27ab214c4f9624) Importer(815301076,1909f56bfc062723c751e8b465ee728b)  -> (artifact id: 'b190c64e23859b8d18890e24c28ed012') in 0.007003 seconds 
Number of asset objects unloaded after import = 0
========================================================================
Received Import Request.
  Time since last request: 14.956724 seconds.
  path: Assets/Animations
  artifactKey: Guid(a56ca6ca073bf724db27ab214c4f9624) Importer(815301076,1909f56bfc062723c751e8b465ee728b)
Number of updated assets reloaded before import = 0
Start importing Assets/Animations using Guid(a56ca6ca073bf724db27ab214c4f9624) Importer(815301076,1909f56bfc062723c751e8b465ee728b)  -> (artifact id: '12b35da47fc41cf5e6492a3437ea3f12') in 0.007049 seconds 
Number of asset objects unloaded after import = 0
========================================================================
Received Import Request.
  Time since last request: 62.972877 seconds.
  path: Assets/Animations/OyuncularıDiz.anim
  artifactKey: Guid(7f74d97978a29e740a19ac3412056313) Importer(815301076,1909f56bfc062723c751e8b465ee728b)
Number of updated assets reloaded before import = 0
Start importing Assets/Animations/OyuncularıDiz.anim using Guid(7f74d97978a29e740a19ac3412056313) Importer(815301076,1909f56bfc062723c751e8b465ee728b)  -> (artifact id: '6b7d12a00be00fe32738ef97d244ad20') in 0.028945 seconds 
Number of asset objects unloaded after import = 1
========================================================================
Received Import Request.
  Time since last request: 15.763233 seconds.
  path: Assets/Animations/Canvas.controller
  artifactKey: Guid(f89cc92b9fbd5e6428106d68e58cffa8) Importer(815301076,1909f56bfc062723c751e8b465ee728b)
Number of updated assets reloaded before import = 0
Start importing Assets/Animations/Canvas.controller using Guid(f89cc92b9fbd5e6428106d68e58cffa8) Importer(815301076,1909f56bfc062723c751e8b465ee728b)  -> (artifact id: '8b6c5a40758ee3ae40530fffa728a844') in 0.010756 seconds 
Number of asset objects unloaded after import = 4
========================================================================
Received Import Request.
  Time since last request: 371.580384 seconds.
  path: Assets/Graphics/1Kafa.png
  artifactKey: Guid(15e4416f9b3a9794c88799b28912941d) Importer(815301076,1909f56bfc062723c751e8b465ee728b)
Number of updated assets reloaded before import = 0
Start importing Assets/Graphics/1Kafa.png using Guid(15e4416f9b3a9794c88799b28912941d) Importer(815301076,1909f56bfc062723c751e8b465ee728b)  -> (artifact id: '7bce48c034b6233d1df176b5c0a0c047') in 0.080937 seconds 
Number of asset objects unloaded after import = 3
========================================================================
Received Import Request.
  Time since last request: 80.051237 seconds.
  path: Assets/Graphics/HamdiKafa.png
  artifactKey: Guid(0f6b89a3053ba27469b1546661fdbe2f) Importer(815301076,1909f56bfc062723c751e8b465ee728b)
Number of updated assets reloaded before import = 0
Start importing Assets/Graphics/HamdiKafa.png using Guid(0f6b89a3053ba27469b1546661fdbe2f) Importer(815301076,1909f56bfc062723c751e8b465ee728b)  -> (artifact id: '40cd9c5604a5f2f05b821820624fdbbe') in 0.024648 seconds 
Number of asset objects unloaded after import = 3
========================================================================
Received Import Request.
  Time since last request: 50.518727 seconds.
  path: Assets/Graphics/2Kafa.png
  artifactKey: Guid(5597aa38a041b5342ac67a3cf38766a2) Importer(815301076,1909f56bfc062723c751e8b465ee728b)
Number of updated assets reloaded before import = 0
Start importing Assets/Graphics/2Kafa.png using Guid(5597aa38a041b5342ac67a3cf38766a2) Importer(815301076,1909f56bfc062723c751e8b465ee728b)  -> (artifact id: '0e5f21685d44cb7d02df72bf90c0b6a3') in 0.019975 seconds 
Number of asset objects unloaded after import = 3
========================================================================
Received Import Request.
  Time since last request: 112.001372 seconds.
  path: Assets/Graphics/kaleciKafa.png
  artifactKey: Guid(674773002ea8e2c4e92159377265986b) Importer(815301076,1909f56bfc062723c751e8b465ee728b)
Number of updated assets reloaded before import = 0
Start importing Assets/Graphics/kaleciKafa.png using Guid(674773002ea8e2c4e92159377265986b) Importer(815301076,1909f56bfc062723c751e8b465ee728b)  -> (artifact id: 'f5a07c01ce3e9ec03655a01cb3c8bdde') in 0.020179 seconds 
Number of asset objects unloaded after import = 3
========================================================================
Received Import Request.
  Time since last request: 1702.617029 seconds.
  path: Assets/TownManagement/City Builder Template/Textures/Atlases/ui/close_button.png
  artifactKey: Guid(5fddfb87cbab6434cb568d5c6244a257) Importer(815301076,1909f56bfc062723c751e8b465ee728b)
Number of updated assets reloaded before import = 0
Start importing Assets/TownManagement/City Builder Template/Textures/Atlases/ui/close_button.png using Guid(5fddfb87cbab6434cb568d5c6244a257) Importer(815301076,1909f56bfc062723c751e8b465ee728b)  -> (artifact id: '9c63c915ca4ed6f84fca3aff80eb44dc') in 0.043473 seconds 
Number of asset objects unloaded after import = 3
========================================================================
Received Import Request.
  Time since last request: 0.000022 seconds.
  path: Assets/TcgEngine/Sprites/Avatar/cockatoo.png
  artifactKey: Guid(919f5fefd56b9b645934e1d57e904dc8) Importer(815301076,1909f56bfc062723c751e8b465ee728b)
Number of updated assets reloaded before import = 0
Start importing Assets/TcgEngine/Sprites/Avatar/cockatoo.png using Guid(919f5fefd56b9b645934e1d57e904dc8) Importer(815301076,1909f56bfc062723c751e8b465ee728b)  -> (artifact id: 'b35e95da672f11d3bd38f4c39c298731') in 0.077288 seconds 
Number of asset objects unloaded after import = 3
========================================================================
Received Import Request.
  Time since last request: 0.000033 seconds.
  path: Assets/TcgEngine/Sprites/Cards/coin.png
  artifactKey: Guid(b2df4cf396c59e048b9b77ee815550fc) Importer(815301076,1909f56bfc062723c751e8b465ee728b)
Number of updated assets reloaded before import = 0
Start importing Assets/TcgEngine/Sprites/Cards/coin.png using Guid(b2df4cf396c59e048b9b77ee815550fc) Importer(815301076,1909f56bfc062723c751e8b465ee728b)  -> (artifact id: '67b4e3cda41206d35e35af0032a52a09') in 0.122386 seconds 
Number of asset objects unloaded after import = 3
========================================================================
Received Import Request.
  Time since last request: 3.589605 seconds.
  path: Assets/TcgEngine/Sprites/Menu/collection_panel_left.png
  artifactKey: Guid(0bdfea6c0b5dd054793a715426fcb51e) Importer(815301076,1909f56bfc062723c751e8b465ee728b)
Number of updated assets reloaded before import = 0
Start importing Assets/TcgEngine/Sprites/Menu/collection_panel_left.png using Guid(0bdfea6c0b5dd054793a715426fcb51e) Importer(815301076,1909f56bfc062723c751e8b465ee728b)  -> (artifact id: '40261b035d8da14e3a2936b06b6b7e58') in 0.053965 seconds 
Number of asset objects unloaded after import = 3
========================================================================
Received Import Request.
  Time since last request: 0.000013 seconds.
  path: Assets/TcgEngine/Sprites/CardsBoard/crab_board.png
  artifactKey: Guid(e73be87636869234498a5156aa80fd7a) Importer(815301076,1909f56bfc062723c751e8b465ee728b)
Number of updated assets reloaded before import = 0
Start importing Assets/TcgEngine/Sprites/CardsBoard/crab_board.png using Guid(e73be87636869234498a5156aa80fd7a) Importer(815301076,1909f56bfc062723c751e8b465ee728b)  -> (artifact id: '64f97cb196a2141d5333eed3bd463807') in 0.099543 seconds 
Number of asset objects unloaded after import = 3
========================================================================
Received Import Request.
  Time since last request: 0.000020 seconds.
  path: Assets/TcgEngine/Sprites/Cardbacks/deck_diamond.png
  artifactKey: Guid(e91004342c1324343b81fd607a8b4827) Importer(815301076,1909f56bfc062723c751e8b465ee728b)
Number of updated assets reloaded before import = 0
Start importing Assets/TcgEngine/Sprites/Cardbacks/deck_diamond.png using Guid(e91004342c1324343b81fd607a8b4827) Importer(815301076,1909f56bfc062723c751e8b465ee728b)  -> (artifact id: '1789d0d89a509fb8e8474be3de42a38d') in 0.079677 seconds 
Number of asset objects unloaded after import = 3
========================================================================
Received Import Request.
  Time since last request: 0.000038 seconds.
  path: Assets/TcgEngine/Sprites/Menu/collection_section_small.png
  artifactKey: Guid(acfbcb00bcce415449ed7230b5f0d1fa) Importer(815301076,1909f56bfc062723c751e8b465ee728b)
Number of updated assets reloaded before import = 0
Start importing Assets/TcgEngine/Sprites/Menu/collection_section_small.png using Guid(acfbcb00bcce415449ed7230b5f0d1fa) Importer(815301076,1909f56bfc062723c751e8b465ee728b)  -> (artifact id: '66436eb2a2945ea9deb6dc5379273388') in 0.032807 seconds 
Number of asset objects unloaded after import = 3
========================================================================
Received Import Request.
  Time since last request: 0.001941 seconds.
  path: Assets/TcgEngine/Sprites/Cardbacks/deck_gold.png
  artifactKey: Guid(4043201c9221ce8439f34368cc67c4d5) Importer(815301076,1909f56bfc062723c751e8b465ee728b)
Number of updated assets reloaded before import = 0
Start importing Assets/TcgEngine/Sprites/Cardbacks/deck_gold.png using Guid(4043201c9221ce8439f34368cc67c4d5) Importer(815301076,1909f56bfc062723c751e8b465ee728b)  -> (artifact id: '69344191a217c5179c6cbfea5c5090dd') in 0.053028 seconds 
Number of asset objects unloaded after import = 3
========================================================================
Received Import Request.
  Time since last request: 0.000016 seconds.
  path: Assets/TcgEngine/Sprites/Cards/dragon_blue.png
  artifactKey: Guid(e15194d2fa4d9894490fc12935a55811) Importer(815301076,1909f56bfc062723c751e8b465ee728b)
Number of updated assets reloaded before import = 0
Start importing Assets/TcgEngine/Sprites/Cards/dragon_blue.png using Guid(e15194d2fa4d9894490fc12935a55811) Importer(815301076,1909f56bfc062723c751e8b465ee728b)  -> (artifact id: 'd63612426326fdabef75694684eb77c7') in 0.112315 seconds 
Number of asset objects unloaded after import = 3
========================================================================
Received Import Request.
  Time since last request: 0.000019 seconds.
  path: Assets/TcgEngine/Sprites/Cardbacks/deck_silver.png
  artifactKey: Guid(23ce0a1828f761845b5505cf96d99463) Importer(815301076,1909f56bfc062723c751e8b465ee728b)
Number of updated assets reloaded before import = 0
Start importing Assets/TcgEngine/Sprites/Cardbacks/deck_silver.png using Guid(23ce0a1828f761845b5505cf96d99463) Importer(815301076,1909f56bfc062723c751e8b465ee728b)  -> (artifact id: 'ee64857b900ee25514450f19a0812cf0') in 0.059598 seconds 
Number of asset objects unloaded after import = 3
========================================================================
Received Import Request.
  Time since last request: 0.000025 seconds.
  path: Assets/TcgEngine/Sprites/Cards/eel.png
  artifactKey: Guid(b72bc24b5d6aecb489310af562b78913) Importer(815301076,1909f56bfc062723c751e8b465ee728b)
Number of updated assets reloaded before import = 0
Start importing Assets/TcgEngine/Sprites/Cards/eel.png using Guid(b72bc24b5d6aecb489310af562b78913) Importer(815301076,1909f56bfc062723c751e8b465ee728b)  -> (artifact id: 'dc2966ac76aee68c5fdfa7c8b9f96091') in 0.114577 seconds 
Number of asset objects unloaded after import = 3
========================================================================
Received Import Request.
  Time since last request: 0.000017 seconds.
  path: Assets/TcgEngine/Sprites/CardsBoard/dragon_blue_board.png
  artifactKey: Guid(57f10b2c4a18f3f4880229ced3ca4e94) Importer(815301076,1909f56bfc062723c751e8b465ee728b)
Number of updated assets reloaded before import = 0
Start importing Assets/TcgEngine/Sprites/CardsBoard/dragon_blue_board.png using Guid(57f10b2c4a18f3f4880229ced3ca4e94) Importer(815301076,1909f56bfc062723c751e8b465ee728b)  -> (artifact id: 'ce0a0e275085132ec6f827cb9068806c') in 0.094690 seconds 
Number of asset objects unloaded after import = 3
========================================================================
Received Import Request.
  Time since last request: 0.000029 seconds.
  path: Assets/TownManagement/City Builder Template/Textures/Atlases/ui/diamond_icon.png
  artifactKey: Guid(6a48822983aef4e1089bf1b5b4a4613e) Importer(815301076,1909f56bfc062723c751e8b465ee728b)
Number of updated assets reloaded before import = 0
Start importing Assets/TownManagement/City Builder Template/Textures/Atlases/ui/diamond_icon.png using Guid(6a48822983aef4e1089bf1b5b4a4613e) Importer(815301076,1909f56bfc062723c751e8b465ee728b)  -> (artifact id: '2160577b68ffc832ccdb327ac6ebb7f5') in 0.028633 seconds 
Number of asset objects unloaded after import = 3
========================================================================
Received Import Request.
  Time since last request: 0.000034 seconds.
  path: Assets/TcgEngine/Sprites/Icons/discard_icon.png
  artifactKey: Guid(346e35efcd59d82499a337b92127faaa) Importer(815301076,1909f56bfc062723c751e8b465ee728b)
Number of updated assets reloaded before import = 0
Start importing Assets/TcgEngine/Sprites/Icons/discard_icon.png using Guid(346e35efcd59d82499a337b92127faaa) Importer(815301076,1909f56bfc062723c751e8b465ee728b)  -> (artifact id: '883fa86db886decf81111ea0d57bc468') in 0.030997 seconds 
Number of asset objects unloaded after import = 3
========================================================================
Received Import Request.
  Time since last request: 0.000017 seconds.
  path: Assets/TcgEngine/Sprites/Cards/eagle.png
  artifactKey: Guid(9a0ccc62afbc00441bdc835c4bc15f2e) Importer(815301076,1909f56bfc062723c751e8b465ee728b)
Number of updated assets reloaded before import = 0
Start importing Assets/TcgEngine/Sprites/Cards/eagle.png using Guid(9a0ccc62afbc00441bdc835c4bc15f2e) Importer(815301076,1909f56bfc062723c751e8b465ee728b)  -> (artifact id: '30b6a8762a8545451ee68d7d6a33f279') in 0.122511 seconds 
Number of asset objects unloaded after import = 3
========================================================================
Received Import Request.
  Time since last request: 0.000015 seconds.
  path: Assets/TcgEngine/Sprites/Cards/dragon_egg.png
  artifactKey: Guid(32029b7b11d4ca24ca88fcb66b122deb) Importer(815301076,1909f56bfc062723c751e8b465ee728b)
Number of updated assets reloaded before import = 0
Start importing Assets/TcgEngine/Sprites/Cards/dragon_egg.png using Guid(32029b7b11d4ca24ca88fcb66b122deb) Importer(815301076,1909f56bfc062723c751e8b465ee728b)  -> (artifact id: 'ee342aa8a6233b26f6f1ac856f53fb33') in 0.120819 seconds 
Number of asset objects unloaded after import = 3
========================================================================
Received Import Request.
  Time since last request: 0.000022 seconds.
  path: Assets/TcgEngine/Sprites/Cards/extinct.png
  artifactKey: Guid(f42f95f66435ba2419564c309d6dd391) Importer(815301076,1909f56bfc062723c751e8b465ee728b)
Number of updated assets reloaded before import = 0
Start importing Assets/TcgEngine/Sprites/Cards/extinct.png using Guid(f42f95f66435ba2419564c309d6dd391) Importer(815301076,1909f56bfc062723c751e8b465ee728b)  -> (artifact id: 'c0b5ab582ba15b610534afb2d8c9c16b') in 0.128913 seconds 
Number of asset objects unloaded after import = 3
========================================================================
Received Import Request.
  Time since last request: 0.000041 seconds.
  path: Assets/TcgEngine/Sprites/Avatar/falcon.png
  artifactKey: Guid(6b016939c935e7c4eb6acb09e2c44515) Importer(815301076,1909f56bfc062723c751e8b465ee728b)
Number of updated assets reloaded before import = 0
Start importing Assets/TcgEngine/Sprites/Avatar/falcon.png using Guid(6b016939c935e7c4eb6acb09e2c44515) Importer(815301076,1909f56bfc062723c751e8b465ee728b)  -> (artifact id: '1507a3e27fd7a951fce158c4174d8bd8') in 0.055947 seconds 
Number of asset objects unloaded after import = 3
========================================================================
Received Import Request.
  Time since last request: 0.000020 seconds.
  path: Assets/TcgEngine/Sprites/CardsBoard/fire_sword_board.png
  artifactKey: Guid(2df1830440a502b429d62d06aba24704) Importer(815301076,1909f56bfc062723c751e8b465ee728b)
Number of updated assets reloaded before import = 0
Start importing Assets/TcgEngine/Sprites/CardsBoard/fire_sword_board.png using Guid(2df1830440a502b429d62d06aba24704) Importer(815301076,1909f56bfc062723c751e8b465ee728b)  -> (artifact id: '701811477320ccedd12a1e267086f4ce') in 0.050645 seconds 
Number of asset objects unloaded after import = 3
========================================================================
Received Import Request.
  Time since last request: 0.000017 seconds.
  path: Assets/TcgEngine/Sprites/Cards/firefox.png
  artifactKey: Guid(d2ec197d4022ca94d8dc1ee2d7eda955) Importer(815301076,1909f56bfc062723c751e8b465ee728b)
Number of updated assets reloaded before import = 0
Start importing Assets/TcgEngine/Sprites/Cards/firefox.png using Guid(d2ec197d4022ca94d8dc1ee2d7eda955) Importer(815301076,1909f56bfc062723c751e8b465ee728b)  -> (artifact id: '5c7a8f34a5b97685cec899ff8d6ab8ea') in 0.118939 seconds 
Number of asset objects unloaded after import = 3
========================================================================
Received Import Request.
  Time since last request: 0.000035 seconds.
  path: Assets/TcgEngine/Sprites/Cards/fire_horse.png
  artifactKey: Guid(3f996c8e57a34b046b26c0e702f6ec10) Importer(815301076,1909f56bfc062723c751e8b465ee728b)
Number of updated assets reloaded before import = 0
Start importing Assets/TcgEngine/Sprites/Cards/fire_horse.png using Guid(3f996c8e57a34b046b26c0e702f6ec10) Importer(815301076,1909f56bfc062723c751e8b465ee728b)  -> (artifact id: '934974584c73988944607e8ca06a8a02') in 0.127086 seconds 
Number of asset objects unloaded after import = 3
========================================================================
Received Import Request.
  Time since last request: 8.303681 seconds.
  path: Assets/TcgEngine/Sprites/CardsBoard/firefox_board.png
  artifactKey: Guid(c3ac28cd1113c594ebe11a5f70251135) Importer(815301076,1909f56bfc062723c751e8b465ee728b)
Number of updated assets reloaded before import = 0
Start importing Assets/TcgEngine/Sprites/CardsBoard/firefox_board.png using Guid(c3ac28cd1113c594ebe11a5f70251135) Importer(815301076,1909f56bfc062723c751e8b465ee728b)  -> (artifact id: '3c4c9f7474421d0b3bd35c789e09e0c2') in 0.097883 seconds 
Number of asset objects unloaded after import = 3
========================================================================
Received Import Request.
  Time since last request: 0.000019 seconds.
  path: Assets/TcgEngine/Sprites/Menu/friend_name_bar.png
  artifactKey: Guid(506b26c461478814e95733de7ec50dd2) Importer(815301076,1909f56bfc062723c751e8b465ee728b)
Number of updated assets reloaded before import = 0
Start importing Assets/TcgEngine/Sprites/Menu/friend_name_bar.png using Guid(506b26c461478814e95733de7ec50dd2) Importer(815301076,1909f56bfc062723c751e8b465ee728b)  -> (artifact id: '6659dc0a677e76b9617a528fc82a81ad') in 0.040224 seconds 
Number of asset objects unloaded after import = 3
========================================================================
Received Import Request.
  Time since last request: 0.000039 seconds.
  path: Assets/TcgEngine/Sprites/CardsBoard/frog_board.png
  artifactKey: Guid(d5061174448f5ae44a0044ca206cea88) Importer(815301076,1909f56bfc062723c751e8b465ee728b)
Number of updated assets reloaded before import = 0
Start importing Assets/TcgEngine/Sprites/CardsBoard/frog_board.png using Guid(d5061174448f5ae44a0044ca206cea88) Importer(815301076,1909f56bfc062723c751e8b465ee728b)  -> (artifact id: 'bbe97db8aeb8e7e63fc9066cec60c774') in 0.092023 seconds 
Number of asset objects unloaded after import = 3
========================================================================
Received Import Request.
  Time since last request: 0.000023 seconds.
  path: Assets/TownManagement/City Builder Template/Textures/Atlases/ui/glow.png
  artifactKey: Guid(f42d8ba1af0da4fb2850d576c93b6350) Importer(815301076,1909f56bfc062723c751e8b465ee728b)
Number of updated assets reloaded before import = 0
Start importing Assets/TownManagement/City Builder Template/Textures/Atlases/ui/glow.png using Guid(f42d8ba1af0da4fb2850d576c93b6350) Importer(815301076,1909f56bfc062723c751e8b465ee728b)  -> (artifact id: '01af019d7d07acb8b2ec5d25cab444dc') in 0.051486 seconds 
Number of asset objects unloaded after import = 3
========================================================================
Received Import Request.
  Time since last request: 0.000024 seconds.
  path: Assets/TcgEngine/Sprites/Menu/friend_avatar_frame.png
  artifactKey: Guid(8cfefe9cb2603c24fa162e2af0ae4abc) Importer(815301076,1909f56bfc062723c751e8b465ee728b)
Number of updated assets reloaded before import = 0
Start importing Assets/TcgEngine/Sprites/Menu/friend_avatar_frame.png using Guid(8cfefe9cb2603c24fa162e2af0ae4abc) Importer(815301076,1909f56bfc062723c751e8b465ee728b)  -> (artifact id: 'ec9469084ea383422748f478a250adc7') in 0.034776 seconds 
Number of asset objects unloaded after import = 3
========================================================================
Received Import Request.
  Time since last request: 0.000024 seconds.
  path: Assets/TcgEngine/Sprites/Cards/flood.png
  artifactKey: Guid(d07e338da4c4b3f4098954a1ce85b429) Importer(815301076,1909f56bfc062723c751e8b465ee728b)
Number of updated assets reloaded before import = 0
Start importing Assets/TcgEngine/Sprites/Cards/flood.png using Guid(d07e338da4c4b3f4098954a1ce85b429) Importer(815301076,1909f56bfc062723c751e8b465ee728b)  -> (artifact id: '4707c9e3c13b15d031670d458c9c7e73') in 0.120839 seconds 
Number of asset objects unloaded after import = 3
========================================================================
Received Import Request.
  Time since last request: 0.000041 seconds.
  path: Assets/TcgEngine/Sprites/Cards/hibernate.png
  artifactKey: Guid(3339b73563834724b892ec5aa394be35) Importer(815301076,1909f56bfc062723c751e8b465ee728b)
Number of updated assets reloaded before import = 0
Start importing Assets/TcgEngine/Sprites/Cards/hibernate.png using Guid(3339b73563834724b892ec5aa394be35) Importer(815301076,1909f56bfc062723c751e8b465ee728b)  -> (artifact id: 'b6609e4691faa925ae3858c83efbab0c') in 0.112977 seconds 
Number of asset objects unloaded after import = 3
========================================================================
Received Import Request.
  Time since last request: 0.000023 seconds.
  path: Assets/TcgEngine/Sprites/CardsBoard/hedgehog_board.png
  artifactKey: Guid(ecaeab818ccb2454ebe029168c1b8e3f) Importer(815301076,1909f56bfc062723c751e8b465ee728b)
Number of updated assets reloaded before import = 0
Start importing Assets/TcgEngine/Sprites/CardsBoard/hedgehog_board.png using Guid(ecaeab818ccb2454ebe029168c1b8e3f) Importer(815301076,1909f56bfc062723c751e8b465ee728b)  -> (artifact id: 'a5c7e7a70c4cb50f1c087853690d6f2f') in 0.094446 seconds 
Number of asset objects unloaded after import = 3
========================================================================
Received Import Request.
  Time since last request: 0.780711 seconds.
  path: Assets/TcgEngine/Sprites/Menu/home_panel_deck_area.png
  artifactKey: Guid(f4af5b94249bfa345858bae82ee962d6) Importer(815301076,1909f56bfc062723c751e8b465ee728b)
Number of updated assets reloaded before import = 0
Start importing Assets/TcgEngine/Sprites/Menu/home_panel_deck_area.png using Guid(f4af5b94249bfa345858bae82ee962d6) Importer(815301076,1909f56bfc062723c751e8b465ee728b)  -> (artifact id: '056d5c8d6eb64460e9257e36b8ab1a02') in 0.054236 seconds 
Number of asset objects unloaded after import = 3
========================================================================
Received Import Request.
  Time since last request: 0.000026 seconds.
  path: Assets/TcgEngine/Sprites/CardsBoard/kraken_board.png
  artifactKey: Guid(a7ef87091fb6a3247920caaebc079de4) Importer(815301076,1909f56bfc062723c751e8b465ee728b)
Number of updated assets reloaded before import = 0
Start importing Assets/TcgEngine/Sprites/CardsBoard/kraken_board.png using Guid(a7ef87091fb6a3247920caaebc079de4) Importer(815301076,1909f56bfc062723c751e8b465ee728b)  -> (artifact id: '69c99eaf478a09bf39d92393faba8737') in 0.083636 seconds 
Number of asset objects unloaded after import = 3
========================================================================
Received Import Request.
  Time since last request: 0.000023 seconds.
  path: Assets/TcgEngine/Sprites/FX/leaf_fx.png
  artifactKey: Guid(52fbc0d50069d3f4d8cf1de3361d84f7) Importer(815301076,1909f56bfc062723c751e8b465ee728b)
Number of updated assets reloaded before import = 0
Start importing Assets/TcgEngine/Sprites/FX/leaf_fx.png using Guid(52fbc0d50069d3f4d8cf1de3361d84f7) Importer(815301076,1909f56bfc062723c751e8b465ee728b)  -> (artifact id: '0591a09b027cee2656316957c9675c3d') in 0.039890 seconds 
Number of asset objects unloaded after import = 3
========================================================================
Received Import Request.
  Time since last request: 0.000020 seconds.
  path: Assets/TcgEngine/Sprites/Menu/leaderboard_highlight.png
  artifactKey: Guid(7d73cfa39eadeea498a11592180ef7d0) Importer(815301076,1909f56bfc062723c751e8b465ee728b)
Number of updated assets reloaded before import = 0
Start importing Assets/TcgEngine/Sprites/Menu/leaderboard_highlight.png using Guid(7d73cfa39eadeea498a11592180ef7d0) Importer(815301076,1909f56bfc062723c751e8b465ee728b)  -> (artifact id: 'a74746413862637843c57a9fdcdb74e3') in 0.034375 seconds 
Number of asset objects unloaded after import = 3
========================================================================
Received Import Request.
  Time since last request: 0.000020 seconds.
  path: Assets/TcgEngine/Sprites/Cards/imp.png
  artifactKey: Guid(e74d128a608ae4c449e33aaf6449ee5e) Importer(815301076,1909f56bfc062723c751e8b465ee728b)
Number of updated assets reloaded before import = 0
Start importing Assets/TcgEngine/Sprites/Cards/imp.png using Guid(e74d128a608ae4c449e33aaf6449ee5e) Importer(815301076,1909f56bfc062723c751e8b465ee728b)  -> (artifact id: '05b958b1d39def9e0a7921b48347a63c') in 0.113693 seconds 
Number of asset objects unloaded after import = 3
========================================================================
Received Import Request.
  Time since last request: 0.000022 seconds.
  path: Assets/TcgEngine/Sprites/CardsBoard/killer_whale_board.png
  artifactKey: Guid(e8ea4a3e7122f6a439408b245cf19136) Importer(815301076,1909f56bfc062723c751e8b465ee728b)
Number of updated assets reloaded before import = 0
Start importing Assets/TcgEngine/Sprites/CardsBoard/killer_whale_board.png using Guid(e8ea4a3e7122f6a439408b245cf19136) Importer(815301076,1909f56bfc062723c751e8b465ee728b)  -> (artifact id: '8041fb1f57be2a0d00af11eac5fe79d2') in 0.085744 seconds 
Number of asset objects unloaded after import = 3
========================================================================
Received Import Request.
  Time since last request: 0.000029 seconds.
  path: Assets/TcgEngine/Sprites/CardsBoard/lava_snake_board.png
  artifactKey: Guid(322637c9c966cd24dab8b9e27ef6e16f) Importer(815301076,1909f56bfc062723c751e8b465ee728b)
Number of updated assets reloaded before import = 0
Start importing Assets/TcgEngine/Sprites/CardsBoard/lava_snake_board.png using Guid(322637c9c966cd24dab8b9e27ef6e16f) Importer(815301076,1909f56bfc062723c751e8b465ee728b)  -> (artifact id: '8d62a4b170e568dd91953e303d55aa54') in 0.087462 seconds 
Number of asset objects unloaded after import = 3
========================================================================
Received Import Request.
  Time since last request: 0.000022 seconds.
  path: Assets/TcgEngine/Sprites/CardsBoard/jaguar_board.png
  artifactKey: Guid(6f513f9e26b32a44c9d41d3a5cf16843) Importer(815301076,1909f56bfc062723c751e8b465ee728b)
Number of updated assets reloaded before import = 0
Start importing Assets/TcgEngine/Sprites/CardsBoard/jaguar_board.png using Guid(6f513f9e26b32a44c9d41d3a5cf16843) Importer(815301076,1909f56bfc062723c751e8b465ee728b)  -> (artifact id: 'cd36f543a5084a7743a37cedb763c29e') in 0.085783 seconds 
Number of asset objects unloaded after import = 3
========================================================================
Received Import Request.
  Time since last request: 1.180282 seconds.
  path: Assets/TcgEngine/Sprites/FX/lightning.png
  artifactKey: Guid(81b4bf605a3c3db47bac6ff9353a2e70) Importer(815301076,1909f56bfc062723c751e8b465ee728b)
Number of updated assets reloaded before import = 0
Start importing Assets/TcgEngine/Sprites/FX/lightning.png using Guid(81b4bf605a3c3db47bac6ff9353a2e70) Importer(815301076,1909f56bfc062723c751e8b465ee728b)  -> (artifact id: 'a3c4fe1187bd428a8e64069ae756da32') in 0.042807 seconds 
Number of asset objects unloaded after import = 3
========================================================================
Received Import Request.
  Time since last request: 0.000017 seconds.
  path: Assets/TcgEngine/Sprites/logo.png
  artifactKey: Guid(ff89d163486cdba4297fcbae0f36de86) Importer(815301076,1909f56bfc062723c751e8b465ee728b)
Number of updated assets reloaded before import = 0
Start importing Assets/TcgEngine/Sprites/logo.png using Guid(ff89d163486cdba4297fcbae0f36de86) Importer(815301076,1909f56bfc062723c751e8b465ee728b)  -> (artifact id: '5f38f39a837de5fae3fc5318c81c3a28') in 0.030192 seconds 
Number of asset objects unloaded after import = 3
========================================================================
Received Import Request.
  Time since last request: 0.000025 seconds.
  path: Assets/TcgEngine/Sprites/Cards/mammoth.png
  artifactKey: Guid(81313c76fc0ffa1448298d6baa3d02a5) Importer(815301076,1909f56bfc062723c751e8b465ee728b)
Number of updated assets reloaded before import = 0
Start importing Assets/TcgEngine/Sprites/Cards/mammoth.png using Guid(81313c76fc0ffa1448298d6baa3d02a5) Importer(815301076,1909f56bfc062723c751e8b465ee728b)  -> (artifact id: 'dc5816717a96b529bf6bde64488b2587') in 0.109654 seconds 
Number of asset objects unloaded after import = 3
========================================================================
Received Import Request.
  Time since last request: 78.451948 seconds.
  path: Assets/TcgEngine/Sprites/CardsBoard/mammoth_board.png
  artifactKey: Guid(1133f890fc2040a4aaeeb80d88520b18) Importer(815301076,1909f56bfc062723c751e8b465ee728b)
Number of updated assets reloaded before import = 0
Start importing Assets/TcgEngine/Sprites/CardsBoard/mammoth_board.png using Guid(1133f890fc2040a4aaeeb80d88520b18) Importer(815301076,1909f56bfc062723c751e8b465ee728b)  -> (artifact id: '7cf02825ffd5a984db8c1e8ea763a962') in 0.093575 seconds 
Number of asset objects unloaded after import = 3
========================================================================
Received Import Request.
  Time since last request: 0.000018 seconds.
  path: Assets/TcgEngine/Sprites/CardsBoard/pheonix_board.png
  artifactKey: Guid(839a8c3d27c865143b7435f418dc5fe1) Importer(815301076,1909f56bfc062723c751e8b465ee728b)
Number of updated assets reloaded before import = 0
Start importing Assets/TcgEngine/Sprites/CardsBoard/pheonix_board.png using Guid(839a8c3d27c865143b7435f418dc5fe1) Importer(815301076,1909f56bfc062723c751e8b465ee728b)  -> (artifact id: '98dfbf32bd3249280c552989e3b037a3') in 0.091301 seconds 
Number of asset objects unloaded after import = 3
========================================================================
Received Import Request.
  Time since last request: 0.000016 seconds.
  path: Assets/TcgEngine/Sprites/Menu/play_turtle2.png
  artifactKey: Guid(5ae5ff374908a0040a30ee6f4338bd73) Importer(815301076,1909f56bfc062723c751e8b465ee728b)
Number of updated assets reloaded before import = 0
Start importing Assets/TcgEngine/Sprites/Menu/play_turtle2.png using Guid(5ae5ff374908a0040a30ee6f4338bd73) Importer(815301076,1909f56bfc062723c751e8b465ee728b)  -> (artifact id: 'f0230d29116fcebe2b4df3589ddf66ab') in 0.030334 seconds 
Number of asset objects unloaded after import = 3
========================================================================
Received Import Request.
  Time since last request: 0.000025 seconds.
  path: Assets/TcgEngine/Sprites/Menu/play_turtle2_off.png
  artifactKey: Guid(518212775e6b0354aacc5bb72b403038) Importer(815301076,1909f56bfc062723c751e8b465ee728b)
Number of updated assets reloaded before import = 0
Start importing Assets/TcgEngine/Sprites/Menu/play_turtle2_off.png using Guid(518212775e6b0354aacc5bb72b403038) Importer(815301076,1909f56bfc062723c751e8b465ee728b)  -> (artifact id: '3d429b01c772347518894ee79e14ae3c') in 0.027504 seconds 
Number of asset objects unloaded after import = 3
========================================================================
Received Import Request.
  Time since last request: 0.000018 seconds.
  path: Assets/TcgEngine/Sprites/Cards/owl.png
  artifactKey: Guid(212af19a6da6d724ca7f5c132e5e0ab0) Importer(815301076,1909f56bfc062723c751e8b465ee728b)
Number of updated assets reloaded before import = 0
Start importing Assets/TcgEngine/Sprites/Cards/owl.png using Guid(212af19a6da6d724ca7f5c132e5e0ab0) Importer(815301076,1909f56bfc062723c751e8b465ee728b)  -> (artifact id: 'aa3c45c3540c569d6785a4b0bda2be62') in 0.104489 seconds 
Number of asset objects unloaded after import = 3
========================================================================
Received Import Request.
  Time since last request: 0.000021 seconds.
  path: Assets/TcgEngine/Sprites/CardsBoard/owl_board.png
  artifactKey: Guid(ae0882114f0ef6042ad3f7e7b57c15ba) Importer(815301076,1909f56bfc062723c751e8b465ee728b)
Number of updated assets reloaded before import = 0
Start importing Assets/TcgEngine/Sprites/CardsBoard/owl_board.png using Guid(ae0882114f0ef6042ad3f7e7b57c15ba) Importer(815301076,1909f56bfc062723c751e8b465ee728b)  -> (artifact id: '99a3d8d7da0ebdf7f8dfc7ac4c9e6a19') in 0.085677 seconds 
Number of asset objects unloaded after import = 3
========================================================================
Received Import Request.
  Time since last request: 0.000022 seconds.
  path: Assets/TownManagement/City Builder Template/Textures/Atlases/ui/panel_normal.png
  artifactKey: Guid(7e607ea106b544a32aca61cb81b20adf) Importer(815301076,1909f56bfc062723c751e8b465ee728b)
Number of updated assets reloaded before import = 0
Start importing Assets/TownManagement/City Builder Template/Textures/Atlases/ui/panel_normal.png using Guid(7e607ea106b544a32aca61cb81b20adf) Importer(815301076,1909f56bfc062723c751e8b465ee728b)  -> (artifact id: '482864e396bd9dfad4beff8a2b5a7030') in 0.029349 seconds 
Number of asset objects unloaded after import = 3
========================================================================
Received Import Request.
  Time since last request: 0.000030 seconds.
  path: Assets/TcgEngine/Sprites/Cards/pheonix_egg.png
  artifactKey: Guid(6d8258dd15f2aab4c953bc3f153a779c) Importer(815301076,1909f56bfc062723c751e8b465ee728b)
Number of updated assets reloaded before import = 0
Start importing Assets/TcgEngine/Sprites/Cards/pheonix_egg.png using Guid(6d8258dd15f2aab4c953bc3f153a779c) Importer(815301076,1909f56bfc062723c751e8b465ee728b)  -> (artifact id: 'cc4c26d51aa7e8cb11f93c8053c78bb8') in 0.120810 seconds 
Number of asset objects unloaded after import = 3
========================================================================
Received Import Request.
  Time since last request: 0.000018 seconds.
  path: Assets/TcgEngine/Sprites/Icons/rarity_mythic.png
  artifactKey: Guid(4dfc1032f5a1dcd40af51d4063ae8df1) Importer(815301076,1909f56bfc062723c751e8b465ee728b)
Number of updated assets reloaded before import = 0
Start importing Assets/TcgEngine/Sprites/Icons/rarity_mythic.png using Guid(4dfc1032f5a1dcd40af51d4063ae8df1) Importer(815301076,1909f56bfc062723c751e8b465ee728b)  -> (artifact id: '5414a8d02afdbe90331eaa176abb050a') in 0.054166 seconds 
Number of asset objects unloaded after import = 3
========================================================================
Received Import Request.
  Time since last request: 0.000019 seconds.
  path: Assets/TcgEngine/Sprites/Icons/rarity_common.png
  artifactKey: Guid(ffa5168f6d4abf542af1d78a1809708b) Importer(815301076,1909f56bfc062723c751e8b465ee728b)
Number of updated assets reloaded before import = 0
Start importing Assets/TcgEngine/Sprites/Icons/rarity_common.png using Guid(ffa5168f6d4abf542af1d78a1809708b) Importer(815301076,1909f56bfc062723c751e8b465ee728b)  -> (artifact id: '996d676679ae9ba8cdc56c3f8ea586d1') in 0.047976 seconds 
Number of asset objects unloaded after import = 3
========================================================================
Received Import Request.
  Time since last request: 0.000090 seconds.
  path: Assets/TcgEngine/Sprites/Cards/potion_blue.png
  artifactKey: Guid(61ea4cc78589cad4e9f44b123557240d) Importer(815301076,1909f56bfc062723c751e8b465ee728b)
Number of updated assets reloaded before import = 0
Start importing Assets/TcgEngine/Sprites/Cards/potion_blue.png using Guid(61ea4cc78589cad4e9f44b123557240d) Importer(815301076,1909f56bfc062723c751e8b465ee728b)  -> (artifact id: '276e25a39921eed50945528c776c909e') in 0.117309 seconds 
Number of asset objects unloaded after import = 3
========================================================================
Received Import Request.
  Time since last request: 0.000030 seconds.
  path: Assets/TcgEngine/Sprites/CardsBoard/octopus_board.png
  artifactKey: Guid(c1f252f09e61cb2498c48be274be348f) Importer(815301076,1909f56bfc062723c751e8b465ee728b)
Number of updated assets reloaded before import = 0
Start importing Assets/TcgEngine/Sprites/CardsBoard/octopus_board.png using Guid(c1f252f09e61cb2498c48be274be348f) Importer(815301076,1909f56bfc062723c751e8b465ee728b)  -> (artifact id: 'bb20ae33a4ca60146e99c7e948b255e9') in 0.097047 seconds 
Number of asset objects unloaded after import = 3
========================================================================
Received Import Request.
  Time since last request: 0.000019 seconds.
  path: Assets/TcgEngine/Sprites/CardsBoard/pheonix_egg_board.png
  artifactKey: Guid(ddca84ba252385348ab499692aa2f163) Importer(815301076,1909f56bfc062723c751e8b465ee728b)
Number of updated assets reloaded before import = 0
Start importing Assets/TcgEngine/Sprites/CardsBoard/pheonix_egg_board.png using Guid(ddca84ba252385348ab499692aa2f163) Importer(815301076,1909f56bfc062723c751e8b465ee728b)  -> (artifact id: '07d89d172966530509328b93b663adcc') in 0.098665 seconds 
Number of asset objects unloaded after import = 3
========================================================================
Received Import Request.
  Time since last request: 0.000033 seconds.
  path: Assets/TownManagement/City Builder Template/Textures/Atlases/ui/progress_bar_filler.png
  artifactKey: Guid(ae761e06e180b4634b8be17dbbae9e0e) Importer(815301076,1909f56bfc062723c751e8b465ee728b)
Number of updated assets reloaded before import = 0
Start importing Assets/TownManagement/City Builder Template/Textures/Atlases/ui/progress_bar_filler.png using Guid(ae761e06e180b4634b8be17dbbae9e0e) Importer(815301076,1909f56bfc062723c751e8b465ee728b)  -> (artifact id: '62c630e7c2adf118d00a6b3880746452') in 0.030182 seconds 
Number of asset objects unloaded after import = 3
========================================================================
Received Import Request.
  Time since last request: 0.000023 seconds.
  path: Assets/TcgEngine/Sprites/Cards/octopus.png
  artifactKey: Guid(d56559e20ee05084796b679b85627fb6) Importer(815301076,1909f56bfc062723c751e8b465ee728b)
Number of updated assets reloaded before import = 0
Start importing Assets/TcgEngine/Sprites/Cards/octopus.png using Guid(d56559e20ee05084796b679b85627fb6) Importer(815301076,1909f56bfc062723c751e8b465ee728b)  -> (artifact id: '61c2a391a428f2f333cdc91b04c2c8f7') in 0.118324 seconds 
Number of asset objects unloaded after import = 3
========================================================================
Received Import Request.
  Time since last request: 0.000016 seconds.
  path: Assets/TownManagement/City Builder Template/Textures/Atlases/ui/progress_bar_bg.png
  artifactKey: Guid(f52576ea99aff4c8e9b302275685c6f1) Importer(815301076,1909f56bfc062723c751e8b465ee728b)
Number of updated assets reloaded before import = 0
Start importing Assets/TownManagement/City Builder Template/Textures/Atlases/ui/progress_bar_bg.png using Guid(f52576ea99aff4c8e9b302275685c6f1) Importer(815301076,1909f56bfc062723c751e8b465ee728b)  -> (artifact id: '6b6cab85bf293e32e31a1f9fcca97fdb') in 0.028036 seconds 
Number of asset objects unloaded after import = 3
========================================================================
Received Import Request.
  Time since last request: 0.000016 seconds.
  path: Assets/TcgEngine/Sprites/CardsBoard/raccoon_board.png
  artifactKey: Guid(5c7ad24f1fcbb7a4d9d4e1a1c7265dc8) Importer(815301076,1909f56bfc062723c751e8b465ee728b)
Number of updated assets reloaded before import = 0
Start importing Assets/TcgEngine/Sprites/CardsBoard/raccoon_board.png using Guid(5c7ad24f1fcbb7a4d9d4e1a1c7265dc8) Importer(815301076,1909f56bfc062723c751e8b465ee728b)  -> (artifact id: '0ab7d4c0856e65b20337455d4d52a742') in 0.091854 seconds 
Number of asset objects unloaded after import = 3
========================================================================
Received Import Request.
  Time since last request: 0.000024 seconds.
  path: Assets/TcgEngine/Sprites/CardsBoard/monkey_board.png
  artifactKey: Guid(e1cd43e2308a171449a52e28ddf2e3e6) Importer(815301076,1909f56bfc062723c751e8b465ee728b)
Number of updated assets reloaded before import = 0
Start importing Assets/TcgEngine/Sprites/CardsBoard/monkey_board.png using Guid(e1cd43e2308a171449a52e28ddf2e3e6) Importer(815301076,1909f56bfc062723c751e8b465ee728b)  -> (artifact id: 'bbec2a5590a1790ed2a00aa77473ffa1') in 0.090843 seconds 
Number of asset objects unloaded after import = 3
========================================================================
Received Import Request.
  Time since last request: 0.000023 seconds.
  path: Assets/TownManagement/City Builder Template/Textures/Atlases/ui/panel1.png
  artifactKey: Guid(581a3868e8fc74861ac1c58355521e88) Importer(815301076,1909f56bfc062723c751e8b465ee728b)
Number of updated assets reloaded before import = 0
Start importing Assets/TownManagement/City Builder Template/Textures/Atlases/ui/panel1.png using Guid(581a3868e8fc74861ac1c58355521e88) Importer(815301076,1909f56bfc062723c751e8b465ee728b)  -> (artifact id: '1c36a5d9c53551bfd83ebfe01b547eca') in 0.045148 seconds 
Number of asset objects unloaded after import = 3
========================================================================
Received Import Request.
  Time since last request: 0.000023 seconds.
  path: Assets/TcgEngine/Sprites/Cards/pheonix.png
  artifactKey: Guid(083800ad47cf58a428fa510833a47af4) Importer(815301076,1909f56bfc062723c751e8b465ee728b)
Number of updated assets reloaded before import = 0
Start importing Assets/TcgEngine/Sprites/Cards/pheonix.png using Guid(083800ad47cf58a428fa510833a47af4) Importer(815301076,1909f56bfc062723c751e8b465ee728b)  -> (artifact id: '94200b7442269654b45bc787ac3696e0') in 0.135186 seconds 
Number of asset objects unloaded after import = 3
========================================================================
Received Import Request.
  Time since last request: 0.000015 seconds.
  path: Assets/TcgEngine/Sprites/Cards/potion_green.png
  artifactKey: Guid(dc0a5320167a5d84299c9600c8f3d259) Importer(815301076,1909f56bfc062723c751e8b465ee728b)
Number of updated assets reloaded before import = 0
Start importing Assets/TcgEngine/Sprites/Cards/potion_green.png using Guid(dc0a5320167a5d84299c9600c8f3d259) Importer(815301076,1909f56bfc062723c751e8b465ee728b)  -> (artifact id: '1526252c7b3d0530f2f429ad21aa5713') in 0.122022 seconds 
Number of asset objects unloaded after import = 3
========================================================================
Received Import Request.
  Time since last request: 0.000022 seconds.
  path: Assets/TcgEngine/Sprites/Menu/play-turtle-off.png
  artifactKey: Guid(fa7aa044f86b0f042a96680e87db4351) Importer(815301076,1909f56bfc062723c751e8b465ee728b)
Number of updated assets reloaded before import = 0
Start importing Assets/TcgEngine/Sprites/Menu/play-turtle-off.png using Guid(fa7aa044f86b0f042a96680e87db4351) Importer(815301076,1909f56bfc062723c751e8b465ee728b)  -> (artifact id: 'fa748f461559eb051b15447546728610') in 0.042504 seconds 
Number of asset objects unloaded after import = 3
========================================================================
Received Import Request.
  Time since last request: 0.000029 seconds.
  path: Assets/TcgEngine/Sprites/Icons/rarity_uncommon.png
  artifactKey: Guid(9f37352d7960b0542887850dd5940a62) Importer(815301076,1909f56bfc062723c751e8b465ee728b)
Number of updated assets reloaded before import = 0
Start importing Assets/TcgEngine/Sprites/Icons/rarity_uncommon.png using Guid(9f37352d7960b0542887850dd5940a62) Importer(815301076,1909f56bfc062723c751e8b465ee728b)  -> (artifact id: '7e9bdc296e6dec74142b26ffdc3257e8') in 0.042898 seconds 
Number of asset objects unloaded after import = 3
========================================================================
Received Import Request.
  Time since last request: 0.425757 seconds.
  path: Assets/TcgEngine/Sprites/FX/ray.png
  artifactKey: Guid(01e5461c918b51e44a756e6eecde9467) Importer(815301076,1909f56bfc062723c751e8b465ee728b)
Number of updated assets reloaded before import = 0
Start importing Assets/TcgEngine/Sprites/FX/ray.png using Guid(01e5461c918b51e44a756e6eecde9467) Importer(815301076,1909f56bfc062723c751e8b465ee728b)  -> (artifact id: 'e4dcb51d9849a98859cd8301b3a280cc') in 0.038493 seconds 
Number of asset objects unloaded after import = 3
========================================================================
Received Import Request.
  Time since last request: 0.000020 seconds.
  path: Assets/TcgEngine/Sprites/Cards/sasquatch.png
  artifactKey: Guid(5ead950ee3cbc5d4c8979120330038de) Importer(815301076,1909f56bfc062723c751e8b465ee728b)
Number of updated assets reloaded before import = 0
Start importing Assets/TcgEngine/Sprites/Cards/sasquatch.png using Guid(5ead950ee3cbc5d4c8979120330038de) Importer(815301076,1909f56bfc062723c751e8b465ee728b)  -> (artifact id: 'd3fbd2bda838087d29bb8e770bd4aa83') in 0.124297 seconds 
Number of asset objects unloaded after import = 3
========================================================================
Received Import Request.
  Time since last request: 0.000020 seconds.
  path: Assets/TownManagement/City Builder Template/Textures/Atlases/ui/remove_button.png
  artifactKey: Guid(0f9c44183cc9043ec9004905080fac31) Importer(815301076,1909f56bfc062723c751e8b465ee728b)
Number of updated assets reloaded before import = 0
Start importing Assets/TownManagement/City Builder Template/Textures/Atlases/ui/remove_button.png using Guid(0f9c44183cc9043ec9004905080fac31) Importer(815301076,1909f56bfc062723c751e8b465ee728b)  -> (artifact id: '06ca2e4a1f87faeb1d82b14af02267d1') in 0.033171 seconds 
Number of asset objects unloaded after import = 3
========================================================================
Received Import Request.
  Time since last request: 0.000028 seconds.
  path: Assets/TcgEngine/Sprites/FX/root_entangle_fx.png
  artifactKey: Guid(419aa3f501c806546beb441c7705a125) Importer(815301076,1909f56bfc062723c751e8b465ee728b)
Number of updated assets reloaded before import = 0
Start importing Assets/TcgEngine/Sprites/FX/root_entangle_fx.png using Guid(419aa3f501c806546beb441c7705a125) Importer(815301076,1909f56bfc062723c751e8b465ee728b)  -> (artifact id: 'fd405f7b1e89865d914d05ab9caa1e48') in 0.080968 seconds 
Number of asset objects unloaded after import = 3
========================================================================
Received Import Request.
  Time since last request: 0.000013 seconds.
  path: Assets/TownManagement/City Builder Template/Textures/Atlases/ui/result_panel.png
  artifactKey: Guid(daa23fdb4e2a74a629cc48384a91f6ad) Importer(815301076,1909f56bfc062723c751e8b465ee728b)
Number of updated assets reloaded before import = 0
Start importing Assets/TownManagement/City Builder Template/Textures/Atlases/ui/result_panel.png using Guid(daa23fdb4e2a74a629cc48384a91f6ad) Importer(815301076,1909f56bfc062723c751e8b465ee728b)  -> (artifact id: '9326dada37375b06df447faf83bd82fe') in 0.030632 seconds 
Number of asset objects unloaded after import = 3
========================================================================
Received Import Request.
  Time since last request: 0.000018 seconds.
  path: Assets/TcgEngine/Sprites/Cards/sea_monster.png
  artifactKey: Guid(be765d1eb1d2a614b9dea6be103de5bd) Importer(815301076,1909f56bfc062723c751e8b465ee728b)
Number of updated assets reloaded before import = 0
Start importing Assets/TcgEngine/Sprites/Cards/sea_monster.png using Guid(be765d1eb1d2a614b9dea6be103de5bd) Importer(815301076,1909f56bfc062723c751e8b465ee728b)  -> (artifact id: 'e3d4bbbfbaf74da96947719893b18bec') in 0.107430 seconds 
Number of asset objects unloaded after import = 3
========================================================================
Received Import Request.
  Time since last request: 0.000017 seconds.
  path: Assets/TcgEngine/Sprites/Cards/ring.png
  artifactKey: Guid(d2daf6c62360a9f48bfffed30762e9c9) Importer(815301076,1909f56bfc062723c751e8b465ee728b)
Number of updated assets reloaded before import = 0
Start importing Assets/TcgEngine/Sprites/Cards/ring.png using Guid(d2daf6c62360a9f48bfffed30762e9c9) Importer(815301076,1909f56bfc062723c751e8b465ee728b)  -> (artifact id: '88e750b568305444d93f396f46962322') in 0.101506 seconds 
Number of asset objects unloaded after import = 3
========================================================================
Received Import Request.
  Time since last request: 2.080022 seconds.
  path: Assets/TcgEngine/Sprites/CardsBoard/sea_monster_board.png
  artifactKey: Guid(96402080ce8ff8e4689baa91e28fe07b) Importer(815301076,1909f56bfc062723c751e8b465ee728b)
Number of updated assets reloaded before import = 0
Start importing Assets/TcgEngine/Sprites/CardsBoard/sea_monster_board.png using Guid(96402080ce8ff8e4689baa91e28fe07b) Importer(815301076,1909f56bfc062723c751e8b465ee728b)  -> (artifact id: '59d3f6cc5bb94270e83a950826991ab0') in 0.086708 seconds 
Number of asset objects unloaded after import = 3
========================================================================
Received Import Request.
  Time since last request: 0.000015 seconds.
  path: Assets/TcgEngine/Sprites/CardsBoard/shield_board.png
  artifactKey: Guid(efcc4c8de5003a5479b49e778ff5c83e) Importer(815301076,1909f56bfc062723c751e8b465ee728b)
Number of updated assets reloaded before import = 0
Start importing Assets/TcgEngine/Sprites/CardsBoard/shield_board.png using Guid(efcc4c8de5003a5479b49e778ff5c83e) Importer(815301076,1909f56bfc062723c751e8b465ee728b)  -> (artifact id: '4ef0404af8180db1ca6c5c140af8bd1d') in 0.056274 seconds 
Number of asset objects unloaded after import = 3
========================================================================
Received Import Request.
  Time since last request: 0.000033 seconds.
  path: Assets/TcgEngine/Sprites/Icons/secret_icon.png
  artifactKey: Guid(074de24df1289b44a977d452dca7ce2a) Importer(815301076,1909f56bfc062723c751e8b465ee728b)
Number of updated assets reloaded before import = 0
Start importing Assets/TcgEngine/Sprites/Icons/secret_icon.png using Guid(074de24df1289b44a977d452dca7ce2a) Importer(815301076,1909f56bfc062723c751e8b465ee728b)  -> (artifact id: '7718a20919745f7666e75870563545be') in 0.026411 seconds 
Number of asset objects unloaded after import = 3
========================================================================
Received Import Request.
  Time since last request: 0.000041 seconds.
  path: Assets/TcgEngine/Sprites/Cards/spirit_fire.png
  artifactKey: Guid(7699cccd52686144db4e7915c70e7a67) Importer(815301076,1909f56bfc062723c751e8b465ee728b)
Number of updated assets reloaded before import = 0
Start importing Assets/TcgEngine/Sprites/Cards/spirit_fire.png using Guid(7699cccd52686144db4e7915c70e7a67) Importer(815301076,1909f56bfc062723c751e8b465ee728b)  -> (artifact id: '91a4f973644b1ce635b212c8b70cdc75') in 0.127663 seconds 
Number of asset objects unloaded after import = 3
========================================================================
Received Import Request.
  Time since last request: 0.000145 seconds.
  path: Assets/TcgEngine/Sprites/FX/slash.png
  artifactKey: Guid(119961a9ce224f440987cb1b2bbec301) Importer(815301076,1909f56bfc062723c751e8b465ee728b)
Number of updated assets reloaded before import = 0
Start importing Assets/TcgEngine/Sprites/FX/slash.png using Guid(119961a9ce224f440987cb1b2bbec301) Importer(815301076,1909f56bfc062723c751e8b465ee728b)  -> (artifact id: '573fdd493ff25e353c198f1ee112e246') in 0.054837 seconds 
Number of asset objects unloaded after import = 3
========================================================================
Received Import Request.
  Time since last request: 0.000025 seconds.
  path: Assets/TcgEngine/Sprites/FX/star2.png
  artifactKey: Guid(a3dc179e08313194fb2b310dcde3109f) Importer(815301076,1909f56bfc062723c751e8b465ee728b)
Number of updated assets reloaded before import = 0
Start importing Assets/TcgEngine/Sprites/FX/star2.png using Guid(a3dc179e08313194fb2b310dcde3109f) Importer(815301076,1909f56bfc062723c751e8b465ee728b)  -> (artifact id: '108407cf3b58f37291587cd2fac08e85') in 0.041909 seconds 
Number of asset objects unloaded after import = 3
========================================================================
Received Import Request.
  Time since last request: 0.000018 seconds.
  path: Assets/TcgEngine/Sprites/Cards/stomp.png
  artifactKey: Guid(58bd7ee75c4b5784f83b94d750e24c1a) Importer(815301076,1909f56bfc062723c751e8b465ee728b)
Number of updated assets reloaded before import = 0
Start importing Assets/TcgEngine/Sprites/Cards/stomp.png using Guid(58bd7ee75c4b5784f83b94d750e24c1a) Importer(815301076,1909f56bfc062723c751e8b465ee728b)  -> (artifact id: 'cd1a8f0a2705358cc6ef662af0ce5bd6') in 0.120491 seconds 
Number of asset objects unloaded after import = 3
========================================================================
Received Import Request.
  Time since last request: 0.000028 seconds.
  path: Assets/TcgEngine/Sprites/Cards/snake.png
  artifactKey: Guid(26fdf69f03d65644b8cd961f59f33a40) Importer(815301076,1909f56bfc062723c751e8b465ee728b)
Number of updated assets reloaded before import = 0
Start importing Assets/TcgEngine/Sprites/Cards/snake.png using Guid(26fdf69f03d65644b8cd961f59f33a40) Importer(815301076,1909f56bfc062723c751e8b465ee728b)  -> (artifact id: 'fda862eb3b9f025107f54a3c3c9c6442') in 0.124032 seconds 
Number of asset objects unloaded after import = 3
========================================================================
Received Import Request.
  Time since last request: 0.000029 seconds.
  path: Assets/TownManagement/City Builder Template/Textures/Atlases/ui/star.png
  artifactKey: Guid(374aee9070e21409d8ca298b657e0076) Importer(815301076,1909f56bfc062723c751e8b465ee728b)
Number of updated assets reloaded before import = 0
Start importing Assets/TownManagement/City Builder Template/Textures/Atlases/ui/star.png using Guid(374aee9070e21409d8ca298b657e0076) Importer(815301076,1909f56bfc062723c751e8b465ee728b)  -> (artifact id: 'a7107ab2fb682ca4b636cf6838748311') in 0.031166 seconds 
Number of asset objects unloaded after import = 3
========================================================================
Received Import Request.
  Time since last request: 0.000027 seconds.
  path: Assets/TcgEngine/Sprites/Menu/tab_big_active.png
  artifactKey: Guid(a90c9f31aa6b7294c9e147225e5a1482) Importer(815301076,1909f56bfc062723c751e8b465ee728b)
Number of updated assets reloaded before import = 0
Start importing Assets/TcgEngine/Sprites/Menu/tab_big_active.png using Guid(a90c9f31aa6b7294c9e147225e5a1482) Importer(815301076,1909f56bfc062723c751e8b465ee728b)  -> (artifact id: 'd3ec9aa1a4707a4795105359b2422f88') in 0.037442 seconds 
Number of asset objects unloaded after import = 3
========================================================================
Received Import Request.
  Time since last request: 0.000018 seconds.
  path: Assets/TcgEngine/Sprites/Cards/trap_crack.png
  artifactKey: Guid(4d80d3e3e844f274e9048fa2cc51bd2b) Importer(815301076,1909f56bfc062723c751e8b465ee728b)
Number of updated assets reloaded before import = 0
Start importing Assets/TcgEngine/Sprites/Cards/trap_crack.png using Guid(4d80d3e3e844f274e9048fa2cc51bd2b) Importer(815301076,1909f56bfc062723c751e8b465ee728b)  -> (artifact id: 'df6353287e1456d8c11f87e47de2215e') in 0.115270 seconds 
Number of asset objects unloaded after import = 3
========================================================================
Received Import Request.
  Time since last request: 0.000027 seconds.
  path: Assets/TcgEngine/Sprites/Icons/type_water.png
  artifactKey: Guid(902c955805daa664683fc8908452e390) Importer(815301076,1909f56bfc062723c751e8b465ee728b)
Number of updated assets reloaded before import = 0
Start importing Assets/TcgEngine/Sprites/Icons/type_water.png using Guid(902c955805daa664683fc8908452e390) Importer(815301076,1909f56bfc062723c751e8b465ee728b)  -> (artifact id: '03b83aaf9a59f6204931d555166c8d86') in 0.033440 seconds 
Number of asset objects unloaded after import = 3
========================================================================
Received Import Request.
  Time since last request: 0.000024 seconds.
  path: Assets/TcgEngine/Sprites/Icons/type_fire_off.png
  artifactKey: Guid(e00132f1eba37df458a2ec31b64ce623) Importer(815301076,1909f56bfc062723c751e8b465ee728b)
Number of updated assets reloaded before import = 0
Start importing Assets/TcgEngine/Sprites/Icons/type_fire_off.png using Guid(e00132f1eba37df458a2ec31b64ce623) Importer(815301076,1909f56bfc062723c751e8b465ee728b)  -> (artifact id: '40f88d878f71023ecca5022f4605becf') in 0.027734 seconds 
Number of asset objects unloaded after import = 3
========================================================================
Received Import Request.
  Time since last request: 0.000028 seconds.
  path: Assets/TcgEngine/Sprites/Cards/town_underwater.png
  artifactKey: Guid(7fc0bfcbe3cb6f140814840245dda73b) Importer(815301076,1909f56bfc062723c751e8b465ee728b)
Number of updated assets reloaded before import = 0
Start importing Assets/TcgEngine/Sprites/Cards/town_underwater.png using Guid(7fc0bfcbe3cb6f140814840245dda73b) Importer(815301076,1909f56bfc062723c751e8b465ee728b)  -> (artifact id: 'e3fed74c1581400629601014e68d98aa') in 0.125325 seconds 
Number of asset objects unloaded after import = 3
========================================================================
Received Import Request.
  Time since last request: 0.000019 seconds.
  path: Assets/TcgEngine/Sprites/CardsBoard/tree_board.png
  artifactKey: Guid(b4baa2ca665d5aa42be490f5a09ea949) Importer(815301076,1909f56bfc062723c751e8b465ee728b)
Number of updated assets reloaded before import = 0
Start importing Assets/TcgEngine/Sprites/CardsBoard/tree_board.png using Guid(b4baa2ca665d5aa42be490f5a09ea949) Importer(815301076,1909f56bfc062723c751e8b465ee728b)  -> (artifact id: '4383a0d443d57e25ef20c8af1cb03b19') in 0.090416 seconds 
Number of asset objects unloaded after import = 3
========================================================================
Received Import Request.
  Time since last request: 0.000030 seconds.
  path: Assets/TcgEngine/Sprites/Avatar/turtle.png
  artifactKey: Guid(baff59e3eb59bc74badcaffd2bac1e90) Importer(815301076,1909f56bfc062723c751e8b465ee728b)
Number of updated assets reloaded before import = 0
Start importing Assets/TcgEngine/Sprites/Avatar/turtle.png using Guid(baff59e3eb59bc74badcaffd2bac1e90) Importer(815301076,1909f56bfc062723c751e8b465ee728b)  -> (artifact id: '6e47a0c5b0ee630b52b5e1bb4c6f674f') in 0.051834 seconds 
Number of asset objects unloaded after import = 3
========================================================================
Received Import Request.
  Time since last request: 0.000019 seconds.
  path: Assets/TownManagement/City Builder Template/Textures/Atlases/ui/vignette.png
  artifactKey: Guid(7abb074cca20c448a8c52690ffcb0412) Importer(815301076,1909f56bfc062723c751e8b465ee728b)
Number of updated assets reloaded before import = 0
Start importing Assets/TownManagement/City Builder Template/Textures/Atlases/ui/vignette.png using Guid(7abb074cca20c448a8c52690ffcb0412) Importer(815301076,1909f56bfc062723c751e8b465ee728b)  -> (artifact id: '6fc9cc16312ecac90743d4df4e8b4104') in 0.032517 seconds 
Number of asset objects unloaded after import = 3
========================================================================
Received Import Request.
  Time since last request: 0.000023 seconds.
  path: Assets/TcgEngine/Sprites/Cards/wolf.png
  artifactKey: Guid(e51daa54a539c9a4ba7c82f9c832bbc9) Importer(815301076,1909f56bfc062723c751e8b465ee728b)
Number of updated assets reloaded before import = 0
Start importing Assets/TcgEngine/Sprites/Cards/wolf.png using Guid(e51daa54a539c9a4ba7c82f9c832bbc9) Importer(815301076,1909f56bfc062723c751e8b465ee728b)  -> (artifact id: '952391656c3ac02b0e9137244c59bddc') in 0.116908 seconds 
Number of asset objects unloaded after import = 3
========================================================================
Received Import Request.
  Time since last request: 0.000020 seconds.
  path: Assets/TcgEngine/Sprites/Avatar/unknown2.png
  artifactKey: Guid(6326d34bd594cba41a95ce680e2b0d4c) Importer(815301076,1909f56bfc062723c751e8b465ee728b)
Number of updated assets reloaded before import = 0
Start importing Assets/TcgEngine/Sprites/Avatar/unknown2.png using Guid(6326d34bd594cba41a95ce680e2b0d4c) Importer(815301076,1909f56bfc062723c751e8b465ee728b)  -> (artifact id: '4400f016f78bb1d7464c0829b5e2b4ed') in 0.040361 seconds 
Number of asset objects unloaded after import = 3
========================================================================
Received Import Request.
  Time since last request: 0.000023 seconds.
  path: Assets/TcgEngine/Sprites/Cards/turtle.png
  artifactKey: Guid(31c9c961569f6c04ca67edb890d1cfcf) Importer(815301076,1909f56bfc062723c751e8b465ee728b)
Number of updated assets reloaded before import = 0
Start importing Assets/TcgEngine/Sprites/Cards/turtle.png using Guid(31c9c961569f6c04ca67edb890d1cfcf) Importer(815301076,1909f56bfc062723c751e8b465ee728b)  -> (artifact id: 'b4cf9abac4ec9a0d29975334bb584e34') in 0.123702 seconds 
Number of asset objects unloaded after import = 3
========================================================================
Received Import Request.
  Time since last request: 0.000025 seconds.
  path: Assets/TcgEngine/Sprites/CardsBoard/seagull_board.png
  artifactKey: Guid(767a944c3bb1eac4ca9a9a2d936c0549) Importer(815301076,1909f56bfc062723c751e8b465ee728b)
Number of updated assets reloaded before import = 0
Start importing Assets/TcgEngine/Sprites/CardsBoard/seagull_board.png using Guid(767a944c3bb1eac4ca9a9a2d936c0549) Importer(815301076,1909f56bfc062723c751e8b465ee728b)  -> (artifact id: 'a5593d677e44cff0ffd1d04d320aaa10') in 0.098755 seconds 
Number of asset objects unloaded after import = 3
========================================================================
Received Import Request.
  Time since last request: 0.000022 seconds.
  path: Assets/TcgEngine/Sprites/Cards/shield.png
  artifactKey: Guid(26e4b66f2a4cc4a40a5000cdba227f21) Importer(815301076,1909f56bfc062723c751e8b465ee728b)
Number of updated assets reloaded before import = 0
Start importing Assets/TcgEngine/Sprites/Cards/shield.png using Guid(26e4b66f2a4cc4a40a5000cdba227f21) Importer(815301076,1909f56bfc062723c751e8b465ee728b)  -> (artifact id: '0f409c9648a2603f06ed2f737715d03e') in 0.102616 seconds 
Number of asset objects unloaded after import = 3
========================================================================
Received Import Request.
  Time since last request: 0.000027 seconds.
  path: Assets/TcgEngine/Sprites/CardsBoard/woodland_board.png
  artifactKey: Guid(75d36a2392560284ab5f357ebab94a2b) Importer(815301076,1909f56bfc062723c751e8b465ee728b)
Number of updated assets reloaded before import = 0
Start importing Assets/TcgEngine/Sprites/CardsBoard/woodland_board.png using Guid(75d36a2392560284ab5f357ebab94a2b) Importer(815301076,1909f56bfc062723c751e8b465ee728b)  -> (artifact id: 'a6e3eb0bebb1ef8652d895eb141942ea') in 0.103041 seconds 
Number of asset objects unloaded after import = 3
========================================================================
Received Import Request.
  Time since last request: 0.000019 seconds.
  path: Assets/TcgEngine/Sprites/FX/smoke.png
  artifactKey: Guid(bb99a5da395460144b285856102ab22c) Importer(815301076,1909f56bfc062723c751e8b465ee728b)
Number of updated assets reloaded before import = 0
Start importing Assets/TcgEngine/Sprites/FX/smoke.png using Guid(bb99a5da395460144b285856102ab22c) Importer(815301076,1909f56bfc062723c751e8b465ee728b)  -> (artifact id: '8c44bc51ff2fbe9ca2b68c5afb2d5a52') in 0.045087 seconds 
Number of asset objects unloaded after import = 3
========================================================================
Received Import Request.
  Time since last request: 0.000027 seconds.
  path: Assets/TcgEngine/Sprites/FX/star.png
  artifactKey: Guid(c76aa08a92b35b9498736e7a3730aa96) Importer(815301076,1909f56bfc062723c751e8b465ee728b)
Number of updated assets reloaded before import = 0
Start importing Assets/TcgEngine/Sprites/FX/star.png using Guid(c76aa08a92b35b9498736e7a3730aa96) Importer(815301076,1909f56bfc062723c751e8b465ee728b)  -> (artifact id: 'acfe32e76b51eda7cb8e34e6da20bfcd') in 0.064642 seconds 
Number of asset objects unloaded after import = 3
========================================================================
Received Import Request.
  Time since last request: 0.000031 seconds.
  path: Assets/TcgEngine/Sprites/Cards/spell_fire.png
  artifactKey: Guid(893869e4f03cef04f86bb86fdd64aead) Importer(815301076,1909f56bfc062723c751e8b465ee728b)
Number of updated assets reloaded before import = 0
Start importing Assets/TcgEngine/Sprites/Cards/spell_fire.png using Guid(893869e4f03cef04f86bb86fdd64aead) Importer(815301076,1909f56bfc062723c751e8b465ee728b)  -> (artifact id: 'f782763cd2ad3379dcadc9c0d99ae0eb') in 0.137253 seconds 
Number of asset objects unloaded after import = 3
========================================================================
Received Import Request.
  Time since last request: 0.000035 seconds.
  path: Assets/TcgEngine/Sprites/FX/target.png
  artifactKey: Guid(98f1aeca7bea0f54fb296a14b18811e4) Importer(815301076,1909f56bfc062723c751e8b465ee728b)
Number of updated assets reloaded before import = 0
Start importing Assets/TcgEngine/Sprites/FX/target.png using Guid(98f1aeca7bea0f54fb296a14b18811e4) Importer(815301076,1909f56bfc062723c751e8b465ee728b)  -> (artifact id: '67a380a608a3a0079e4433a238c13f16') in 0.034099 seconds 
Number of asset objects unloaded after import = 3
========================================================================
Received Import Request.
  Time since last request: 0.000023 seconds.
  path: Assets/TcgEngine/Sprites/Cards/town_volano.png
  artifactKey: Guid(5c8db759a5257ad498b2769e94d8acb1) Importer(815301076,1909f56bfc062723c751e8b465ee728b)
Number of updated assets reloaded before import = 0
Start importing Assets/TcgEngine/Sprites/Cards/town_volano.png using Guid(5c8db759a5257ad498b2769e94d8acb1) Importer(815301076,1909f56bfc062723c751e8b465ee728b)  -> (artifact id: 'ebca2a3036c997a6f6e0b5e3a6c75bd6') in 0.115862 seconds 
Number of asset objects unloaded after import = 3
========================================================================
Received Import Request.
  Time since last request: 0.000031 seconds.
  path: Assets/TcgEngine/Sprites/CardsBoard/town_forest_board.png
  artifactKey: Guid(dc645e79cebe0e34b856f13245fc683d) Importer(815301076,1909f56bfc062723c751e8b465ee728b)
Number of updated assets reloaded before import = 0
Start importing Assets/TcgEngine/Sprites/CardsBoard/town_forest_board.png using Guid(dc645e79cebe0e34b856f13245fc683d) Importer(815301076,1909f56bfc062723c751e8b465ee728b)  -> (artifact id: '34a4fed882ea5e86e96bb354bf55bba6') in 0.099665 seconds 
Number of asset objects unloaded after import = 3
========================================================================
Received Import Request.
  Time since last request: 0.000023 seconds.
  path: Assets/TcgEngine/Sprites/Icons/type_forest.png
  artifactKey: Guid(d9c34e3dd92c08d479c93826f3ad9a01) Importer(815301076,1909f56bfc062723c751e8b465ee728b)
Number of updated assets reloaded before import = 0
Start importing Assets/TcgEngine/Sprites/Icons/type_forest.png using Guid(d9c34e3dd92c08d479c93826f3ad9a01) Importer(815301076,1909f56bfc062723c751e8b465ee728b)  -> (artifact id: 'a02388960600d7fd4a5aa553b18fedf3') in 0.037901 seconds 
Number of asset objects unloaded after import = 3
========================================================================
Received Import Request.
  Time since last request: 0.000026 seconds.
  path: Assets/TcgEngine/Sprites/Cards/wolf_baby.png
  artifactKey: Guid(fd6b6c880b7f1bd46adba6b391db0113) Importer(815301076,1909f56bfc062723c751e8b465ee728b)
Number of updated assets reloaded before import = 0
Start importing Assets/TcgEngine/Sprites/Cards/wolf_baby.png using Guid(fd6b6c880b7f1bd46adba6b391db0113) Importer(815301076,1909f56bfc062723c751e8b465ee728b)  -> (artifact id: '1c8518cbb9dac09e4b80964f2e49c4f9') in 0.106159 seconds 
Number of asset objects unloaded after import = 3
Editor requested this worker to shutdown with reason: Scaling down because of idle timeout
AssetImportWorker is now disconnected from the server
Process exiting
Exiting without the bug reporter. Application will terminate with return code 0