Using pre-set license
Built from '2021.3/staging' branch; Version is '2021.3.33f1 (ee5a2aa03ab2) revision 15620650'; Using compiler version '192829333'; Build Type 'Release'
OS: 'Windows 11  (10.0.22631) 64bit Core' Language: 'en' Physical Memory: 16310 MB
BatchMode: 1, IsHumanControllingUs: 0, StartBugReporterOnCrash: 0, Is64bit: 1, IsPro: 1

COMMAND LINE ARGUMENTS:
C:\Program Files\Unity\Hub\Editor\2021.3.33f1\Editor\Unity.exe
-adb2
-batchMode
-noUpm
-name
AssetImportWorker0
-projectPath
C:/Users/oguzh/OneDrive/Masaüstü/CardGame/CARD GAME
-logFile
Logs/AssetImportWorker0.log
-srvPort
63416
Successfully changed project path to: C:/Users/oguzh/OneDrive/Masaüstü/CardGame/CARD GAME
C:/Users/oguzh/OneDrive/Masaüstü/CardGame/CARD GAME
[UnityMemory] Configuration Parameters - Can be set up in boot.config
    "memorysetup-bucket-allocator-granularity=16"
    "memorysetup-bucket-allocator-bucket-count=8"
    "memorysetup-bucket-allocator-block-size=33554432"
    "memorysetup-bucket-allocator-block-count=8"
    "memorysetup-main-allocator-block-size=16777216"
    "memorysetup-thread-allocator-block-size=16777216"
    "memorysetup-gfx-main-allocator-block-size=16777216"
    "memorysetup-gfx-thread-allocator-block-size=16777216"
    "memorysetup-cache-allocator-block-size=4194304"
    "memorysetup-typetree-allocator-block-size=2097152"
    "memorysetup-profiler-bucket-allocator-granularity=16"
    "memorysetup-profiler-bucket-allocator-bucket-count=8"
    "memorysetup-profiler-bucket-allocator-block-size=33554432"
    "memorysetup-profiler-bucket-allocator-block-count=8"
    "memorysetup-profiler-allocator-block-size=16777216"
    "memorysetup-profiler-editor-allocator-block-size=1048576"
    "memorysetup-temp-allocator-size-main=16777216"
    "memorysetup-job-temp-allocator-block-size=2097152"
    "memorysetup-job-temp-allocator-block-size-background=1048576"
    "memorysetup-job-temp-allocator-reduction-small-platforms=262144"
    "memorysetup-temp-allocator-size-background-worker=32768"
    "memorysetup-temp-allocator-size-job-worker=262144"
    "memorysetup-temp-allocator-size-preload-manager=33554432"
    "memorysetup-temp-allocator-size-nav-mesh-worker=65536"
    "memorysetup-temp-allocator-size-audio-worker=65536"
    "memorysetup-temp-allocator-size-cloud-worker=32768"
    "memorysetup-temp-allocator-size-gi-baking-worker=262144"
    "memorysetup-temp-allocator-size-gfx=262144"
Player connection [15976] Host "[IP] 192.168.1.61 [Port] 0 [Flags] 2 [Guid] 3333247273 [EditorId] 3333247273 [Version] 1048832 [Id] WindowsEditor(7,DESKTOP-O14C83C) [Debug] 1 [PackageName] WindowsEditor [ProjectName] Editor" joined multi-casting on [225.0.0.222:54997]...

Player connection [15976] Host "[IP] 192.168.1.61 [Port] 0 [Flags] 2 [Guid] 3333247273 [EditorId] 3333247273 [Version] 1048832 [Id] WindowsEditor(7,DESKTOP-O14C83C) [Debug] 1 [PackageName] WindowsEditor [ProjectName] Editor" joined alternative multi-casting on [225.0.0.222:34997]...

[Physics::Module] Initialized MultithreadedJobDispatcher with {0} workers.
Refreshing native plugins compatible for Editor in 137.40 ms, found 3 plugins.
Preloading 0 native plugins for Editor in 0.00 ms.
Initialize engine version: 2021.3.33f1 (ee5a2aa03ab2)
[Subsystems] Discovering subsystems at path C:/Program Files/Unity/Hub/Editor/2021.3.33f1/Editor/Data/Resources/UnitySubsystems
[Subsystems] Discovering subsystems at path C:/Users/oguzh/OneDrive/Masaüstü/CardGame/CARD GAME/Assets
GfxDevice: creating device client; threaded=0; jobified=0
Direct3D:
    Version:  Direct3D 11.0 [level 11.1]
    Renderer: NVIDIA GeForce RTX 3060 Ti (ID=0x2486)
    Vendor:   NVIDIA
    VRAM:     8024 MB
    Driver:   32.0.15.5599
Initialize mono
Mono path[0] = 'C:/Program Files/Unity/Hub/Editor/2021.3.33f1/Editor/Data/Managed'
Mono path[1] = 'C:/Program Files/Unity/Hub/Editor/2021.3.33f1/Editor/Data/MonoBleedingEdge/lib/mono/unityjit-win32'
Mono config path = 'C:/Program Files/Unity/Hub/Editor/2021.3.33f1/Editor/Data/MonoBleedingEdge/etc'
Using monoOptions --debugger-agent=transport=dt_socket,embedding=1,server=y,suspend=n,address=127.0.0.1:56324
Begin MonoManager ReloadAssembly
Registering precompiled unity dll's ...
Register platform support module: C:/Program Files/Unity/Hub/Editor/2021.3.33f1/Editor/Data/PlaybackEngines/WindowsStandaloneSupport/UnityEditor.WindowsStandalone.Extensions.dll
Registered in 0.007601 seconds.
Native extension for WindowsStandalone target not found
Refreshing native plugins compatible for Editor in 137.35 ms, found 3 plugins.
Preloading 0 native plugins for Editor in 0.00 ms.
Mono: successfully reloaded assembly
- Completed reload, in  0.731 seconds
Domain Reload Profiling:
	ReloadAssembly (732ms)
		BeginReloadAssembly (108ms)
			ExecutionOrderSort (0ms)
			DisableScriptedObjects (0ms)
			BackupInstance (0ms)
			ReleaseScriptingObjects (0ms)
			CreateAndSetChildDomain (1ms)
		EndReloadAssembly (513ms)
			LoadAssemblies (105ms)
			RebuildTransferFunctionScriptingTraits (0ms)
			SetupTypeCache (106ms)
			ReleaseScriptCaches (0ms)
			RebuildScriptCaches (25ms)
			SetupLoadedEditorAssemblies (337ms)
				LogAssemblyErrors (0ms)
				InitializePlatformSupportModulesInManaged (8ms)
				SetLoadedEditorAssemblies (0ms)
				RefreshPlugins (137ms)
				BeforeProcessingInitializeOnLoad (1ms)
				ProcessInitializeOnLoadAttributes (143ms)
				ProcessInitializeOnLoadMethodAttributes (47ms)
				AfterProcessingInitializeOnLoad (0ms)
				EditorAssembliesLoaded (0ms)
			ExecutionOrderSort2 (0ms)
			AwakeInstancesAfterBackupRestoration (0ms)
Platform modules already initialized, skipping
Registering precompiled user dll's ...
Registered in 0.010828 seconds.
Begin MonoManager ReloadAssembly
Native extension for WindowsStandalone target not found
Refreshing native plugins compatible for Editor in 125.02 ms, found 3 plugins.
Preloading 0 native plugins for Editor in 0.00 ms.
Package Manager log level set to [2]
[Package Manager] Server::EnsureServerProcessIsRunning -- launch failed, reason: Unity was launched with the -noUpm command-line argument
[Package Manager] Cannot connect to Unity Package Manager local server
Mono: successfully reloaded assembly
- Completed reload, in  1.619 seconds
Domain Reload Profiling:
	ReloadAssembly (1620ms)
		BeginReloadAssembly (119ms)
			ExecutionOrderSort (0ms)
			DisableScriptedObjects (5ms)
			BackupInstance (0ms)
			ReleaseScriptingObjects (0ms)
			CreateAndSetChildDomain (17ms)
		EndReloadAssembly (1399ms)
			LoadAssemblies (108ms)
			RebuildTransferFunctionScriptingTraits (0ms)
			SetupTypeCache (293ms)
			ReleaseScriptCaches (1ms)
			RebuildScriptCaches (66ms)
			SetupLoadedEditorAssemblies (917ms)
				LogAssemblyErrors (0ms)
				InitializePlatformSupportModulesInManaged (4ms)
				SetLoadedEditorAssemblies (0ms)
				RefreshPlugins (125ms)
				BeforeProcessingInitializeOnLoad (116ms)
				ProcessInitializeOnLoadAttributes (591ms)
				ProcessInitializeOnLoadMethodAttributes (72ms)
				AfterProcessingInitializeOnLoad (8ms)
				EditorAssembliesLoaded (0ms)
			ExecutionOrderSort2 (0ms)
			AwakeInstancesAfterBackupRestoration (7ms)
Platform modules already initialized, skipping
========================================================================
Worker process is ready to serve import requests
Launched and connected shader compiler UnityShaderCompiler.exe after 0.04 seconds
Refreshing native plugins compatible for Editor in 1.04 ms, found 3 plugins.
Preloading 0 native plugins for Editor in 0.00 ms.
Unloading 5684 Unused Serialized files (Serialized files now loaded: 0)
Unloading 51 unused Assets / (1.9 MB). Loaded Objects now: 6116.
Memory consumption went from 230.8 MB to 228.9 MB.
Total: 3.886800 ms (FindLiveObjects: 0.497200 ms CreateObjectMapping: 0.162000 ms MarkObjects: 2.644700 ms  DeleteObjects: 0.582000 ms)

AssetImportParameters requested are different than current active one (requested -> active):
  custom:video-decoder-ogg-theora: a1e56fd34408186e4bbccfd4996cb3dc -> 
  custom:container-muxer-webm: aa71ff27fc2769a1b78a27578f13a17b -> 
  custom:container-demuxer-webm: 4f35f7cbe854078d1ac9338744f61a02 -> 
  custom:video-encoder-webm-vp8: eb34c28f22e8b96e1ab97ce403110664 -> 
  custom:CustomObjectIndexerAttribute: f67f22312cbe972f2da930a377ed3d15 -> 
  custom:audio-encoder-webm-vorbis: bf7c407c2cedff20999df2af8eb42d56 -> 
  custom:framework-win-MediaFoundation: 216162199b28c13a410421893ffa2e32 -> 
  custom:SearchIndexIgnoredProperties: e643bd26f0fe6173181afceb89e7c659 -> 
  custom:container-demuxer-ogg: 62fdf1f143b41e24485cea50d1cbac27 -> 
  custom:video-decoder-webm-vp8: 9c59270c3fd7afecdb556c50c9e8de78 -> 
  custom:audio-decoder-ogg-vorbis: bf7c407c2cedff20999df2af8eb42d56 -> 
========================================================================
Received Import Request.
  Time since last request: 350618.365678 seconds.
  path: Assets/TownManagement/Graphics/Soccer_Field_Transparant.png
  artifactKey: Guid(87dd4e40ace981a48a718f0ba1e4a8b5) Importer(815301076,1909f56bfc062723c751e8b465ee728b)
Number of updated assets reloaded before import = 0
Start importing Assets/TownManagement/Graphics/Soccer_Field_Transparant.png using Guid(87dd4e40ace981a48a718f0ba1e4a8b5) Importer(815301076,1909f56bfc062723c751e8b465ee728b)  -> (artifact id: 'cc0baf740e2382dbd8c2137dc02d80bd') in 0.124965 seconds 
Number of asset objects unloaded after import = 3
========================================================================
Received Prepare
Registering precompiled user dll's ...
Registered in 0.010331 seconds.
Begin MonoManager ReloadAssembly
Native extension for WindowsStandalone target not found
Refreshing native plugins compatible for Editor in 1.06 ms, found 3 plugins.
Preloading 0 native plugins for Editor in 0.00 ms.
[Package Manager] Server::EnsureServerProcessIsRunning -- launch failed, reason: Unity was launched with the -noUpm command-line argument
[Package Manager] Cannot connect to Unity Package Manager local server
[Package Manager] Server::EnsureServerProcessIsRunning -- launch failed, reason: Unity was launched with the -noUpm command-line argument
[Package Manager] Cannot connect to Unity Package Manager local server
Mono: successfully reloaded assembly
- Completed reload, in  1.432 seconds
Domain Reload Profiling:
	ReloadAssembly (1432ms)
		BeginReloadAssembly (143ms)
			ExecutionOrderSort (0ms)
			DisableScriptedObjects (5ms)
			BackupInstance (0ms)
			ReleaseScriptingObjects (0ms)
			CreateAndSetChildDomain (37ms)
		EndReloadAssembly (1177ms)
			LoadAssemblies (103ms)
			RebuildTransferFunctionScriptingTraits (0ms)
			SetupTypeCache (275ms)
			ReleaseScriptCaches (2ms)
			RebuildScriptCaches (44ms)
			SetupLoadedEditorAssemblies (737ms)
				LogAssemblyErrors (0ms)
				InitializePlatformSupportModulesInManaged (5ms)
				SetLoadedEditorAssemblies (0ms)
				RefreshPlugins (1ms)
				BeforeProcessingInitializeOnLoad (82ms)
				ProcessInitializeOnLoadAttributes (556ms)
				ProcessInitializeOnLoadMethodAttributes (83ms)
				AfterProcessingInitializeOnLoad (9ms)
				EditorAssembliesLoaded (0ms)
			ExecutionOrderSort2 (0ms)
			AwakeInstancesAfterBackupRestoration (9ms)
Platform modules already initialized, skipping
Refreshing native plugins compatible for Editor in 1.39 ms, found 3 plugins.
Preloading 0 native plugins for Editor in 0.00 ms.
Unloading 5530 Unused Serialized files (Serialized files now loaded: 0)
Unloading 46 unused Assets / (1.9 MB). Loaded Objects now: 6126.
Memory consumption went from 223.4 MB to 221.4 MB.
Total: 3.771100 ms (FindLiveObjects: 0.544800 ms CreateObjectMapping: 0.144000 ms MarkObjects: 2.467500 ms  DeleteObjects: 0.613200 ms)

AssetImportParameters requested are different than current active one (requested -> active):
  custom:video-decoder-ogg-theora: a1e56fd34408186e4bbccfd4996cb3dc -> 
  custom:container-muxer-webm: aa71ff27fc2769a1b78a27578f13a17b -> 
  custom:container-demuxer-webm: 4f35f7cbe854078d1ac9338744f61a02 -> 
  custom:video-encoder-webm-vp8: eb34c28f22e8b96e1ab97ce403110664 -> 
  custom:CustomObjectIndexerAttribute: f67f22312cbe972f2da930a377ed3d15 -> 
  custom:audio-encoder-webm-vorbis: bf7c407c2cedff20999df2af8eb42d56 -> 
  custom:framework-win-MediaFoundation: 216162199b28c13a410421893ffa2e32 -> 
  custom:SearchIndexIgnoredProperties: e643bd26f0fe6173181afceb89e7c659 -> 
  custom:container-demuxer-ogg: 62fdf1f143b41e24485cea50d1cbac27 -> 
  custom:video-decoder-webm-vp8: 9c59270c3fd7afecdb556c50c9e8de78 -> 
  custom:audio-decoder-ogg-vorbis: bf7c407c2cedff20999df2af8eb42d56 -> 
========================================================================
Received Prepare
Registering precompiled user dll's ...
Registered in 0.011697 seconds.
Begin MonoManager ReloadAssembly
Native extension for WindowsStandalone target not found
Refreshing native plugins compatible for Editor in 1.03 ms, found 3 plugins.
Preloading 0 native plugins for Editor in 0.00 ms.
[Package Manager] Server::EnsureServerProcessIsRunning -- launch failed, reason: Unity was launched with the -noUpm command-line argument
[Package Manager] Cannot connect to Unity Package Manager local server
Mono: successfully reloaded assembly
- Completed reload, in  1.449 seconds
Domain Reload Profiling:
	ReloadAssembly (1450ms)
		BeginReloadAssembly (137ms)
			ExecutionOrderSort (0ms)
			DisableScriptedObjects (5ms)
			BackupInstance (0ms)
			ReleaseScriptingObjects (0ms)
			CreateAndSetChildDomain (32ms)
		EndReloadAssembly (1217ms)
			LoadAssemblies (94ms)
			RebuildTransferFunctionScriptingTraits (0ms)
			SetupTypeCache (274ms)
			ReleaseScriptCaches (2ms)
			RebuildScriptCaches (44ms)
			SetupLoadedEditorAssemblies (769ms)
				LogAssemblyErrors (0ms)
				InitializePlatformSupportModulesInManaged (5ms)
				SetLoadedEditorAssemblies (0ms)
				RefreshPlugins (1ms)
				BeforeProcessingInitializeOnLoad (94ms)
				ProcessInitializeOnLoadAttributes (566ms)
				ProcessInitializeOnLoadMethodAttributes (95ms)
				AfterProcessingInitializeOnLoad (8ms)
				EditorAssembliesLoaded (0ms)
			ExecutionOrderSort2 (0ms)
			AwakeInstancesAfterBackupRestoration (10ms)
Platform modules already initialized, skipping
Refreshing native plugins compatible for Editor in 1.61 ms, found 3 plugins.
Preloading 0 native plugins for Editor in 0.00 ms.
Unloading 5530 Unused Serialized files (Serialized files now loaded: 0)
Unloading 46 unused Assets / (1.9 MB). Loaded Objects now: 6129.
Memory consumption went from 223.4 MB to 221.5 MB.
Total: 4.882400 ms (FindLiveObjects: 0.656700 ms CreateObjectMapping: 0.432100 ms MarkObjects: 3.185900 ms  DeleteObjects: 0.606400 ms)

AssetImportParameters requested are different than current active one (requested -> active):
  custom:video-decoder-ogg-theora: a1e56fd34408186e4bbccfd4996cb3dc -> 
  custom:container-muxer-webm: aa71ff27fc2769a1b78a27578f13a17b -> 
  custom:container-demuxer-webm: 4f35f7cbe854078d1ac9338744f61a02 -> 
  custom:video-encoder-webm-vp8: eb34c28f22e8b96e1ab97ce403110664 -> 
  custom:CustomObjectIndexerAttribute: f67f22312cbe972f2da930a377ed3d15 -> 
  custom:audio-encoder-webm-vorbis: bf7c407c2cedff20999df2af8eb42d56 -> 
  custom:framework-win-MediaFoundation: 216162199b28c13a410421893ffa2e32 -> 
  custom:SearchIndexIgnoredProperties: e643bd26f0fe6173181afceb89e7c659 -> 
  custom:container-demuxer-ogg: 62fdf1f143b41e24485cea50d1cbac27 -> 
  custom:video-decoder-webm-vp8: 9c59270c3fd7afecdb556c50c9e8de78 -> 
  custom:audio-decoder-ogg-vorbis: bf7c407c2cedff20999df2af8eb42d56 -> 
========================================================================
Received Import Request.
  Time since last request: 110.002472 seconds.
  path: Assets/TcgEngine/Scenes/Game
  artifactKey: Guid(619194b12a5de7f429599e11d7e2d7d9) Importer(815301076,1909f56bfc062723c751e8b465ee728b)
Number of updated assets reloaded before import = 0
Start importing Assets/TcgEngine/Scenes/Game using Guid(619194b12a5de7f429599e11d7e2d7d9) Importer(815301076,1909f56bfc062723c751e8b465ee728b)  -> (artifact id: '1be2a4f9352345c5d632fcf98225b143') in 0.016105 seconds 
Number of asset objects unloaded after import = 0
========================================================================
Received Import Request.
  Time since last request: 1.223606 seconds.
  path: Assets/TcgEngine/Scenes/Game/Game.unity
  artifactKey: Guid(be2ace95e45905b49ad984cce7ea70e5) Importer(815301076,1909f56bfc062723c751e8b465ee728b)
Number of updated assets reloaded before import = 0
Start importing Assets/TcgEngine/Scenes/Game/Game.unity using Guid(be2ace95e45905b49ad984cce7ea70e5) Importer(815301076,1909f56bfc062723c751e8b465ee728b)  -> (artifact id: '94d9317956bb1484c9f027272e187546') in 0.006649 seconds 
Number of asset objects unloaded after import = 0
========================================================================
Received Import Request.
  Time since last request: 2.895373 seconds.
  path: Assets/TcgEngine/Scenes/Game/Game3D.unity
  artifactKey: Guid(3dc91b9001c022041b02c95f65595b20) Importer(815301076,1909f56bfc062723c751e8b465ee728b)
Number of updated assets reloaded before import = 0
Start importing Assets/TcgEngine/Scenes/Game/Game3D.unity using Guid(3dc91b9001c022041b02c95f65595b20) Importer(815301076,1909f56bfc062723c751e8b465ee728b)  -> (artifact id: 'd0e8255cf329cbe59cb06d10950748e3') in 0.009667 seconds 
Number of asset objects unloaded after import = 0
========================================================================
Received Prepare
Registering precompiled user dll's ...
Registered in 0.010209 seconds.
Begin MonoManager ReloadAssembly
Native extension for WindowsStandalone target not found
Refreshing native plugins compatible for Editor in 1.23 ms, found 3 plugins.
Preloading 0 native plugins for Editor in 0.00 ms.
[Package Manager] Server::EnsureServerProcessIsRunning -- launch failed, reason: Unity was launched with the -noUpm command-line argument
[Package Manager] Cannot connect to Unity Package Manager local server
Mono: successfully reloaded assembly
- Completed reload, in  1.474 seconds
Domain Reload Profiling:
	ReloadAssembly (1475ms)
		BeginReloadAssembly (162ms)
			ExecutionOrderSort (0ms)
			DisableScriptedObjects (5ms)
			BackupInstance (0ms)
			ReleaseScriptingObjects (0ms)
			CreateAndSetChildDomain (45ms)
		EndReloadAssembly (1204ms)
			LoadAssemblies (108ms)
			RebuildTransferFunctionScriptingTraits (0ms)
			SetupTypeCache (287ms)
			ReleaseScriptCaches (2ms)
			RebuildScriptCaches (59ms)
			SetupLoadedEditorAssemblies (725ms)
				LogAssemblyErrors (0ms)
				InitializePlatformSupportModulesInManaged (5ms)
				SetLoadedEditorAssemblies (0ms)
				RefreshPlugins (1ms)
				BeforeProcessingInitializeOnLoad (88ms)
				ProcessInitializeOnLoadAttributes (549ms)
				ProcessInitializeOnLoadMethodAttributes (72ms)
				AfterProcessingInitializeOnLoad (9ms)
				EditorAssembliesLoaded (0ms)
			ExecutionOrderSort2 (0ms)
			AwakeInstancesAfterBackupRestoration (9ms)
Platform modules already initialized, skipping
Refreshing native plugins compatible for Editor in 1.10 ms, found 3 plugins.
Preloading 0 native plugins for Editor in 0.00 ms.
Unloading 5530 Unused Serialized files (Serialized files now loaded: 0)
Unloading 46 unused Assets / (1.9 MB). Loaded Objects now: 6132.
Memory consumption went from 223.4 MB to 221.5 MB.
Total: 4.222800 ms (FindLiveObjects: 0.506200 ms CreateObjectMapping: 0.164100 ms MarkObjects: 2.903400 ms  DeleteObjects: 0.647900 ms)

AssetImportParameters requested are different than current active one (requested -> active):
  custom:video-decoder-ogg-theora: a1e56fd34408186e4bbccfd4996cb3dc -> 
  custom:container-muxer-webm: aa71ff27fc2769a1b78a27578f13a17b -> 
  custom:container-demuxer-webm: 4f35f7cbe854078d1ac9338744f61a02 -> 
  custom:video-encoder-webm-vp8: eb34c28f22e8b96e1ab97ce403110664 -> 
  custom:CustomObjectIndexerAttribute: f67f22312cbe972f2da930a377ed3d15 -> 
  custom:audio-encoder-webm-vorbis: bf7c407c2cedff20999df2af8eb42d56 -> 
  custom:framework-win-MediaFoundation: 216162199b28c13a410421893ffa2e32 -> 
  custom:SearchIndexIgnoredProperties: e643bd26f0fe6173181afceb89e7c659 -> 
  custom:container-demuxer-ogg: 62fdf1f143b41e24485cea50d1cbac27 -> 
  custom:video-decoder-webm-vp8: 9c59270c3fd7afecdb556c50c9e8de78 -> 
  custom:audio-decoder-ogg-vorbis: bf7c407c2cedff20999df2af8eb42d56 -> 
========================================================================
Received Import Request.
  Time since last request: 199.438977 seconds.
  path: Assets/TcgEngine/Scenes/Game/Solo.unity
  artifactKey: Guid(5c6c49ba4d9ba764e80c7e3c299ed098) Importer(815301076,1909f56bfc062723c751e8b465ee728b)
Number of updated assets reloaded before import = 0
Start importing Assets/TcgEngine/Scenes/Game/Solo.unity using Guid(5c6c49ba4d9ba764e80c7e3c299ed098) Importer(815301076,1909f56bfc062723c751e8b465ee728b)  -> (artifact id: '977617b12aec1b040ebdc4d573b1a7d1') in 0.019062 seconds 
Number of asset objects unloaded after import = 0
========================================================================
Received Import Request.
  Time since last request: 5368.024363 seconds.
  path: Assets/Graphics/1.png
  artifactKey: Guid(b9bba8633080ace46832067608e3063c) Importer(815301076,1909f56bfc062723c751e8b465ee728b)
Number of updated assets reloaded before import = 0
Start importing Assets/Graphics/1.png using Guid(b9bba8633080ace46832067608e3063c) Importer(815301076,1909f56bfc062723c751e8b465ee728b)  -> (artifact id: '2f65e0978d322cf4ace64fb5a2786522') in 0.086885 seconds 
Number of asset objects unloaded after import = 3
========================================================================
Received Import Request.
  Time since last request: 55.880479 seconds.
  path: Assets/Graphics/arka.png
  artifactKey: Guid(cfff0eb9f2d62194199ae773b4fcc3dc) Importer(815301076,1909f56bfc062723c751e8b465ee728b)
Number of updated assets reloaded before import = 0
Start importing Assets/Graphics/arka.png using Guid(cfff0eb9f2d62194199ae773b4fcc3dc) Importer(815301076,1909f56bfc062723c751e8b465ee728b)  -> (artifact id: 'c8a73df80ac5c419887e3dd5e23f185b') in 0.039369 seconds 
Number of asset objects unloaded after import = 3
========================================================================
Received Import Request.
  Time since last request: 414.291537 seconds.
  path: Assets/Graphics/Hamdi.jpg
  artifactKey: Guid(aa269ed4052b4734090ad0e8a4ae7ce8) Importer(815301076,1909f56bfc062723c751e8b465ee728b)
Number of updated assets reloaded before import = 0
Start importing Assets/Graphics/Hamdi.jpg using Guid(aa269ed4052b4734090ad0e8a4ae7ce8) Importer(815301076,1909f56bfc062723c751e8b465ee728b)  -> (artifact id: '190bf37e55c104dd74820d95d4cb990c') in 0.051764 seconds 
Number of asset objects unloaded after import = 3
========================================================================
Received Import Request.
  Time since last request: 8.948588 seconds.
  path: Assets/Graphics/Hamdi.jpg
  artifactKey: Guid(aa269ed4052b4734090ad0e8a4ae7ce8) Importer(815301076,1909f56bfc062723c751e8b465ee728b)
Number of updated assets reloaded before import = 0
Start importing Assets/Graphics/Hamdi.jpg using Guid(aa269ed4052b4734090ad0e8a4ae7ce8) Importer(815301076,1909f56bfc062723c751e8b465ee728b)  -> (artifact id: '415483fb852143faeee4ec1fcf5fe788') in 0.043088 seconds 
Number of asset objects unloaded after import = 3
========================================================================
Received Import Request.
  Time since last request: 3.222072 seconds.
  path: Assets/Graphics/Hamdi.jpg
  artifactKey: Guid(aa269ed4052b4734090ad0e8a4ae7ce8) Importer(815301076,1909f56bfc062723c751e8b465ee728b)
Number of updated assets reloaded before import = 0
Start importing Assets/Graphics/Hamdi.jpg using Guid(aa269ed4052b4734090ad0e8a4ae7ce8) Importer(815301076,1909f56bfc062723c751e8b465ee728b)  -> (artifact id: '5f569fff54ab24b7aff93b2e101145f4') in 0.047554 seconds 
Number of asset objects unloaded after import = 3
========================================================================
Received Import Request.
  Time since last request: 80.900453 seconds.
  path: Assets/Graphics/Hamdi.jpg
  artifactKey: Guid(aa269ed4052b4734090ad0e8a4ae7ce8) Importer(815301076,1909f56bfc062723c751e8b465ee728b)
Number of updated assets reloaded before import = 0
Start importing Assets/Graphics/Hamdi.jpg using Guid(aa269ed4052b4734090ad0e8a4ae7ce8) Importer(815301076,1909f56bfc062723c751e8b465ee728b)  -> (artifact id: 'f2b8570fcf567f7b9138c3f369f4a97c') in 0.045342 seconds 
Number of asset objects unloaded after import = 3
========================================================================
Received Import Request.
  Time since last request: 4.148833 seconds.
  path: Assets/Graphics/Hamdi.jpg
  artifactKey: Guid(aa269ed4052b4734090ad0e8a4ae7ce8) Importer(815301076,1909f56bfc062723c751e8b465ee728b)
Number of updated assets reloaded before import = 0
Start importing Assets/Graphics/Hamdi.jpg using Guid(aa269ed4052b4734090ad0e8a4ae7ce8) Importer(815301076,1909f56bfc062723c751e8b465ee728b)  -> (artifact id: 'beee86e7a57c6fd3ae1013eea95695b1') in 0.049041 seconds 
Number of asset objects unloaded after import = 3
========================================================================
Received Import Request.
  Time since last request: 58.654764 seconds.
  path: Assets/Graphics/kaleci.png
  artifactKey: Guid(2f2046607baca544c9b5ba2687027542) Importer(815301076,1909f56bfc062723c751e8b465ee728b)
Number of updated assets reloaded before import = 0
Start importing Assets/Graphics/kaleci.png using Guid(2f2046607baca544c9b5ba2687027542) Importer(815301076,1909f56bfc062723c751e8b465ee728b)  -> (artifact id: '3db1b2ed907ac7704545deb2736b7920') in 0.033963 seconds 
Number of asset objects unloaded after import = 3
========================================================================
Received Import Request.
  Time since last request: 10.343352 seconds.
  path: Assets/Graphics/kaleci.png
  artifactKey: Guid(2f2046607baca544c9b5ba2687027542) Importer(815301076,1909f56bfc062723c751e8b465ee728b)
Number of updated assets reloaded before import = 0
Start importing Assets/Graphics/kaleci.png using Guid(2f2046607baca544c9b5ba2687027542) Importer(815301076,1909f56bfc062723c751e8b465ee728b)  -> (artifact id: 'a2abebc764a5d7f502eb6c35e385fe4e') in 0.049813 seconds 
Number of asset objects unloaded after import = 3
========================================================================
Received Import Request.
  Time since last request: 2.939096 seconds.
  path: Assets/Graphics/kaleci.png
  artifactKey: Guid(2f2046607baca544c9b5ba2687027542) Importer(815301076,1909f56bfc062723c751e8b465ee728b)
Number of updated assets reloaded before import = 0
Start importing Assets/Graphics/kaleci.png using Guid(2f2046607baca544c9b5ba2687027542) Importer(815301076,1909f56bfc062723c751e8b465ee728b)  -> (artifact id: '28052fed66f5dd8f22dc6db608f66b9f') in 0.033604 seconds 
Number of asset objects unloaded after import = 3
========================================================================
Received Import Request.
  Time since last request: 3.283965 seconds.
  path: Assets/Graphics/kaleci.png
  artifactKey: Guid(2f2046607baca544c9b5ba2687027542) Importer(815301076,1909f56bfc062723c751e8b465ee728b)
Number of updated assets reloaded before import = 0
Start importing Assets/Graphics/kaleci.png using Guid(2f2046607baca544c9b5ba2687027542) Importer(815301076,1909f56bfc062723c751e8b465ee728b)  -> (artifact id: 'a449c12ea136c2bdbaba20140fd68160') in 0.038244 seconds 
Number of asset objects unloaded after import = 3
========================================================================
Received Import Request.
  Time since last request: 94.760900 seconds.
  path: Assets/Graphics/2.png
  artifactKey: Guid(11f0cc430bd280b4fbec2204969e4636) Importer(815301076,1909f56bfc062723c751e8b465ee728b)
Number of updated assets reloaded before import = 0
Start importing Assets/Graphics/2.png using Guid(11f0cc430bd280b4fbec2204969e4636) Importer(815301076,1909f56bfc062723c751e8b465ee728b)  -> (artifact id: '8f3fae940d0ab62ba973e6086ed1475a') in 0.031190 seconds 
Number of asset objects unloaded after import = 3
========================================================================
Received Import Request.
  Time since last request: 244.793193 seconds.
  path: Assets/Graphics/2.png
  artifactKey: Guid(11f0cc430bd280b4fbec2204969e4636) Importer(815301076,1909f56bfc062723c751e8b465ee728b)
Number of updated assets reloaded before import = 0
Start importing Assets/Graphics/2.png using Guid(11f0cc430bd280b4fbec2204969e4636) Importer(815301076,1909f56bfc062723c751e8b465ee728b)  -> (artifact id: '007944e5e1608539a974e8ebb93d4d9c') in 0.029112 seconds 
Number of asset objects unloaded after import = 3
========================================================================
Received Import Request.
  Time since last request: 27.428581 seconds.
  path: Assets/Graphics/1.png
  artifactKey: Guid(b9bba8633080ace46832067608e3063c) Importer(815301076,1909f56bfc062723c751e8b465ee728b)
Number of updated assets reloaded before import = 0
Start importing Assets/Graphics/1.png using Guid(b9bba8633080ace46832067608e3063c) Importer(815301076,1909f56bfc062723c751e8b465ee728b)  -> (artifact id: '3c6fedd0b120337da42558c042b1ce84') in 0.031325 seconds 
Number of asset objects unloaded after import = 3
========================================================================
Received Import Request.
  Time since last request: 248.139479 seconds.
  path: Assets/TextMesh Pro/Resources/Fonts & Materials/LiberationSans SDF.asset
  artifactKey: Guid(8f586378b4e144a9851e7b34d9b748ee) Importer(815301076,1909f56bfc062723c751e8b465ee728b)
Number of updated assets reloaded before import = 0
Start importing Assets/TextMesh Pro/Resources/Fonts & Materials/LiberationSans SDF.asset using Guid(8f586378b4e144a9851e7b34d9b748ee) Importer(815301076,1909f56bfc062723c751e8b465ee728b)  -> (artifact id: '5b425c50e1b41a2d4fa6ebb061b01fc1') in 0.450813 seconds 
Number of asset objects unloaded after import = 21
========================================================================
Received Import Request.
  Time since last request: 49.860157 seconds.
  path: Assets/TcgEngine/Sprites/UI/ability_btn.png
  artifactKey: Guid(25af1103c0c9ef84ebb1655cbaa2f622) Importer(815301076,1909f56bfc062723c751e8b465ee728b)
Number of updated assets reloaded before import = 0
Start importing Assets/TcgEngine/Sprites/UI/ability_btn.png using Guid(25af1103c0c9ef84ebb1655cbaa2f622) Importer(815301076,1909f56bfc062723c751e8b465ee728b)  -> (artifact id: '6fa6e533f8feb22929e339a9fe125023') in 0.039633 seconds 
Number of asset objects unloaded after import = 3
========================================================================
Received Import Request.
  Time since last request: 0.000029 seconds.
  path: Assets/TcgEngine/Sprites/CardsBoard/blank_red_board.png
  artifactKey: Guid(97c65912ff502db46a5c3ddd055fce34) Importer(815301076,1909f56bfc062723c751e8b465ee728b)
Number of updated assets reloaded before import = 0
Start importing Assets/TcgEngine/Sprites/CardsBoard/blank_red_board.png using Guid(97c65912ff502db46a5c3ddd055fce34) Importer(815301076,1909f56bfc062723c751e8b465ee728b)  -> (artifact id: 'd765f22c4509618487403c624ab9483c') in 0.080463 seconds 
Number of asset objects unloaded after import = 3
========================================================================
Received Import Request.
  Time since last request: 0.000017 seconds.
  path: Assets/TownManagement/City Builder Template/Textures/Atlases/ui/bar_alpha.png
  artifactKey: Guid(9d3d5637b620b4b089a4bc798a472c70) Importer(815301076,1909f56bfc062723c751e8b465ee728b)
Number of updated assets reloaded before import = 0
Start importing Assets/TownManagement/City Builder Template/Textures/Atlases/ui/bar_alpha.png using Guid(9d3d5637b620b4b089a4bc798a472c70) Importer(815301076,1909f56bfc062723c751e8b465ee728b)  -> (artifact id: 'd4b441d2c243de784bd5513736cac987') in 0.039923 seconds 
Number of asset objects unloaded after import = 3
========================================================================
Received Import Request.
  Time since last request: 0.000018 seconds.
  path: Assets/TownManagement/City Builder Template/Textures/Atlases/ui/_items_thumb/cannon.png
  artifactKey: Guid(0cebb485fc10049249571e2831af9294) Importer(815301076,1909f56bfc062723c751e8b465ee728b)
Number of updated assets reloaded before import = 0
Start importing Assets/TownManagement/City Builder Template/Textures/Atlases/ui/_items_thumb/cannon.png using Guid(0cebb485fc10049249571e2831af9294) Importer(815301076,1909f56bfc062723c751e8b465ee728b)  -> (artifact id: '692c961dbd35322137188152d78943e2') in 0.036000 seconds 
Number of asset objects unloaded after import = 3
========================================================================
Received Import Request.
  Time since last request: 0.000036 seconds.
  path: Assets/TcgEngine/Sprites/CardsBoard/bull_board.png
  artifactKey: Guid(4df1ddd2c83f83649b0a1e2444d7461f) Importer(815301076,1909f56bfc062723c751e8b465ee728b)
Number of updated assets reloaded before import = 0
Start importing Assets/TcgEngine/Sprites/CardsBoard/bull_board.png using Guid(4df1ddd2c83f83649b0a1e2444d7461f) Importer(815301076,1909f56bfc062723c751e8b465ee728b)  -> (artifact id: '9f496c063c4c4f0ddd8cef1c038936ef') in 0.090736 seconds 
Number of asset objects unloaded after import = 3
========================================================================
Received Import Request.
  Time since last request: 0.000020 seconds.
  path: Assets/TcgEngine/Sprites/CardsBoard/blank_blue_board.png
  artifactKey: Guid(e3953b7036f0e3444b9dee92bf953a93) Importer(815301076,1909f56bfc062723c751e8b465ee728b)
Number of updated assets reloaded before import = 0
Start importing Assets/TcgEngine/Sprites/CardsBoard/blank_blue_board.png using Guid(e3953b7036f0e3444b9dee92bf953a93) Importer(815301076,1909f56bfc062723c751e8b465ee728b)  -> (artifact id: '510ab3f38c6bd3a8d6237736f1c618da') in 0.064159 seconds 
Number of asset objects unloaded after import = 3
========================================================================
Received Import Request.
  Time since last request: 0.000021 seconds.
  path: Assets/TcgEngine/Sprites/Icons/card_icon.png
  artifactKey: Guid(10db93854c9dbfe45b1ad87a35c6c1c4) Importer(815301076,1909f56bfc062723c751e8b465ee728b)
Number of updated assets reloaded before import = 0
Start importing Assets/TcgEngine/Sprites/Icons/card_icon.png using Guid(10db93854c9dbfe45b1ad87a35c6c1c4) Importer(815301076,1909f56bfc062723c751e8b465ee728b)  -> (artifact id: '076a68808c249ba41613dd1064ca1ad6') in 0.023913 seconds 
Number of asset objects unloaded after import = 3
========================================================================
Received Import Request.
  Time since last request: 0.000024 seconds.
  path: Assets/TcgEngine/Sprites/UI/button_endturn.png
  artifactKey: Guid(b26ec3d750cc956489766cd638f11e05) Importer(815301076,1909f56bfc062723c751e8b465ee728b)
Number of updated assets reloaded before import = 0
Start importing Assets/TcgEngine/Sprites/UI/button_endturn.png using Guid(b26ec3d750cc956489766cd638f11e05) Importer(815301076,1909f56bfc062723c751e8b465ee728b)  -> (artifact id: '968c8f73f24e45e7a8feaf520062f426') in 0.032915 seconds 
Number of asset objects unloaded after import = 3
========================================================================
Received Import Request.
  Time since last request: 0.000032 seconds.
  path: Assets/TcgEngine/Sprites/UI/arena_turn_box.png
  artifactKey: Guid(c864d5afbd17b4842aeb25ca3e2838ba) Importer(815301076,1909f56bfc062723c751e8b465ee728b)
Number of updated assets reloaded before import = 0
Start importing Assets/TcgEngine/Sprites/UI/arena_turn_box.png using Guid(c864d5afbd17b4842aeb25ca3e2838ba) Importer(815301076,1909f56bfc062723c751e8b465ee728b)  -> (artifact id: 'a724d3cbc128c335308cfc46abc01bd9') in 0.025739 seconds 
Number of asset objects unloaded after import = 3
========================================================================
Received Import Request.
  Time since last request: 0.000034 seconds.
  path: Assets/TownManagement/City Builder Template/Textures/Characters/SwordMan/walk/B_original.png
  artifactKey: Guid(d5d4c853daf7a9946affbcb46e51d7bd) Importer(815301076,1909f56bfc062723c751e8b465ee728b)
Number of updated assets reloaded before import = 0
Start importing Assets/TownManagement/City Builder Template/Textures/Characters/SwordMan/walk/B_original.png using Guid(d5d4c853daf7a9946affbcb46e51d7bd) Importer(815301076,1909f56bfc062723c751e8b465ee728b)  -> (artifact id: '5f04af785c9cea253405578213092bbd') in 0.034409 seconds 
Number of asset objects unloaded after import = 3
========================================================================
Received Import Request.
  Time since last request: 0.000031 seconds.
  path: Assets/TcgEngine/Sprites/FX/big_flash.png
  artifactKey: Guid(700e61d37e5126748ba453a8e384181b) Importer(815301076,1909f56bfc062723c751e8b465ee728b)
Number of updated assets reloaded before import = 0
Start importing Assets/TcgEngine/Sprites/FX/big_flash.png using Guid(700e61d37e5126748ba453a8e384181b) Importer(815301076,1909f56bfc062723c751e8b465ee728b)  -> (artifact id: 'caa5ad26e8a7fbcfabbad034f1317766') in 0.044873 seconds 
Number of asset objects unloaded after import = 3
========================================================================
Received Import Request.
  Time since last request: 0.000021 seconds.
  path: Assets/TownManagement/City Builder Template/Textures/Atlases/ui/back_button.png
  artifactKey: Guid(0d85efd012c014c1dbc8c642b888a9c9) Importer(815301076,1909f56bfc062723c751e8b465ee728b)
Number of updated assets reloaded before import = 0
Start importing Assets/TownManagement/City Builder Template/Textures/Atlases/ui/back_button.png using Guid(0d85efd012c014c1dbc8c642b888a9c9) Importer(815301076,1909f56bfc062723c751e8b465ee728b)  -> (artifact id: '8385651467e3d294b1ac35927495b0bc') in 0.028127 seconds 
Number of asset objects unloaded after import = 3
========================================================================
Received Import Request.
  Time since last request: 0.000023 seconds.
  path: Assets/TownManagement/City Builder Template/Textures/Atlases/ui/army.png
  artifactKey: Guid(0816dd0b6ccc748e398158547278964a) Importer(815301076,1909f56bfc062723c751e8b465ee728b)
Number of updated assets reloaded before import = 0
Start importing Assets/TownManagement/City Builder Template/Textures/Atlases/ui/army.png using Guid(0816dd0b6ccc748e398158547278964a) Importer(815301076,1909f56bfc062723c751e8b465ee728b)  -> (artifact id: '2bd5e8c012155ce8685c8d732842d49a') in 0.034559 seconds 
Number of asset objects unloaded after import = 3
========================================================================
Received Import Request.
  Time since last request: 0.000024 seconds.
  path: Assets/TcgEngine/Sprites/Cards/blank_blue.png
  artifactKey: Guid(b01d782adabb16a46822d334f464a265) Importer(815301076,1909f56bfc062723c751e8b465ee728b)
Number of updated assets reloaded before import = 0
Start importing Assets/TcgEngine/Sprites/Cards/blank_blue.png using Guid(b01d782adabb16a46822d334f464a265) Importer(815301076,1909f56bfc062723c751e8b465ee728b)  -> (artifact id: 'd793eff13b4e510cf4f74dae1fbeb222') in 0.083285 seconds 
Number of asset objects unloaded after import = 3
========================================================================
Received Import Request.
  Time since last request: 0.000027 seconds.
  path: Assets/TcgEngine/Sprites/Cards/bear.png
  artifactKey: Guid(4bb7ef8da368739459111618f0a429d6) Importer(815301076,1909f56bfc062723c751e8b465ee728b)
Number of updated assets reloaded before import = 0
Start importing Assets/TcgEngine/Sprites/Cards/bear.png using Guid(4bb7ef8da368739459111618f0a429d6) Importer(815301076,1909f56bfc062723c751e8b465ee728b)  -> (artifact id: '3c73738b15a873da559a46c71d806879') in 0.098419 seconds 
Number of asset objects unloaded after import = 3
========================================================================
Received Import Request.
  Time since last request: 0.000017 seconds.
  path: Assets/TcgEngine/Sprites/UI/button_large.png
  artifactKey: Guid(80bb4745fbd49ca49b161ac56ac1eb9b) Importer(815301076,1909f56bfc062723c751e8b465ee728b)
Number of updated assets reloaded before import = 0
Start importing Assets/TcgEngine/Sprites/UI/button_large.png using Guid(80bb4745fbd49ca49b161ac56ac1eb9b) Importer(815301076,1909f56bfc062723c751e8b465ee728b)  -> (artifact id: '3032c79564d358ef4c9c51bb5fb8fabf') in 0.039025 seconds 
Number of asset objects unloaded after import = 3
========================================================================
Received Import Request.
  Time since last request: 0.000038 seconds.
  path: Assets/TcgEngine/Sprites/FX/Circle.png
  artifactKey: Guid(983b8d00f26dbcd4a82e35a6444767c7) Importer(815301076,1909f56bfc062723c751e8b465ee728b)
Number of updated assets reloaded before import = 0
Start importing Assets/TcgEngine/Sprites/FX/Circle.png using Guid(983b8d00f26dbcd4a82e35a6444767c7) Importer(815301076,1909f56bfc062723c751e8b465ee728b)  -> (artifact id: 'a54680d295f3f77e318d203d615e9eff') in 0.029001 seconds 
Number of asset objects unloaded after import = 3
========================================================================
Received Import Request.
  Time since last request: 0.000020 seconds.
  path: Assets/TcgEngine/Sprites/UI/button_square.png
  artifactKey: Guid(bd15d2257a555a0429ca66a7a73d6817) Importer(815301076,1909f56bfc062723c751e8b465ee728b)
Number of updated assets reloaded before import = 0
Start importing Assets/TcgEngine/Sprites/UI/button_square.png using Guid(bd15d2257a555a0429ca66a7a73d6817) Importer(815301076,1909f56bfc062723c751e8b465ee728b)  -> (artifact id: '2e5da79c56375eeb8c71838645a95938') in 0.028937 seconds 
Number of asset objects unloaded after import = 3
========================================================================
Received Import Request.
  Time since last request: 0.000025 seconds.
  path: Assets/TownManagement/City Builder Template/Textures/Atlases/ui/_items_thumb/archer_thumb.png
  artifactKey: Guid(848c5037808ff475a9ae22e157de55c4) Importer(815301076,1909f56bfc062723c751e8b465ee728b)
Number of updated assets reloaded before import = 0
Start importing Assets/TownManagement/City Builder Template/Textures/Atlases/ui/_items_thumb/archer_thumb.png using Guid(848c5037808ff475a9ae22e157de55c4) Importer(815301076,1909f56bfc062723c751e8b465ee728b)  -> (artifact id: '9a519fc545097bc4458ec82a54808413') in 0.032016 seconds 
Number of asset objects unloaded after import = 3
========================================================================
Received Import Request.
  Time since last request: 0.000033 seconds.
  path: Assets/TownManagement/City Builder Template/Textures/Atlases/ui/button1.png
  artifactKey: Guid(822513f48f38140c3983ca3231eb9b10) Importer(815301076,1909f56bfc062723c751e8b465ee728b)
Number of updated assets reloaded before import = 0
Start importing Assets/TownManagement/City Builder Template/Textures/Atlases/ui/button1.png using Guid(822513f48f38140c3983ca3231eb9b10) Importer(815301076,1909f56bfc062723c751e8b465ee728b)  -> (artifact id: '7a555b7e775e4dfc9a5eb7aaa41956fb') in 0.026310 seconds 
Number of asset objects unloaded after import = 3
========================================================================
Received Import Request.
  Time since last request: 0.000027 seconds.
  path: Assets/TcgEngine/Sprites/Cardbacks/cardback_circle.png
  artifactKey: Guid(664868bcacc6e164a8bb72881e7cbbeb) Importer(815301076,1909f56bfc062723c751e8b465ee728b)
Number of updated assets reloaded before import = 0
Start importing Assets/TcgEngine/Sprites/Cardbacks/cardback_circle.png using Guid(664868bcacc6e164a8bb72881e7cbbeb) Importer(815301076,1909f56bfc062723c751e8b465ee728b)  -> (artifact id: 'd01e613d04c752d1a45c6c7b6cc06010') in 0.097289 seconds 
Number of asset objects unloaded after import = 3
========================================================================
Received Import Request.
  Time since last request: 0.000028 seconds.
  path: Assets/TcgEngine/Sprites/Avatar/bear.png
  artifactKey: Guid(b6d3ddf54d5b9b043b6dff48c11ff35c) Importer(815301076,1909f56bfc062723c751e8b465ee728b)
Number of updated assets reloaded before import = 0
Start importing Assets/TcgEngine/Sprites/Avatar/bear.png using Guid(b6d3ddf54d5b9b043b6dff48c11ff35c) Importer(815301076,1909f56bfc062723c751e8b465ee728b)  -> (artifact id: '8462591feeb9f86458d5dcdbc22af465') in 0.049393 seconds 
Number of asset objects unloaded after import = 3
========================================================================
Received Import Request.
  Time since last request: 0.000017 seconds.
  path: Assets/TownManagement/City Builder Template/Textures/Atlases/ui/attack_thumb.png
  artifactKey: Guid(bd0689cfd6f524f2aabfcad685a8d37c) Importer(815301076,1909f56bfc062723c751e8b465ee728b)
Number of updated assets reloaded before import = 0
Start importing Assets/TownManagement/City Builder Template/Textures/Atlases/ui/attack_thumb.png using Guid(bd0689cfd6f524f2aabfcad685a8d37c) Importer(815301076,1909f56bfc062723c751e8b465ee728b)  -> (artifact id: 'bc60de60cc0082372df719059a39ef67') in 0.025779 seconds 
Number of asset objects unloaded after import = 3
========================================================================
Received Import Request.
  Time since last request: 0.000025 seconds.
  path: Assets/TcgEngine/Sprites/CardsBoard/blank_green_board.png
  artifactKey: Guid(fa0f48d65ef3d6145b8915d25c0eaddf) Importer(815301076,1909f56bfc062723c751e8b465ee728b)
Number of updated assets reloaded before import = 0
Start importing Assets/TcgEngine/Sprites/CardsBoard/blank_green_board.png using Guid(fa0f48d65ef3d6145b8915d25c0eaddf) Importer(815301076,1909f56bfc062723c751e8b465ee728b)  -> (artifact id: 'f7ad1d9bb3eecc4914a8c0611b789e06') in 0.056207 seconds 
Number of asset objects unloaded after import = 3
========================================================================
Received Import Request.
  Time since last request: 0.000030 seconds.
  path: Assets/TcgEngine/Sprites/Cardbacks/cardback_diamond.png
  artifactKey: Guid(df6abd6f03ced9b40a2959d795b5b306) Importer(815301076,1909f56bfc062723c751e8b465ee728b)
Number of updated assets reloaded before import = 0
Start importing Assets/TcgEngine/Sprites/Cardbacks/cardback_diamond.png using Guid(df6abd6f03ced9b40a2959d795b5b306) Importer(815301076,1909f56bfc062723c751e8b465ee728b)  -> (artifact id: '8f4509aa3be8b963b8fcbab4675b84ef') in 0.114438 seconds 
Number of asset objects unloaded after import = 3
========================================================================
Received Import Request.
  Time since last request: 0.000021 seconds.
  path: Assets/TcgEngine/Sprites/Cards/bull.png
  artifactKey: Guid(40307ec5eae2d92459a10d13d4a6de5f) Importer(815301076,1909f56bfc062723c751e8b465ee728b)
Number of updated assets reloaded before import = 0
Start importing Assets/TcgEngine/Sprites/Cards/bull.png using Guid(40307ec5eae2d92459a10d13d4a6de5f) Importer(815301076,1909f56bfc062723c751e8b465ee728b)  -> (artifact id: 'd6d807f800f338f1f9bfdbff8fe3c725') in 0.107546 seconds 
Number of asset objects unloaded after import = 3
========================================================================
Received Import Request.
  Time since last request: 0.000022 seconds.
  path: Assets/TownManagement/City Builder Template/Textures/Atlases/ui/_items_thumb/boat.png
  artifactKey: Guid(e602c8186a6a4478d8fd9d4a18eddf95) Importer(815301076,1909f56bfc062723c751e8b465ee728b)
Number of updated assets reloaded before import = 0
Start importing Assets/TownManagement/City Builder Template/Textures/Atlases/ui/_items_thumb/boat.png using Guid(e602c8186a6a4478d8fd9d4a18eddf95) Importer(815301076,1909f56bfc062723c751e8b465ee728b)  -> (artifact id: 'aacd35ecd4dcb8888d5a8afe761c1d86') in 0.030526 seconds 
Number of asset objects unloaded after import = 3
========================================================================
Received Import Request.
  Time since last request: 0.000027 seconds.
  path: Assets/TownManagement/City Builder Template/Textures/Atlases/ui/_items_thumb/builder_hut.png
  artifactKey: Guid(9b362156b32c8490991730fce97a3135) Importer(815301076,1909f56bfc062723c751e8b465ee728b)
Number of updated assets reloaded before import = 0
Start importing Assets/TownManagement/City Builder Template/Textures/Atlases/ui/_items_thumb/builder_hut.png using Guid(9b362156b32c8490991730fce97a3135) Importer(815301076,1909f56bfc062723c751e8b465ee728b)  -> (artifact id: '4dbefe76da4196a8139be64c0fbcf1ab') in 0.034450 seconds 
Number of asset objects unloaded after import = 3
========================================================================
Received Import Request.
  Time since last request: 0.000022 seconds.
  path: Assets/TcgEngine/Sprites/FX/card_glow_board.png
  artifactKey: Guid(b44484a51437e03489ba17aef9aa199b) Importer(815301076,1909f56bfc062723c751e8b465ee728b)
Number of updated assets reloaded before import = 0
Start importing Assets/TcgEngine/Sprites/FX/card_glow_board.png using Guid(b44484a51437e03489ba17aef9aa199b) Importer(815301076,1909f56bfc062723c751e8b465ee728b)  -> (artifact id: '44c2ccbfdcf9dc6efa76c36e59b0b886') in 0.056264 seconds 
Number of asset objects unloaded after import = 3
========================================================================
Received Import Request.
  Time since last request: 0.000020 seconds.
  path: Assets/TownManagement/City Builder Template/Textures/Atlases/ui/_items_thumb/camp.png
  artifactKey: Guid(24281285aa89e48b5beb700038ac4517) Importer(815301076,1909f56bfc062723c751e8b465ee728b)
Number of updated assets reloaded before import = 0
Start importing Assets/TownManagement/City Builder Template/Textures/Atlases/ui/_items_thumb/camp.png using Guid(24281285aa89e48b5beb700038ac4517) Importer(815301076,1909f56bfc062723c751e8b465ee728b)  -> (artifact id: 'c3cd73df765cdebd5f591f09eea674b6') in 0.027179 seconds 
Number of asset objects unloaded after import = 3
========================================================================
Received Import Request.
  Time since last request: 0.000016 seconds.
  path: Assets/TcgEngine/Sprites/UI/board_slot.png
  artifactKey: Guid(bc706e3ebe284a54eb14bd2205c9c309) Importer(815301076,1909f56bfc062723c751e8b465ee728b)
Number of updated assets reloaded before import = 0
Start importing Assets/TcgEngine/Sprites/UI/board_slot.png using Guid(bc706e3ebe284a54eb14bd2205c9c309) Importer(815301076,1909f56bfc062723c751e8b465ee728b)  -> (artifact id: 'baec8acabf2f89377a205d03faa6b818') in 0.026142 seconds 
Number of asset objects unloaded after import = 3
========================================================================
Received Import Request.
  Time since last request: 0.000021 seconds.
  path: Assets/TcgEngine/Sprites/Cards/armored_beast.png
  artifactKey: Guid(99b2df2a79520804883a1959ed58d2d7) Importer(815301076,1909f56bfc062723c751e8b465ee728b)
Number of updated assets reloaded before import = 0
Start importing Assets/TcgEngine/Sprites/Cards/armored_beast.png using Guid(99b2df2a79520804883a1959ed58d2d7) Importer(815301076,1909f56bfc062723c751e8b465ee728b)  -> (artifact id: '75eb2cdf60195c09eceebe9487b4e348') in 0.108019 seconds 
Number of asset objects unloaded after import = 3
========================================================================
Received Import Request.
  Time since last request: 0.000022 seconds.
  path: Assets/TownManagement/City Builder Template/Textures/Atlases/ui/button_normal_yellow.png
  artifactKey: Guid(83f6aa56b4daf4aa69a6ac0588da6d7a) Importer(815301076,1909f56bfc062723c751e8b465ee728b)
Number of updated assets reloaded before import = 0
Start importing Assets/TownManagement/City Builder Template/Textures/Atlases/ui/button_normal_yellow.png using Guid(83f6aa56b4daf4aa69a6ac0588da6d7a) Importer(815301076,1909f56bfc062723c751e8b465ee728b)  -> (artifact id: '5d3289338db554b1f858d6344e83ab0a') in 0.033544 seconds 
Number of asset objects unloaded after import = 3
========================================================================
Received Import Request.
  Time since last request: 0.000029 seconds.
  path: Assets/TcgEngine/Sprites/UI/blue_box.png
  artifactKey: Guid(b2becec387a54224f90e74bcccbae24c) Importer(815301076,1909f56bfc062723c751e8b465ee728b)
Number of updated assets reloaded before import = 0
Start importing Assets/TcgEngine/Sprites/UI/blue_box.png using Guid(b2becec387a54224f90e74bcccbae24c) Importer(815301076,1909f56bfc062723c751e8b465ee728b)  -> (artifact id: '124631d11f863495ae8c1e37acaa26b4') in 0.039900 seconds 
Number of asset objects unloaded after import = 3
========================================================================
Received Import Request.
  Time since last request: 0.000020 seconds.
  path: Assets/TcgEngine/Sprites/UI/arena_target_box.png
  artifactKey: Guid(338cdeaa189b0f6429c5a2dfa4b21a6a) Importer(815301076,1909f56bfc062723c751e8b465ee728b)
Number of updated assets reloaded before import = 0
Start importing Assets/TcgEngine/Sprites/UI/arena_target_box.png using Guid(338cdeaa189b0f6429c5a2dfa4b21a6a) Importer(815301076,1909f56bfc062723c751e8b465ee728b)  -> (artifact id: '46df2ac5414fe4a9139026778ecf9535') in 0.028008 seconds 
Number of asset objects unloaded after import = 3
========================================================================
Received Import Request.
  Time since last request: 0.000021 seconds.
  path: Assets/TcgEngine/Sprites/Menu/box3.png
  artifactKey: Guid(70f70e52920d29e4e90e4e8afa07756e) Importer(815301076,1909f56bfc062723c751e8b465ee728b)
Number of updated assets reloaded before import = 0
Start importing Assets/TcgEngine/Sprites/Menu/box3.png using Guid(70f70e52920d29e4e90e4e8afa07756e) Importer(815301076,1909f56bfc062723c751e8b465ee728b)  -> (artifact id: '4fc27d24d3d6e8071c0bb5ca492b47f7') in 0.072986 seconds 
Number of asset objects unloaded after import = 3
========================================================================
Received Import Request.
  Time since last request: 0.000019 seconds.
  path: Assets/TcgEngine/Sprites/CardsBoard/cave_board.png
  artifactKey: Guid(fe8ea4703d16a9b4793fb214a7f6bc42) Importer(815301076,1909f56bfc062723c751e8b465ee728b)
Number of updated assets reloaded before import = 0
Start importing Assets/TcgEngine/Sprites/CardsBoard/cave_board.png using Guid(fe8ea4703d16a9b4793fb214a7f6bc42) Importer(815301076,1909f56bfc062723c751e8b465ee728b)  -> (artifact id: 'ea98d66d9814954fecadb9d10467ea19') in 0.095400 seconds 
Number of asset objects unloaded after import = 3
========================================================================
Received Import Request.
  Time since last request: 0.000024 seconds.
  path: Assets/TcgEngine/Sprites/Cards/blank_green.png
  artifactKey: Guid(4d1154d5ad083664faf54bc18799d6ca) Importer(815301076,1909f56bfc062723c751e8b465ee728b)
Number of updated assets reloaded before import = 0
Start importing Assets/TcgEngine/Sprites/Cards/blank_green.png using Guid(4d1154d5ad083664faf54bc18799d6ca) Importer(815301076,1909f56bfc062723c751e8b465ee728b)  -> (artifact id: '846d6d60eb01ff05e9a8e7a64b319379') in 0.077478 seconds 
Number of asset objects unloaded after import = 3
========================================================================
Received Import Request.
  Time since last request: 0.000035 seconds.
  path: Assets/TcgEngine/Sprites/Menu/bg_menu.png
  artifactKey: Guid(8198554527ebe1e4f96c1f1ba080b5df) Importer(815301076,1909f56bfc062723c751e8b465ee728b)
Number of updated assets reloaded before import = 0
Start importing Assets/TcgEngine/Sprites/Menu/bg_menu.png using Guid(8198554527ebe1e4f96c1f1ba080b5df) Importer(815301076,1909f56bfc062723c751e8b465ee728b)  -> (artifact id: 'c02a059fe4ec01b764e5aec91b932764') in 0.184885 seconds 
Number of asset objects unloaded after import = 3
========================================================================
Received Import Request.
  Time since last request: 0.000016 seconds.
  path: Assets/TcgEngine/Sprites/FX/CircleBlur.png
  artifactKey: Guid(697bfce85f55c8945a443bc933987dd0) Importer(815301076,1909f56bfc062723c751e8b465ee728b)
Number of updated assets reloaded before import = 0
Start importing Assets/TcgEngine/Sprites/FX/CircleBlur.png using Guid(697bfce85f55c8945a443bc933987dd0) Importer(815301076,1909f56bfc062723c751e8b465ee728b)  -> (artifact id: '7cb7e6ff33e039778af345bdd07660c9') in 0.024201 seconds 
Number of asset objects unloaded after import = 3
========================================================================
Received Import Request.
  Time since last request: 3.539802 seconds.
  path: Assets/TcgEngine/Sprites/UI/collection_team_icon.png
  artifactKey: Guid(a8ee6a2f10b65e8438e413fd2554561c) Importer(815301076,1909f56bfc062723c751e8b465ee728b)
Number of updated assets reloaded before import = 0
Start importing Assets/TcgEngine/Sprites/UI/collection_team_icon.png using Guid(a8ee6a2f10b65e8438e413fd2554561c) Importer(815301076,1909f56bfc062723c751e8b465ee728b)  -> (artifact id: '66c5906749aef44b118cec641f1ead62') in 0.027435 seconds 
Number of asset objects unloaded after import = 3
========================================================================
Received Import Request.
  Time since last request: 0.000017 seconds.
  path: Assets/TcgEngine/Sprites/UI/exit.png
  artifactKey: Guid(27e81adbc9662c74ba0efbdccdfea13c) Importer(815301076,1909f56bfc062723c751e8b465ee728b)
Number of updated assets reloaded before import = 0
Start importing Assets/TcgEngine/Sprites/UI/exit.png using Guid(27e81adbc9662c74ba0efbdccdfea13c) Importer(815301076,1909f56bfc062723c751e8b465ee728b)  -> (artifact id: 'd1c001d0083a00d0855027b45a9ecf58') in 0.031844 seconds 
Number of asset objects unloaded after import = 3
========================================================================
Received Import Request.
  Time since last request: 0.000017 seconds.
  path: Assets/TcgEngine/Sprites/UI/internet-icon.png
  artifactKey: Guid(83a7e381c23ed1744956337e5cc1edad) Importer(815301076,1909f56bfc062723c751e8b465ee728b)
Number of updated assets reloaded before import = 0
Start importing Assets/TcgEngine/Sprites/UI/internet-icon.png using Guid(83a7e381c23ed1744956337e5cc1edad) Importer(815301076,1909f56bfc062723c751e8b465ee728b)  -> (artifact id: '1f4f8620ed6a3a621dca0a49eaa5a99c') in 0.024938 seconds 
Number of asset objects unloaded after import = 3
========================================================================
Received Import Request.
  Time since last request: 0.000019 seconds.
  path: Assets/TcgEngine/Sprites/UI/quantity_bar2.png
  artifactKey: Guid(4cd58c3dcefec7e42b75aac254c4e86b) Importer(815301076,1909f56bfc062723c751e8b465ee728b)
Number of updated assets reloaded before import = 0
Start importing Assets/TcgEngine/Sprites/UI/quantity_bar2.png using Guid(4cd58c3dcefec7e42b75aac254c4e86b) Importer(815301076,1909f56bfc062723c751e8b465ee728b)  -> (artifact id: 'a1726afbce04ab673d96dde8f84d1731') in 0.032826 seconds 
Number of asset objects unloaded after import = 3
========================================================================
Received Import Request.
  Time since last request: 0.000020 seconds.
  path: Assets/TcgEngine/Sprites/UI/input_search.png
  artifactKey: Guid(d0b4af90d1aa0a14691128aa4f7e7f44) Importer(815301076,1909f56bfc062723c751e8b465ee728b)
Number of updated assets reloaded before import = 0
Start importing Assets/TcgEngine/Sprites/UI/input_search.png using Guid(d0b4af90d1aa0a14691128aa4f7e7f44) Importer(815301076,1909f56bfc062723c751e8b465ee728b)  -> (artifact id: 'd9ae09a720c85f8f82680a8012b2995f') in 0.028798 seconds 
Number of asset objects unloaded after import = 3
========================================================================
Received Import Request.
  Time since last request: 0.000025 seconds.
  path: Assets/TcgEngine/Sprites/UI/equip_glow.png
  artifactKey: Guid(ae2f8066100871241a772a75530ce902) Importer(815301076,1909f56bfc062723c751e8b465ee728b)
Number of updated assets reloaded before import = 0
Start importing Assets/TcgEngine/Sprites/UI/equip_glow.png using Guid(ae2f8066100871241a772a75530ce902) Importer(815301076,1909f56bfc062723c751e8b465ee728b)  -> (artifact id: 'ba6177bffe5bbbd42b4cdfe7e3e706c9') in 0.045061 seconds 
Number of asset objects unloaded after import = 3
========================================================================
Received Import Request.
  Time since last request: 0.000018 seconds.
  path: Assets/TcgEngine/Sprites/UI/frame_circle_gold.png
  artifactKey: Guid(378890860b867ba4d8cefdd1e7ae883a) Importer(815301076,1909f56bfc062723c751e8b465ee728b)
Number of updated assets reloaded before import = 0
Start importing Assets/TcgEngine/Sprites/UI/frame_circle_gold.png using Guid(378890860b867ba4d8cefdd1e7ae883a) Importer(815301076,1909f56bfc062723c751e8b465ee728b)  -> (artifact id: '261135ebe1c15e63e6998a53ac4e8a6c') in 0.041233 seconds 
Number of asset objects unloaded after import = 3
========================================================================
Received Import Request.
  Time since last request: 0.000030 seconds.
  path: Assets/TcgEngine/Sprites/UI/settings.png
  artifactKey: Guid(9e31648c5f9aedc479c8690fb6e5e6e7) Importer(815301076,1909f56bfc062723c751e8b465ee728b)
Number of updated assets reloaded before import = 0
Start importing Assets/TcgEngine/Sprites/UI/settings.png using Guid(9e31648c5f9aedc479c8690fb6e5e6e7) Importer(815301076,1909f56bfc062723c751e8b465ee728b)  -> (artifact id: 'e2716add98dba0dce5403410db4cc206') in 0.031033 seconds 
Number of asset objects unloaded after import = 3
========================================================================
Received Import Request.
  Time since last request: 0.000022 seconds.
  path: Assets/TcgEngine/Sprites/UI/win_glow.png
  artifactKey: Guid(edb12e6efe10eb046b9f6fb3638e4e54) Importer(815301076,1909f56bfc062723c751e8b465ee728b)
Number of updated assets reloaded before import = 0
Start importing Assets/TcgEngine/Sprites/UI/win_glow.png using Guid(edb12e6efe10eb046b9f6fb3638e4e54) Importer(815301076,1909f56bfc062723c751e8b465ee728b)  -> (artifact id: 'b39ea74880ef2f6e6e5ccb4a1dcd2a87') in 0.028132 seconds 
Number of asset objects unloaded after import = 3
========================================================================
Received Import Request.
  Time since last request: 0.000022 seconds.
  path: Assets/TcgEngine/Sprites/UI/input_field_long.png
  artifactKey: Guid(f4a7a8d007f40fc4f8942a932d5fae98) Importer(815301076,1909f56bfc062723c751e8b465ee728b)
Number of updated assets reloaded before import = 0
Start importing Assets/TcgEngine/Sprites/UI/input_field_long.png using Guid(f4a7a8d007f40fc4f8942a932d5fae98) Importer(815301076,1909f56bfc062723c751e8b465ee728b)  -> (artifact id: '205c2263cf72f88e7f1d21ec1b2fbc5f') in 0.032532 seconds 
Number of asset objects unloaded after import = 3
========================================================================
Received Import Request.
  Time since last request: 0.000030 seconds.
  path: Assets/TcgEngine/Sprites/UI/logout.png
  artifactKey: Guid(5eb9182d850dd3a43aadb513df1f7d70) Importer(815301076,1909f56bfc062723c751e8b465ee728b)
Number of updated assets reloaded before import = 0
Start importing Assets/TcgEngine/Sprites/UI/logout.png using Guid(5eb9182d850dd3a43aadb513df1f7d70) Importer(815301076,1909f56bfc062723c751e8b465ee728b)  -> (artifact id: 'bf30d7a501b8284ab447da15b9a67227') in 0.024280 seconds 
Number of asset objects unloaded after import = 3
========================================================================
Received Import Request.
  Time since last request: 0.000028 seconds.
  path: Assets/TcgEngine/Sprites/UI/input_field.png
  artifactKey: Guid(bf1ab67c3af80f74b9bbd73e1b135b3f) Importer(815301076,1909f56bfc062723c751e8b465ee728b)
Number of updated assets reloaded before import = 0
Start importing Assets/TcgEngine/Sprites/UI/input_field.png using Guid(bf1ab67c3af80f74b9bbd73e1b135b3f) Importer(815301076,1909f56bfc062723c751e8b465ee728b)  -> (artifact id: '2219f6ecb8fc48f10852ca05f48c0a40') in 0.030846 seconds 
Number of asset objects unloaded after import = 3
========================================================================
Received Import Request.
  Time since last request: 0.000017 seconds.
  path: Assets/TcgEngine/Sprites/UI/frame_gold.png
  artifactKey: Guid(e60f9610adb91264b8a78e4bfbe5cde8) Importer(815301076,1909f56bfc062723c751e8b465ee728b)
Number of updated assets reloaded before import = 0
Start importing Assets/TcgEngine/Sprites/UI/frame_gold.png using Guid(e60f9610adb91264b8a78e4bfbe5cde8) Importer(815301076,1909f56bfc062723c751e8b465ee728b)  -> (artifact id: '55a4d478f8177ae51fab95049a245b00') in 0.074379 seconds 
Number of asset objects unloaded after import = 3
========================================================================
Received Import Request.
  Time since last request: 0.000022 seconds.
  path: Assets/TcgEngine/Sprites/UI/observe.png
  artifactKey: Guid(b13c675fad5997748af0009209235df8) Importer(815301076,1909f56bfc062723c751e8b465ee728b)
Number of updated assets reloaded before import = 0
Start importing Assets/TcgEngine/Sprites/UI/observe.png using Guid(b13c675fad5997748af0009209235df8) Importer(815301076,1909f56bfc062723c751e8b465ee728b)  -> (artifact id: 'b63c0592a07589dbc6d943a8561f0f93') in 0.037703 seconds 
Number of asset objects unloaded after import = 3
========================================================================
Received Import Request.
  Time since last request: 0.000026 seconds.
  path: Assets/TcgEngine/Sprites/UI/mana_full.png
  artifactKey: Guid(2b8a2aed9882e774bba6723260f7a6fc) Importer(815301076,1909f56bfc062723c751e8b465ee728b)
Number of updated assets reloaded before import = 0
Start importing Assets/TcgEngine/Sprites/UI/mana_full.png using Guid(2b8a2aed9882e774bba6723260f7a6fc) Importer(815301076,1909f56bfc062723c751e8b465ee728b)  -> (artifact id: '384ae0253defaed42aec96624585fd4e') in 0.027678 seconds 
Number of asset objects unloaded after import = 3
========================================================================
Received Import Request.
  Time since last request: 0.002303 seconds.
  path: Assets/TcgEngine/Sprites/UI/win_particles.png
  artifactKey: Guid(714c9063039168942a399d2608d10482) Importer(815301076,1909f56bfc062723c751e8b465ee728b)
Number of updated assets reloaded before import = 0
Start importing Assets/TcgEngine/Sprites/UI/win_particles.png using Guid(714c9063039168942a399d2608d10482) Importer(815301076,1909f56bfc062723c751e8b465ee728b)  -> (artifact id: '159ce3ab66cc11b2859afa517cc486a9') in 0.055735 seconds 
Number of asset objects unloaded after import = 3
========================================================================
Received Import Request.
  Time since last request: 0.000028 seconds.
  path: Assets/TcgEngine/Sprites/UI/hourglass.png
  artifactKey: Guid(9861376d970ed9c43b459e71eff3e5b1) Importer(815301076,1909f56bfc062723c751e8b465ee728b)
Number of updated assets reloaded before import = 0
Start importing Assets/TcgEngine/Sprites/UI/hourglass.png using Guid(9861376d970ed9c43b459e71eff3e5b1) Importer(815301076,1909f56bfc062723c751e8b465ee728b)  -> (artifact id: '2fde12e670736adfff64bbd682ce0c6f') in 0.041045 seconds 
Number of asset objects unloaded after import = 3
========================================================================
Received Import Request.
  Time since last request: 0.000023 seconds.
  path: Assets/TcgEngine/Sprites/UI/menu.png
  artifactKey: Guid(e37726a52eefd6f41861a700cb75c030) Importer(815301076,1909f56bfc062723c751e8b465ee728b)
Number of updated assets reloaded before import = 0
Start importing Assets/TcgEngine/Sprites/UI/menu.png using Guid(e37726a52eefd6f41861a700cb75c030) Importer(815301076,1909f56bfc062723c751e8b465ee728b)  -> (artifact id: '0af65cb05b0d5ce484a1e11dc5983a6d') in 0.023751 seconds 
Number of asset objects unloaded after import = 3
========================================================================
Received Import Request.
  Time since last request: 0.000033 seconds.
  path: Assets/TcgEngine/Sprites/UI/tchat.png
  artifactKey: Guid(b4e6a1ae93d3d9743b6b3fe1aec5b99b) Importer(815301076,1909f56bfc062723c751e8b465ee728b)
Number of updated assets reloaded before import = 0
Start importing Assets/TcgEngine/Sprites/UI/tchat.png using Guid(b4e6a1ae93d3d9743b6b3fe1aec5b99b) Importer(815301076,1909f56bfc062723c751e8b465ee728b)  -> (artifact id: 'c6869f1d4b594d9ec4205d266d72f105') in 0.034763 seconds 
Number of asset objects unloaded after import = 3
========================================================================
Received Import Request.
  Time since last request: 0.000019 seconds.
  path: Assets/TcgEngine/Sprites/UI/Square.png
  artifactKey: Guid(307cce3a70fb34d42ab96cc1a66c5d6d) Importer(815301076,1909f56bfc062723c751e8b465ee728b)
Number of updated assets reloaded before import = 0
Start importing Assets/TcgEngine/Sprites/UI/Square.png using Guid(307cce3a70fb34d42ab96cc1a66c5d6d) Importer(815301076,1909f56bfc062723c751e8b465ee728b)  -> (artifact id: '956a29a1e547e6c6d8a7247b3b36fbf1') in 0.026931 seconds 
Number of asset objects unloaded after import = 3
========================================================================
Received Import Request.
  Time since last request: 0.000025 seconds.
  path: Assets/TcgEngine/Sprites/UI/friend_online.png
  artifactKey: Guid(b38a462a8e66e784185bc5c3d2a4475e) Importer(815301076,1909f56bfc062723c751e8b465ee728b)
Number of updated assets reloaded before import = 0
Start importing Assets/TcgEngine/Sprites/UI/friend_online.png using Guid(b38a462a8e66e784185bc5c3d2a4475e) Importer(815301076,1909f56bfc062723c751e8b465ee728b)  -> (artifact id: 'e96610051a953ec6f17f4378b399a7da') in 0.028085 seconds 
Number of asset objects unloaded after import = 3
========================================================================
Received Import Request.
  Time since last request: 0.000036 seconds.
  path: Assets/TcgEngine/Sprites/UI/frame_silver.png
  artifactKey: Guid(757ca8db8bd609e449364b81d8bcb9b6) Importer(815301076,1909f56bfc062723c751e8b465ee728b)
Number of updated assets reloaded before import = 0
Start importing Assets/TcgEngine/Sprites/UI/frame_silver.png using Guid(757ca8db8bd609e449364b81d8bcb9b6) Importer(815301076,1909f56bfc062723c751e8b465ee728b)  -> (artifact id: '1e379416aa1929bd1f1470d3f70bb0f8') in 0.079168 seconds 
Number of asset objects unloaded after import = 3
========================================================================
Received Import Request.
  Time since last request: 2901.177163 seconds.
  path: Assets/TownManagement/City Builder Template/Textures/Atlases/ui/cloud.png
  artifactKey: Guid(36a6eb3945aed4ac5855727fa4fde46d) Importer(815301076,1909f56bfc062723c751e8b465ee728b)
Number of updated assets reloaded before import = 0
Start importing Assets/TownManagement/City Builder Template/Textures/Atlases/ui/cloud.png using Guid(36a6eb3945aed4ac5855727fa4fde46d) Importer(815301076,1909f56bfc062723c751e8b465ee728b)  -> (artifact id: '2a5f5b6b30b04e08e8c830e74af68691') in 0.063088 seconds 
Number of asset objects unloaded after import = 3
========================================================================
Received Import Request.
  Time since last request: 0.000079 seconds.
  path: Assets/TownManagement/City Builder Template/Textures/Atlases/ui/collect_notification_panel.png
  artifactKey: Guid(d76fa4bc93cd94a4294e50bdb2dbecd0) Importer(815301076,1909f56bfc062723c751e8b465ee728b)
Number of updated assets reloaded before import = 0
Start importing Assets/TownManagement/City Builder Template/Textures/Atlases/ui/collect_notification_panel.png using Guid(d76fa4bc93cd94a4294e50bdb2dbecd0) Importer(815301076,1909f56bfc062723c751e8b465ee728b)  -> (artifact id: 'f7556879168c66952a3b55dabac4fbb7') in 0.049969 seconds 
Number of asset objects unloaded after import = 3
========================================================================
Received Import Request.
  Time since last request: 0.000036 seconds.
  path: Assets/TcgEngine/Sprites/Menu/collection_deck_title.png
  artifactKey: Guid(41ada1ab6be08604486b8d24b815d33b) Importer(815301076,1909f56bfc062723c751e8b465ee728b)
Number of updated assets reloaded before import = 0
Start importing Assets/TcgEngine/Sprites/Menu/collection_deck_title.png using Guid(41ada1ab6be08604486b8d24b815d33b) Importer(815301076,1909f56bfc062723c751e8b465ee728b)  -> (artifact id: 'f1806fdf6404a942dd7d8a9196915ad7') in 0.039226 seconds 
Number of asset objects unloaded after import = 3
========================================================================
Received Import Request.
  Time since last request: 0.000024 seconds.
  path: Assets/TownManagement/City Builder Template/Textures/Atlases/ui/coin_icon.png
  artifactKey: Guid(b2ce9da243c1944c38860708c81f6ee6) Importer(815301076,1909f56bfc062723c751e8b465ee728b)
Number of updated assets reloaded before import = 0
Start importing Assets/TownManagement/City Builder Template/Textures/Atlases/ui/coin_icon.png using Guid(b2ce9da243c1944c38860708c81f6ee6) Importer(815301076,1909f56bfc062723c751e8b465ee728b)  -> (artifact id: '423c145b6e35213a39b64d1fac454988') in 0.028113 seconds 
Number of asset objects unloaded after import = 3
========================================================================
Received Import Request.
  Time since last request: 3.640750 seconds.
  path: Assets/TcgEngine/Sprites/Menu/collection_panel_right.png
  artifactKey: Guid(4d628968a12249144b985aaac1724ac1) Importer(815301076,1909f56bfc062723c751e8b465ee728b)
Number of updated assets reloaded before import = 0
Start importing Assets/TcgEngine/Sprites/Menu/collection_panel_right.png using Guid(4d628968a12249144b985aaac1724ac1) Importer(815301076,1909f56bfc062723c751e8b465ee728b)  -> (artifact id: 'a3cdadcd26772f4ee0455ff36eaec7ab') in 0.069266 seconds 
Number of asset objects unloaded after import = 3
========================================================================
Received Import Request.
  Time since last request: 0.000026 seconds.
  path: Assets/TcgEngine/Sprites/Cards/crab.png
  artifactKey: Guid(cce549b2eaf206644bd6bc7ac6e38295) Importer(815301076,1909f56bfc062723c751e8b465ee728b)
Number of updated assets reloaded before import = 0
Start importing Assets/TcgEngine/Sprites/Cards/crab.png using Guid(cce549b2eaf206644bd6bc7ac6e38295) Importer(815301076,1909f56bfc062723c751e8b465ee728b)  -> (artifact id: '13efad0286468d240be1bd38516727a6') in 0.125720 seconds 
Number of asset objects unloaded after import = 3
========================================================================
Received Import Request.
  Time since last request: 0.000020 seconds.
  path: Assets/TcgEngine/Sprites/Cardbacks/deck_circle.png
  artifactKey: Guid(f8606ce8e07d61740a8344a644e5362e) Importer(815301076,1909f56bfc062723c751e8b465ee728b)
Number of updated assets reloaded before import = 0
Start importing Assets/TcgEngine/Sprites/Cardbacks/deck_circle.png using Guid(f8606ce8e07d61740a8344a644e5362e) Importer(815301076,1909f56bfc062723c751e8b465ee728b)  -> (artifact id: 'a072c1d08e11cdceca9661f67d78dd32') in 0.061744 seconds 
Number of asset objects unloaded after import = 3
========================================================================
Received Import Request.
  Time since last request: 0.000030 seconds.
  path: Assets/TcgEngine/Sprites/Menu/collection_section.png
  artifactKey: Guid(335414b5facfa864580362ab90bcc72b) Importer(815301076,1909f56bfc062723c751e8b465ee728b)
Number of updated assets reloaded before import = 0
Start importing Assets/TcgEngine/Sprites/Menu/collection_section.png using Guid(335414b5facfa864580362ab90bcc72b) Importer(815301076,1909f56bfc062723c751e8b465ee728b)  -> (artifact id: 'cc002d06b8a270a4b501b84e10cf73f8') in 0.028729 seconds 
Number of asset objects unloaded after import = 3
========================================================================
Received Import Request.
  Time since last request: 0.000029 seconds.
  path: Assets/TcgEngine/Sprites/FX/dice.png
  artifactKey: Guid(3eade4e08bec31c458720b7aa8a88ecc) Importer(815301076,1909f56bfc062723c751e8b465ee728b)
Number of updated assets reloaded before import = 0
Start importing Assets/TcgEngine/Sprites/FX/dice.png using Guid(3eade4e08bec31c458720b7aa8a88ecc) Importer(815301076,1909f56bfc062723c751e8b465ee728b)  -> (artifact id: '0335b3fe6d0b1db79ff237f870bfe93c') in 0.049866 seconds 
Number of asset objects unloaded after import = 3
========================================================================
Received Import Request.
  Time since last request: 0.000034 seconds.
  path: Assets/TownManagement/City Builder Template/Textures/Atlases/ui/decorations.png
  artifactKey: Guid(4975f0eb3344b4453b6d39a0390970a0) Importer(815301076,1909f56bfc062723c751e8b465ee728b)
Number of updated assets reloaded before import = 0
Start importing Assets/TownManagement/City Builder Template/Textures/Atlases/ui/decorations.png using Guid(4975f0eb3344b4453b6d39a0390970a0) Importer(815301076,1909f56bfc062723c751e8b465ee728b)  -> (artifact id: 'f95911910510604aa1b299463dca3f60') in 0.035594 seconds 
Number of asset objects unloaded after import = 3
========================================================================
Received Import Request.
  Time since last request: 0.000028 seconds.
  path: Assets/TcgEngine/Sprites/CardsBoard/dragon_red_board.png
  artifactKey: Guid(756c6d28a6a2dd149aeeeeee06ac4010) Importer(815301076,1909f56bfc062723c751e8b465ee728b)
Number of updated assets reloaded before import = 0
Start importing Assets/TcgEngine/Sprites/CardsBoard/dragon_red_board.png using Guid(756c6d28a6a2dd149aeeeeee06ac4010) Importer(815301076,1909f56bfc062723c751e8b465ee728b)  -> (artifact id: 'd208652344afedb1cea736906d0f2b69') in 0.112712 seconds 
Number of asset objects unloaded after import = 3
========================================================================
Received Import Request.
  Time since last request: 0.000030 seconds.
  path: Assets/TcgEngine/Sprites/CardsBoard/eagle_board.png
  artifactKey: Guid(d98fe108a4ff3b74fbf697ff101bbb65) Importer(815301076,1909f56bfc062723c751e8b465ee728b)
Number of updated assets reloaded before import = 0
Start importing Assets/TcgEngine/Sprites/CardsBoard/eagle_board.png using Guid(d98fe108a4ff3b74fbf697ff101bbb65) Importer(815301076,1909f56bfc062723c751e8b465ee728b)  -> (artifact id: '4796edc7e46791a1ecfeeb0b49bfb329') in 0.090831 seconds 
Number of asset objects unloaded after import = 3
========================================================================
Received Import Request.
  Time since last request: 0.000036 seconds.
  path: Assets/TcgEngine/Sprites/Cards/dragon_green.png
  artifactKey: Guid(57f0c14a54bae484e9d621feb3d56249) Importer(815301076,1909f56bfc062723c751e8b465ee728b)
Number of updated assets reloaded before import = 0
Start importing Assets/TcgEngine/Sprites/Cards/dragon_green.png using Guid(57f0c14a54bae484e9d621feb3d56249) Importer(815301076,1909f56bfc062723c751e8b465ee728b)  -> (artifact id: '5e61f4b25918859317eb392291c9f541') in 0.126304 seconds 
Number of asset objects unloaded after import = 3
========================================================================
Received Import Request.
  Time since last request: 0.000027 seconds.
  path: Assets/TcgEngine/Sprites/CardsBoard/dragon_green_board.png
  artifactKey: Guid(ccaee4164e13479428e1ac9cc2a6126a) Importer(815301076,1909f56bfc062723c751e8b465ee728b)
Number of updated assets reloaded before import = 0
Start importing Assets/TcgEngine/Sprites/CardsBoard/dragon_green_board.png using Guid(ccaee4164e13479428e1ac9cc2a6126a) Importer(815301076,1909f56bfc062723c751e8b465ee728b)  -> (artifact id: '333ebfe72616d4c8f2fb7042e696d6db') in 0.101454 seconds 
Number of asset objects unloaded after import = 3
========================================================================
Received Import Request.
  Time since last request: 0.000019 seconds.
  path: Assets/TownManagement/City Builder Template/Textures/Atlases/ui/defence.png
  artifactKey: Guid(f4150dfeae9f048ba8e344f742605333) Importer(815301076,1909f56bfc062723c751e8b465ee728b)
Number of updated assets reloaded before import = 0
Start importing Assets/TownManagement/City Builder Template/Textures/Atlases/ui/defence.png using Guid(f4150dfeae9f048ba8e344f742605333) Importer(815301076,1909f56bfc062723c751e8b465ee728b)  -> (artifact id: '16707f0a4ebe70be129eadad83c3d475') in 0.030654 seconds 
Number of asset objects unloaded after import = 3
========================================================================
Received Import Request.
  Time since last request: 0.000036 seconds.
  path: Assets/TcgEngine/Sprites/Cards/dragon_red.png
  artifactKey: Guid(217ff30ab88fe704d9da8efdebdec2a7) Importer(815301076,1909f56bfc062723c751e8b465ee728b)
Number of updated assets reloaded before import = 0
Start importing Assets/TcgEngine/Sprites/Cards/dragon_red.png using Guid(217ff30ab88fe704d9da8efdebdec2a7) Importer(815301076,1909f56bfc062723c751e8b465ee728b)  -> (artifact id: '4675ab08d716c8c01e7128e76eb8af0a') in 0.119873 seconds 
Number of asset objects unloaded after import = 3
========================================================================
Received Import Request.
  Time since last request: 0.000025 seconds.
  path: Assets/TownManagement/City Builder Template/Textures/Atlases/ui/elixir_icon.png
  artifactKey: Guid(7766399fe0c0a4686a912e4a88213f4d) Importer(815301076,1909f56bfc062723c751e8b465ee728b)
Number of updated assets reloaded before import = 0
Start importing Assets/TownManagement/City Builder Template/Textures/Atlases/ui/elixir_icon.png using Guid(7766399fe0c0a4686a912e4a88213f4d) Importer(815301076,1909f56bfc062723c751e8b465ee728b)  -> (artifact id: '48b7e795b1acae05c7c9194b5a41169f') in 0.029266 seconds 
Number of asset objects unloaded after import = 3
========================================================================
Received Import Request.
  Time since last request: 0.000022 seconds.
  path: Assets/TownManagement/City Builder Template/Textures/Atlases/ui/_items_thumb/elixir_storage.png
  artifactKey: Guid(e152cb780ed644a238901e9bba9f68ab) Importer(815301076,1909f56bfc062723c751e8b465ee728b)
Number of updated assets reloaded before import = 0
Start importing Assets/TownManagement/City Builder Template/Textures/Atlases/ui/_items_thumb/elixir_storage.png using Guid(e152cb780ed644a238901e9bba9f68ab) Importer(815301076,1909f56bfc062723c751e8b465ee728b)  -> (artifact id: 'bd039f768da971a0cd5d633704eba4bd') in 0.038365 seconds 
Number of asset objects unloaded after import = 3
========================================================================
Received Import Request.
  Time since last request: 0.000028 seconds.
  path: Assets/TcgEngine/Sprites/CardsBoard/eel_board.png
  artifactKey: Guid(e7b6b8d655a48f44d88797c5e0687e6f) Importer(815301076,1909f56bfc062723c751e8b465ee728b)
Number of updated assets reloaded before import = 0
Start importing Assets/TcgEngine/Sprites/CardsBoard/eel_board.png using Guid(e7b6b8d655a48f44d88797c5e0687e6f) Importer(815301076,1909f56bfc062723c751e8b465ee728b)  -> (artifact id: '9f89e9cca6c5e86745f8186298208310') in 0.090850 seconds 
Number of asset objects unloaded after import = 3
========================================================================
Received Import Request.
  Time since last request: 0.000044 seconds.
  path: Assets/TcgEngine/Sprites/Cards/fire_chicken.png
  artifactKey: Guid(fbac205dc606347499e187567b38dc8a) Importer(815301076,1909f56bfc062723c751e8b465ee728b)
Number of updated assets reloaded before import = 0
Start importing Assets/TcgEngine/Sprites/Cards/fire_chicken.png using Guid(fbac205dc606347499e187567b38dc8a) Importer(815301076,1909f56bfc062723c751e8b465ee728b)  -> (artifact id: 'e2467834b6fbd712548a088d6d27c8a4') in 0.123426 seconds 
Number of asset objects unloaded after import = 3
========================================================================
Received Import Request.
  Time since last request: 0.000024 seconds.
  path: Assets/TcgEngine/Sprites/Cards/fire_element.png
  artifactKey: Guid(8e98599ae92cd1f4686fdedd9bc1586e) Importer(815301076,1909f56bfc062723c751e8b465ee728b)
Number of updated assets reloaded before import = 0
Start importing Assets/TcgEngine/Sprites/Cards/fire_element.png using Guid(8e98599ae92cd1f4686fdedd9bc1586e) Importer(815301076,1909f56bfc062723c751e8b465ee728b)  -> (artifact id: '11ff7e56133c7e2399ff74103019dcbb') in 0.129623 seconds 
Number of asset objects unloaded after import = 3
========================================================================
Received Import Request.
  Time since last request: 0.000022 seconds.
  path: Assets/TcgEngine/Sprites/CardsBoard/fire_horse_board.png
  artifactKey: Guid(a3c16225ff191a941959e49d08dae6fe) Importer(815301076,1909f56bfc062723c751e8b465ee728b)
Number of updated assets reloaded before import = 0
Start importing Assets/TcgEngine/Sprites/CardsBoard/fire_horse_board.png using Guid(a3c16225ff191a941959e49d08dae6fe) Importer(815301076,1909f56bfc062723c751e8b465ee728b)  -> (artifact id: '17b89dc4d0f90061efb516a98ac50ef5') in 0.093316 seconds 
Number of asset objects unloaded after import = 3
========================================================================
Received Import Request.
  Time since last request: 0.000036 seconds.
  path: Assets/TcgEngine/Sprites/Cards/fire_sword.png
  artifactKey: Guid(fd345aae6d79700469853b8e5381bbb2) Importer(815301076,1909f56bfc062723c751e8b465ee728b)
Number of updated assets reloaded before import = 0
Start importing Assets/TcgEngine/Sprites/Cards/fire_sword.png using Guid(fd345aae6d79700469853b8e5381bbb2) Importer(815301076,1909f56bfc062723c751e8b465ee728b)  -> (artifact id: 'c890ac926fe7c218830533d37f5f2477') in 0.106466 seconds 
Number of asset objects unloaded after import = 3
========================================================================
Received Import Request.
  Time since last request: 8.219208 seconds.
  path: Assets/TcgEngine/Sprites/Cards/fish.png
  artifactKey: Guid(b2db8c6ecb5b1b64cbf5abac9d783ddc) Importer(815301076,1909f56bfc062723c751e8b465ee728b)
Number of updated assets reloaded before import = 0
Start importing Assets/TcgEngine/Sprites/Cards/fish.png using Guid(b2db8c6ecb5b1b64cbf5abac9d783ddc) Importer(815301076,1909f56bfc062723c751e8b465ee728b)  -> (artifact id: '70c710e2dacd068d01466c5782b953c9') in 0.127504 seconds 
Number of asset objects unloaded after import = 3
========================================================================
Received Import Request.
  Time since last request: 0.000024 seconds.
  path: Assets/TcgEngine/Sprites/Cards/furious_wolf.png
  artifactKey: Guid(68daff2a908ce27448fa286b8c3cd714) Importer(815301076,1909f56bfc062723c751e8b465ee728b)
Number of updated assets reloaded before import = 0
Start importing Assets/TcgEngine/Sprites/Cards/furious_wolf.png using Guid(68daff2a908ce27448fa286b8c3cd714) Importer(815301076,1909f56bfc062723c751e8b465ee728b)  -> (artifact id: '9eb5655723ccedb882db6d8e2a058018') in 0.118760 seconds 
Number of asset objects unloaded after import = 3
========================================================================
Received Import Request.
  Time since last request: 0.000025 seconds.
  path: Assets/TcgEngine/Sprites/FX/flame.png
  artifactKey: Guid(e7a5ce36cfe8c674da0a468e30237316) Importer(815301076,1909f56bfc062723c751e8b465ee728b)
Number of updated assets reloaded before import = 0
Start importing Assets/TcgEngine/Sprites/FX/flame.png using Guid(e7a5ce36cfe8c674da0a468e30237316) Importer(815301076,1909f56bfc062723c751e8b465ee728b)  -> (artifact id: 'f98f1b14dd40bec1e6548d4d8968ea17') in 0.055819 seconds 
Number of asset objects unloaded after import = 3
========================================================================
Received Import Request.
  Time since last request: 0.000020 seconds.
  path: Assets/TcgEngine/Sprites/CardsBoard/gorilla_board.png
  artifactKey: Guid(e4382bfb1ee3f034a9ff74ddc6d3719e) Importer(815301076,1909f56bfc062723c751e8b465ee728b)
Number of updated assets reloaded before import = 0
Start importing Assets/TcgEngine/Sprites/CardsBoard/gorilla_board.png using Guid(e4382bfb1ee3f034a9ff74ddc6d3719e) Importer(815301076,1909f56bfc062723c751e8b465ee728b)  -> (artifact id: 'f88c9fb7cca514f55a9a7d51af6e8c51') in 0.091588 seconds 
Number of asset objects unloaded after import = 3
========================================================================
Received Import Request.
  Time since last request: 0.000018 seconds.
  path: Assets/TownManagement/City Builder Template/Textures/Atlases/ui/_items_thumb/gold_mine.png
  artifactKey: Guid(cf4ca475dc8db4e7ca23e08021e5e988) Importer(815301076,1909f56bfc062723c751e8b465ee728b)
Number of updated assets reloaded before import = 0
Start importing Assets/TownManagement/City Builder Template/Textures/Atlases/ui/_items_thumb/gold_mine.png using Guid(cf4ca475dc8db4e7ca23e08021e5e988) Importer(815301076,1909f56bfc062723c751e8b465ee728b)  -> (artifact id: '6370c0796948ceb4b80c212259626515') in 0.034326 seconds 
Number of asset objects unloaded after import = 3
========================================================================
Received Import Request.
  Time since last request: 0.000025 seconds.
  path: Assets/TownManagement/City Builder Template/Textures/SceneTextures/grid_green.png
  artifactKey: Guid(126999f3b6d6c47bf8183cfd96e38249) Importer(815301076,1909f56bfc062723c751e8b465ee728b)
Number of updated assets reloaded before import = 0
Start importing Assets/TownManagement/City Builder Template/Textures/SceneTextures/grid_green.png using Guid(126999f3b6d6c47bf8183cfd96e38249) Importer(815301076,1909f56bfc062723c751e8b465ee728b)  -> (artifact id: 'fd9b581190acc4edcad35cc941d90c42') in 0.029728 seconds 
Number of asset objects unloaded after import = 3
========================================================================
Received Import Request.
  Time since last request: 0.000045 seconds.
  path: Assets/TcgEngine/Sprites/Cards/hedgehog.png
  artifactKey: Guid(08de561bbc8dda849847568357577185) Importer(815301076,1909f56bfc062723c751e8b465ee728b)
Number of updated assets reloaded before import = 0
Start importing Assets/TcgEngine/Sprites/Cards/hedgehog.png using Guid(08de561bbc8dda849847568357577185) Importer(815301076,1909f56bfc062723c751e8b465ee728b)  -> (artifact id: 'e40b3faf32f6256de1154818e692de85') in 0.112538 seconds 
Number of asset objects unloaded after import = 3
========================================================================
Received Import Request.
  Time since last request: 0.000039 seconds.
  path: Assets/TownManagement/City Builder Template/Textures/SceneTextures/grid_red.png
  artifactKey: Guid(f78449110e8b5444daa2f3adeaacead9) Importer(815301076,1909f56bfc062723c751e8b465ee728b)
Number of updated assets reloaded before import = 0
Start importing Assets/TownManagement/City Builder Template/Textures/SceneTextures/grid_red.png using Guid(f78449110e8b5444daa2f3adeaacead9) Importer(815301076,1909f56bfc062723c751e8b465ee728b)  -> (artifact id: '31575553383d44512909e3c11a513d81') in 0.029131 seconds 
Number of asset objects unloaded after import = 3
========================================================================
Received Import Request.
  Time since last request: 0.000029 seconds.
  path: Assets/TcgEngine/Sprites/Cards/gorilla.png
  artifactKey: Guid(9f1c2bf32a1d8984687a6beebd13fe7a) Importer(815301076,1909f56bfc062723c751e8b465ee728b)
Number of updated assets reloaded before import = 0
Start importing Assets/TcgEngine/Sprites/Cards/gorilla.png using Guid(9f1c2bf32a1d8984687a6beebd13fe7a) Importer(815301076,1909f56bfc062723c751e8b465ee728b)  -> (artifact id: 'cae5aa40f0c9a1ae2011bc79e1c9c47b') in 0.110691 seconds 
Number of asset objects unloaded after import = 3
========================================================================
Received Import Request.
  Time since last request: 0.710994 seconds.
  path: Assets/TcgEngine/Sprites/Menu/home_title_bar1.png
  artifactKey: Guid(c63e4581b70fc5c48966d1f1cfed7648) Importer(815301076,1909f56bfc062723c751e8b465ee728b)
Number of updated assets reloaded before import = 0
Start importing Assets/TcgEngine/Sprites/Menu/home_title_bar1.png using Guid(c63e4581b70fc5c48966d1f1cfed7648) Importer(815301076,1909f56bfc062723c751e8b465ee728b)  -> (artifact id: '2f039b3de2775eeed16887001dedfc11') in 0.038676 seconds 
Number of asset objects unloaded after import = 3
========================================================================
Received Import Request.
  Time since last request: 0.000021 seconds.
  path: Assets/TcgEngine/Sprites/Avatar/horse.png
  artifactKey: Guid(ab2b6a1067a0778468e881f74f9ba395) Importer(815301076,1909f56bfc062723c751e8b465ee728b)
Number of updated assets reloaded before import = 0
Start importing Assets/TcgEngine/Sprites/Avatar/horse.png using Guid(ab2b6a1067a0778468e881f74f9ba395) Importer(815301076,1909f56bfc062723c751e8b465ee728b)  -> (artifact id: 'fc94d0f5750b1d3e22a66c50b5e9c28a') in 0.053288 seconds 
Number of asset objects unloaded after import = 3
========================================================================
Received Import Request.
  Time since last request: 0.000023 seconds.
  path: Assets/TcgEngine/Sprites/Cards/lava_beast.png
  artifactKey: Guid(51d961cdbcb2f564ea854511cab2d4f9) Importer(815301076,1909f56bfc062723c751e8b465ee728b)
Number of updated assets reloaded before import = 0
Start importing Assets/TcgEngine/Sprites/Cards/lava_beast.png using Guid(51d961cdbcb2f564ea854511cab2d4f9) Importer(815301076,1909f56bfc062723c751e8b465ee728b)  -> (artifact id: 'abdb1a5d0fb1c9573494ba355971496b') in 0.112297 seconds 
Number of asset objects unloaded after import = 3
========================================================================
Received Import Request.
  Time since last request: 0.000040 seconds.
  path: Assets/TcgEngine/Sprites/Cards/kraken.png
  artifactKey: Guid(7f5caa30992161948b7c40c6b67f7638) Importer(815301076,1909f56bfc062723c751e8b465ee728b)
Number of updated assets reloaded before import = 0
Start importing Assets/TcgEngine/Sprites/Cards/kraken.png using Guid(7f5caa30992161948b7c40c6b67f7638) Importer(815301076,1909f56bfc062723c751e8b465ee728b)  -> (artifact id: '58780503e4419c9876e10fbeb736f8db') in 0.107110 seconds 
Number of asset objects unloaded after import = 3
========================================================================
Received Import Request.
  Time since last request: 0.000020 seconds.
  path: Assets/TownManagement/City Builder Template/Textures/Atlases/ui/info_icon.png
  artifactKey: Guid(7ddce4bda803b40d899f3fc61ccbd09a) Importer(815301076,1909f56bfc062723c751e8b465ee728b)
Number of updated assets reloaded before import = 0
Start importing Assets/TownManagement/City Builder Template/Textures/Atlases/ui/info_icon.png using Guid(7ddce4bda803b40d899f3fc61ccbd09a) Importer(815301076,1909f56bfc062723c751e8b465ee728b)  -> (artifact id: 'ae5d9af084fec61e46409dd5d918eabc') in 0.030439 seconds 
Number of asset objects unloaded after import = 3
========================================================================
Received Import Request.
  Time since last request: 0.000019 seconds.
  path: Assets/TcgEngine/Sprites/Cards/killer_whale.png
  artifactKey: Guid(7dd3b918be639754b8bd56863411b65d) Importer(815301076,1909f56bfc062723c751e8b465ee728b)
Number of updated assets reloaded before import = 0
Start importing Assets/TcgEngine/Sprites/Cards/killer_whale.png using Guid(7dd3b918be639754b8bd56863411b65d) Importer(815301076,1909f56bfc062723c751e8b465ee728b)  -> (artifact id: 'a5f2bb54f0716f0500e54d98b8b2f5ba') in 0.112629 seconds 
Number of asset objects unloaded after import = 3
========================================================================
Received Import Request.
  Time since last request: 0.000028 seconds.
  path: Assets/TownManagement/City Builder Template/Textures/Atlases/ui/lens.png
  artifactKey: Guid(869971de259ff40758626c802b6a608a) Importer(815301076,1909f56bfc062723c751e8b465ee728b)
Number of updated assets reloaded before import = 0
Start importing Assets/TownManagement/City Builder Template/Textures/Atlases/ui/lens.png using Guid(869971de259ff40758626c802b6a608a) Importer(815301076,1909f56bfc062723c751e8b465ee728b)  -> (artifact id: 'b1e9f725edb17b48fa2b2b7ce227fb49') in 0.028969 seconds 
Number of asset objects unloaded after import = 3
========================================================================
Received Import Request.
  Time since last request: 0.000038 seconds.
  path: Assets/TcgEngine/Sprites/Cards/jaguar.png
  artifactKey: Guid(38398af8ecc48f741bece89458ea7de0) Importer(815301076,1909f56bfc062723c751e8b465ee728b)
Number of updated assets reloaded before import = 0
Start importing Assets/TcgEngine/Sprites/Cards/jaguar.png using Guid(38398af8ecc48f741bece89458ea7de0) Importer(815301076,1909f56bfc062723c751e8b465ee728b)  -> (artifact id: '940b188897a538b9f062362180067bf8') in 0.111733 seconds 
Number of asset objects unloaded after import = 3
========================================================================
Received Import Request.
  Time since last request: 1.165110 seconds.
  path: Assets/TcgEngine/Sprites/FX/LineFX.png
  artifactKey: Guid(3f5e834143d869b4d98dafe08a8fc066) Importer(815301076,1909f56bfc062723c751e8b465ee728b)
Number of updated assets reloaded before import = 0
Start importing Assets/TcgEngine/Sprites/FX/LineFX.png using Guid(3f5e834143d869b4d98dafe08a8fc066) Importer(815301076,1909f56bfc062723c751e8b465ee728b)  -> (artifact id: 'a736fc623d84170797f2624dedaee334') in 0.022742 seconds 
Number of asset objects unloaded after import = 3
========================================================================
Received Import Request.
  Time since last request: 0.000016 seconds.
  path: Assets/TcgEngine/Sprites/logo_color.png
  artifactKey: Guid(5d8e3cd79559c1846a32ffdb801e9c54) Importer(815301076,1909f56bfc062723c751e8b465ee728b)
Number of updated assets reloaded before import = 0
Start importing Assets/TcgEngine/Sprites/logo_color.png using Guid(5d8e3cd79559c1846a32ffdb801e9c54) Importer(815301076,1909f56bfc062723c751e8b465ee728b)  -> (artifact id: '710f820af79cdbd5268b97c54677df03') in 0.054155 seconds 
Number of asset objects unloaded after import = 3
Editor requested this worker to shutdown with reason: Scaling down because of idle timeout
AssetImportWorker is now disconnected from the server
Process exiting
Exiting without the bug reporter. Application will terminate with return code 0