Using pre-set license
Built from '2021.3/staging' branch; Version is '2021.3.33f1 (ee5a2aa03ab2) revision 15620650'; Using compiler version '192829333'; Build Type 'Release'
OS: 'Windows 11  (10.0.22631) 64bit Core' Language: 'en' Physical Memory: 16310 MB
BatchMode: 1, IsHumanControllingUs: 0, StartBugReporterOnCrash: 0, Is64bit: 1, IsPro: 1

COMMAND LINE ARGUMENTS:
C:\Program Files\Unity\Hub\Editor\2021.3.33f1\Editor\Unity.exe
-adb2
-batchMode
-noUpm
-name
AssetImportWorker3
-projectPath
C:/Users/oguzh/OneDrive/Masaüstü/CardGame/CARD GAME
-logFile
Logs/AssetImportWorker3.log
-srvPort
63416
Successfully changed project path to: C:/Users/oguzh/OneDrive/Masaüstü/CardGame/CARD GAME
C:/Users/oguzh/OneDrive/Masaüstü/CardGame/CARD GAME
[UnityMemory] Configuration Parameters - Can be set up in boot.config
    "memorysetup-bucket-allocator-granularity=16"
    "memorysetup-bucket-allocator-bucket-count=8"
    "memorysetup-bucket-allocator-block-size=33554432"
    "memorysetup-bucket-allocator-block-count=8"
    "memorysetup-main-allocator-block-size=16777216"
    "memorysetup-thread-allocator-block-size=16777216"
    "memorysetup-gfx-main-allocator-block-size=16777216"
    "memorysetup-gfx-thread-allocator-block-size=16777216"
    "memorysetup-cache-allocator-block-size=4194304"
    "memorysetup-typetree-allocator-block-size=2097152"
    "memorysetup-profiler-bucket-allocator-granularity=16"
    "memorysetup-profiler-bucket-allocator-bucket-count=8"
    "memorysetup-profiler-bucket-allocator-block-size=33554432"
    "memorysetup-profiler-bucket-allocator-block-count=8"
    "memorysetup-profiler-allocator-block-size=16777216"
    "memorysetup-profiler-editor-allocator-block-size=1048576"
    "memorysetup-temp-allocator-size-main=16777216"
    "memorysetup-job-temp-allocator-block-size=2097152"
    "memorysetup-job-temp-allocator-block-size-background=1048576"
    "memorysetup-job-temp-allocator-reduction-small-platforms=262144"
    "memorysetup-temp-allocator-size-background-worker=32768"
    "memorysetup-temp-allocator-size-job-worker=262144"
    "memorysetup-temp-allocator-size-preload-manager=33554432"
    "memorysetup-temp-allocator-size-nav-mesh-worker=65536"
    "memorysetup-temp-allocator-size-audio-worker=65536"
    "memorysetup-temp-allocator-size-cloud-worker=32768"
    "memorysetup-temp-allocator-size-gi-baking-worker=262144"
    "memorysetup-temp-allocator-size-gfx=262144"
Player connection [32016] Host "[IP] 192.168.1.61 [Port] 0 [Flags] 2 [Guid] 4221612162 [EditorId] 4221612162 [Version] 1048832 [Id] WindowsEditor(7,DESKTOP-O14C83C) [Debug] 1 [PackageName] WindowsEditor [ProjectName] Editor" joined multi-casting on [225.0.0.222:54997]...

Player connection [32016] Host "[IP] 192.168.1.61 [Port] 0 [Flags] 2 [Guid] 4221612162 [EditorId] 4221612162 [Version] 1048832 [Id] WindowsEditor(7,DESKTOP-O14C83C) [Debug] 1 [PackageName] WindowsEditor [ProjectName] Editor" joined alternative multi-casting on [225.0.0.222:34997]...

[Physics::Module] Initialized MultithreadedJobDispatcher with {0} workers.
Refreshing native plugins compatible for Editor in 126.27 ms, found 3 plugins.
Preloading 0 native plugins for Editor in 0.00 ms.
Initialize engine version: 2021.3.33f1 (ee5a2aa03ab2)
[Subsystems] Discovering subsystems at path C:/Program Files/Unity/Hub/Editor/2021.3.33f1/Editor/Data/Resources/UnitySubsystems
[Subsystems] Discovering subsystems at path C:/Users/oguzh/OneDrive/Masaüstü/CardGame/CARD GAME/Assets
GfxDevice: creating device client; threaded=0; jobified=0
Direct3D:
    Version:  Direct3D 11.0 [level 11.1]
    Renderer: NVIDIA GeForce RTX 3060 Ti (ID=0x2486)
    Vendor:   NVIDIA
    VRAM:     8024 MB
    Driver:   32.0.15.5599
Initialize mono
Mono path[0] = 'C:/Program Files/Unity/Hub/Editor/2021.3.33f1/Editor/Data/Managed'
Mono path[1] = 'C:/Program Files/Unity/Hub/Editor/2021.3.33f1/Editor/Data/MonoBleedingEdge/lib/mono/unityjit-win32'
Mono config path = 'C:/Program Files/Unity/Hub/Editor/2021.3.33f1/Editor/Data/MonoBleedingEdge/etc'
Using monoOptions --debugger-agent=transport=dt_socket,embedding=1,server=y,suspend=n,address=127.0.0.1:56092
Begin MonoManager ReloadAssembly
Registering precompiled unity dll's ...
Register platform support module: C:/Program Files/Unity/Hub/Editor/2021.3.33f1/Editor/Data/PlaybackEngines/WindowsStandaloneSupport/UnityEditor.WindowsStandalone.Extensions.dll
Registered in 0.005412 seconds.
Native extension for WindowsStandalone target not found
Refreshing native plugins compatible for Editor in 119.57 ms, found 3 plugins.
Preloading 0 native plugins for Editor in 0.00 ms.
Mono: successfully reloaded assembly
- Completed reload, in  0.621 seconds
Domain Reload Profiling:
	ReloadAssembly (621ms)
		BeginReloadAssembly (88ms)
			ExecutionOrderSort (0ms)
			DisableScriptedObjects (0ms)
			BackupInstance (0ms)
			ReleaseScriptingObjects (0ms)
			CreateAndSetChildDomain (1ms)
		EndReloadAssembly (442ms)
			LoadAssemblies (85ms)
			RebuildTransferFunctionScriptingTraits (0ms)
			SetupTypeCache (99ms)
			ReleaseScriptCaches (0ms)
			RebuildScriptCaches (24ms)
			SetupLoadedEditorAssemblies (282ms)
				LogAssemblyErrors (0ms)
				InitializePlatformSupportModulesInManaged (7ms)
				SetLoadedEditorAssemblies (0ms)
				RefreshPlugins (120ms)
				BeforeProcessingInitializeOnLoad (1ms)
				ProcessInitializeOnLoadAttributes (115ms)
				ProcessInitializeOnLoadMethodAttributes (40ms)
				AfterProcessingInitializeOnLoad (0ms)
				EditorAssembliesLoaded (0ms)
			ExecutionOrderSort2 (0ms)
			AwakeInstancesAfterBackupRestoration (0ms)
Platform modules already initialized, skipping
Registering precompiled user dll's ...
Registered in 0.009822 seconds.
Begin MonoManager ReloadAssembly
Native extension for WindowsStandalone target not found
Refreshing native plugins compatible for Editor in 122.50 ms, found 3 plugins.
Preloading 0 native plugins for Editor in 0.00 ms.
Package Manager log level set to [2]
[Package Manager] Server::EnsureServerProcessIsRunning -- launch failed, reason: Unity was launched with the -noUpm command-line argument
[Package Manager] Cannot connect to Unity Package Manager local server
Mono: successfully reloaded assembly
- Completed reload, in  1.624 seconds
Domain Reload Profiling:
	ReloadAssembly (1625ms)
		BeginReloadAssembly (116ms)
			ExecutionOrderSort (0ms)
			DisableScriptedObjects (5ms)
			BackupInstance (0ms)
			ReleaseScriptingObjects (0ms)
			CreateAndSetChildDomain (16ms)
		EndReloadAssembly (1406ms)
			LoadAssemblies (101ms)
			RebuildTransferFunctionScriptingTraits (0ms)
			SetupTypeCache (262ms)
			ReleaseScriptCaches (1ms)
			RebuildScriptCaches (60ms)
			SetupLoadedEditorAssemblies (964ms)
				LogAssemblyErrors (0ms)
				InitializePlatformSupportModulesInManaged (4ms)
				SetLoadedEditorAssemblies (0ms)
				RefreshPlugins (123ms)
				BeforeProcessingInitializeOnLoad (117ms)
				ProcessInitializeOnLoadAttributes (626ms)
				ProcessInitializeOnLoadMethodAttributes (85ms)
				AfterProcessingInitializeOnLoad (10ms)
				EditorAssembliesLoaded (0ms)
			ExecutionOrderSort2 (0ms)
			AwakeInstancesAfterBackupRestoration (8ms)
Platform modules already initialized, skipping
========================================================================
Worker process is ready to serve import requests
Launched and connected shader compiler UnityShaderCompiler.exe after 0.06 seconds
Refreshing native plugins compatible for Editor in 1.71 ms, found 3 plugins.
Preloading 0 native plugins for Editor in 0.00 ms.
Unloading 5697 Unused Serialized files (Serialized files now loaded: 0)
Unloading 51 unused Assets / (1.9 MB). Loaded Objects now: 6132.
Memory consumption went from 233.3 MB to 231.4 MB.
Total: 4.075600 ms (FindLiveObjects: 0.471900 ms CreateObjectMapping: 0.270400 ms MarkObjects: 2.770900 ms  DeleteObjects: 0.561000 ms)

AssetImportParameters requested are different than current active one (requested -> active):
  custom:video-decoder-ogg-theora: a1e56fd34408186e4bbccfd4996cb3dc -> 
  custom:container-muxer-webm: aa71ff27fc2769a1b78a27578f13a17b -> 
  custom:container-demuxer-webm: 4f35f7cbe854078d1ac9338744f61a02 -> 
  custom:video-encoder-webm-vp8: eb34c28f22e8b96e1ab97ce403110664 -> 
  custom:CustomObjectIndexerAttribute: f67f22312cbe972f2da930a377ed3d15 -> 
  custom:audio-encoder-webm-vorbis: bf7c407c2cedff20999df2af8eb42d56 -> 
  custom:framework-win-MediaFoundation: 216162199b28c13a410421893ffa2e32 -> 
  custom:SearchIndexIgnoredProperties: e643bd26f0fe6173181afceb89e7c659 -> 
  custom:container-demuxer-ogg: 62fdf1f143b41e24485cea50d1cbac27 -> 
  custom:video-decoder-webm-vp8: 9c59270c3fd7afecdb556c50c9e8de78 -> 
  custom:audio-decoder-ogg-vorbis: bf7c407c2cedff20999df2af8eb42d56 -> 
========================================================================
Received Import Request.
  Time since last request: 360522.408804 seconds.
  path: Assets/TcgEngine/Sprites/FX/fire_fx.png
  artifactKey: Guid(ac4a15e8807ffa94593ff1eee8971c9e) Importer(815301076,1909f56bfc062723c751e8b465ee728b)
Number of updated assets reloaded before import = 0
Start importing Assets/TcgEngine/Sprites/FX/fire_fx.png using Guid(ac4a15e8807ffa94593ff1eee8971c9e) Importer(815301076,1909f56bfc062723c751e8b465ee728b)  -> (artifact id: '45c7d1b344a7c24bdea7dc1d238026a9') in 0.145614 seconds 
Number of asset objects unloaded after import = 3
========================================================================
Received Import Request.
  Time since last request: 0.000028 seconds.
  path: Assets/TcgEngine/Sprites/CardsBoard/fire_chicken_board.png
  artifactKey: Guid(78af8169df8e58045bcb52fe3b0739c1) Importer(815301076,1909f56bfc062723c751e8b465ee728b)
Number of updated assets reloaded before import = 0
Start importing Assets/TcgEngine/Sprites/CardsBoard/fire_chicken_board.png using Guid(78af8169df8e58045bcb52fe3b0739c1) Importer(815301076,1909f56bfc062723c751e8b465ee728b)  -> (artifact id: 'bd0cec3ed556bd7579474e4eac82dd26') in 0.101919 seconds 
Number of asset objects unloaded after import = 3
========================================================================
Received Import Request.
  Time since last request: 0.000027 seconds.
  path: Assets/TownManagement/City Builder Template/Textures/Atlases/ui/_items_thumb/elixir_collector.png
  artifactKey: Guid(74992e226f4234e7ab4a141db866fdca) Importer(815301076,1909f56bfc062723c751e8b465ee728b)
Number of updated assets reloaded before import = 0
Start importing Assets/TownManagement/City Builder Template/Textures/Atlases/ui/_items_thumb/elixir_collector.png using Guid(74992e226f4234e7ab4a141db866fdca) Importer(815301076,1909f56bfc062723c751e8b465ee728b)  -> (artifact id: 'fc2ded7d591ff8b1d15843188d213dbd') in 0.036402 seconds 
Number of asset objects unloaded after import = 3
========================================================================
Received Import Request.
  Time since last request: 0.000031 seconds.
  path: Assets/TcgEngine/Sprites/CardsBoard/fire_element_board.png
  artifactKey: Guid(9a73e08b22a1c18418c83c44de3f5de9) Importer(815301076,1909f56bfc062723c751e8b465ee728b)
Number of updated assets reloaded before import = 0
Start importing Assets/TcgEngine/Sprites/CardsBoard/fire_element_board.png using Guid(9a73e08b22a1c18418c83c44de3f5de9) Importer(815301076,1909f56bfc062723c751e8b465ee728b)  -> (artifact id: '4e7c3d370ee02307d578a20d08a9638a') in 0.102342 seconds 
Number of asset objects unloaded after import = 3
========================================================================
Received Import Request.
  Time since last request: 8.223563 seconds.
  path: Assets/TcgEngine/Sprites/CardsBoard/fish_board.png
  artifactKey: Guid(68c5a00c7e31297439b6342a300a89d9) Importer(815301076,1909f56bfc062723c751e8b465ee728b)
Number of updated assets reloaded before import = 0
Start importing Assets/TcgEngine/Sprites/CardsBoard/fish_board.png using Guid(68c5a00c7e31297439b6342a300a89d9) Importer(815301076,1909f56bfc062723c751e8b465ee728b)  -> (artifact id: '4d2ffc51060dadedebede78b8d20c0b4') in 0.101646 seconds 
Number of asset objects unloaded after import = 3
========================================================================
Received Import Request.
  Time since last request: 0.000021 seconds.
  path: Assets/TcgEngine/Sprites/Cards/frog.png
  artifactKey: Guid(1fd910ecdc1a61144b346d8eb03024df) Importer(815301076,1909f56bfc062723c751e8b465ee728b)
Number of updated assets reloaded before import = 0
Start importing Assets/TcgEngine/Sprites/Cards/frog.png using Guid(1fd910ecdc1a61144b346d8eb03024df) Importer(815301076,1909f56bfc062723c751e8b465ee728b)  -> (artifact id: '4a69a32855c240857cca257656133d90') in 0.127661 seconds 
Number of asset objects unloaded after import = 3
========================================================================
Received Import Request.
  Time since last request: 0.000024 seconds.
  path: Assets/TownManagement/City Builder Template/Textures/Atlases/ui/_items_thumb/gold_storage.png
  artifactKey: Guid(e0267bf57728c43ffb6d104f09592ba1) Importer(815301076,1909f56bfc062723c751e8b465ee728b)
Number of updated assets reloaded before import = 0
Start importing Assets/TownManagement/City Builder Template/Textures/Atlases/ui/_items_thumb/gold_storage.png using Guid(e0267bf57728c43ffb6d104f09592ba1) Importer(815301076,1909f56bfc062723c751e8b465ee728b)  -> (artifact id: 'd5da45b15a3356cde7e7e4d5054a8d77') in 0.033879 seconds 
Number of asset objects unloaded after import = 3
========================================================================
Received Import Request.
  Time since last request: 0.000030 seconds.
  path: Assets/TcgEngine/Sprites/FX/glow.png
  artifactKey: Guid(b598e5a6aa33d0542993e1e161672b22) Importer(815301076,1909f56bfc062723c751e8b465ee728b)
Number of updated assets reloaded before import = 0
Start importing Assets/TcgEngine/Sprites/FX/glow.png using Guid(b598e5a6aa33d0542993e1e161672b22) Importer(815301076,1909f56bfc062723c751e8b465ee728b)  -> (artifact id: '846c8c61619cbff6a27ef2033317ca60') in 0.040610 seconds 
Number of asset objects unloaded after import = 3
========================================================================
Received Import Request.
  Time since last request: 0.000016 seconds.
  path: Assets/TownManagement/City Builder Template/Textures/Atlases/ui/_items_thumb/gems.png
  artifactKey: Guid(3cb98d18cda6b44748948532ea0897da) Importer(815301076,1909f56bfc062723c751e8b465ee728b)
Number of updated assets reloaded before import = 0
Start importing Assets/TownManagement/City Builder Template/Textures/Atlases/ui/_items_thumb/gems.png using Guid(3cb98d18cda6b44748948532ea0897da) Importer(815301076,1909f56bfc062723c751e8b465ee728b)  -> (artifact id: '67f37cc16cb83ae92dfb70a04aa4ce46') in 0.032203 seconds 
Number of asset objects unloaded after import = 3
========================================================================
Received Import Request.
  Time since last request: 0.000018 seconds.
  path: Assets/TcgEngine/Sprites/CardsBoard/furious_wolf_board.png
  artifactKey: Guid(bd86c41898912c34eba9e6bbba52fb42) Importer(815301076,1909f56bfc062723c751e8b465ee728b)
Number of updated assets reloaded before import = 0
Start importing Assets/TcgEngine/Sprites/CardsBoard/furious_wolf_board.png using Guid(bd86c41898912c34eba9e6bbba52fb42) Importer(815301076,1909f56bfc062723c751e8b465ee728b)  -> (artifact id: 'b1d599dec6af482daf7483831b8fdcfb') in 0.090329 seconds 
Number of asset objects unloaded after import = 3
========================================================================
Received Import Request.
  Time since last request: 0.000021 seconds.
  path: Assets/TcgEngine/Sprites/CardsBoard/hell_hound_board.png
  artifactKey: Guid(ff9ceda86a1d1b34995e224a302cd5d9) Importer(815301076,1909f56bfc062723c751e8b465ee728b)
Number of updated assets reloaded before import = 0
Start importing Assets/TcgEngine/Sprites/CardsBoard/hell_hound_board.png using Guid(ff9ceda86a1d1b34995e224a302cd5d9) Importer(815301076,1909f56bfc062723c751e8b465ee728b)  -> (artifact id: 'e46e8a9d09266d7dd62d781ae21d11cf') in 0.091030 seconds 
Number of asset objects unloaded after import = 3
========================================================================
Received Import Request.
  Time since last request: 0.000023 seconds.
  path: Assets/TcgEngine/Sprites/Cards/hell_hound.png
  artifactKey: Guid(43d12d7fe69d8b24f9ab25c9e19f97e9) Importer(815301076,1909f56bfc062723c751e8b465ee728b)
Number of updated assets reloaded before import = 0
Start importing Assets/TcgEngine/Sprites/Cards/hell_hound.png using Guid(43d12d7fe69d8b24f9ab25c9e19f97e9) Importer(815301076,1909f56bfc062723c751e8b465ee728b)  -> (artifact id: '5246cb2a00ffc32ddf8e33afcf3bed83') in 0.123081 seconds 
Number of asset objects unloaded after import = 3
========================================================================
Received Import Request.
  Time since last request: 0.793655 seconds.
  path: Assets/TcgEngine/Sprites/Menu/home_title_bar2.png
  artifactKey: Guid(7a8dfe1843c6cc446800bc1f427da70d) Importer(815301076,1909f56bfc062723c751e8b465ee728b)
Number of updated assets reloaded before import = 0
Start importing Assets/TcgEngine/Sprites/Menu/home_title_bar2.png using Guid(7a8dfe1843c6cc446800bc1f427da70d) Importer(815301076,1909f56bfc062723c751e8b465ee728b)  -> (artifact id: '57e8898e58a0b4a3c1ecbb4cb35fd97e') in 0.037820 seconds 
Number of asset objects unloaded after import = 3
========================================================================
Received Import Request.
  Time since last request: 0.000021 seconds.
  path: Assets/TcgEngine/Sprites/Cards/hot_stones.png
  artifactKey: Guid(e96abe5fc2239f0498afba2234497bd8) Importer(815301076,1909f56bfc062723c751e8b465ee728b)
Number of updated assets reloaded before import = 0
Start importing Assets/TcgEngine/Sprites/Cards/hot_stones.png using Guid(e96abe5fc2239f0498afba2234497bd8) Importer(815301076,1909f56bfc062723c751e8b465ee728b)  -> (artifact id: '2444c50f2cf70c7d29ec7e4b2f3fc48c') in 0.121931 seconds 
Number of asset objects unloaded after import = 3
========================================================================
Received Import Request.
  Time since last request: 0.000023 seconds.
  path: Assets/TownManagement/City Builder Template/Textures/Atlases/ui/level_icon.png
  artifactKey: Guid(aada1f552fd854602b081e7d85968838) Importer(815301076,1909f56bfc062723c751e8b465ee728b)
Number of updated assets reloaded before import = 0
Start importing Assets/TownManagement/City Builder Template/Textures/Atlases/ui/level_icon.png using Guid(aada1f552fd854602b081e7d85968838) Importer(815301076,1909f56bfc062723c751e8b465ee728b)  -> (artifact id: '074ad48e513dc12a72f52f4223292a2c') in 0.028714 seconds 
Number of asset objects unloaded after import = 3
========================================================================
Received Import Request.
  Time since last request: 0.000029 seconds.
  path: Assets/TcgEngine/Sprites/Menu/home_title_bar3.png
  artifactKey: Guid(f507d2da211cae64c91691b827c0e8f7) Importer(815301076,1909f56bfc062723c751e8b465ee728b)
Number of updated assets reloaded before import = 0
Start importing Assets/TcgEngine/Sprites/Menu/home_title_bar3.png using Guid(f507d2da211cae64c91691b827c0e8f7) Importer(815301076,1909f56bfc062723c751e8b465ee728b)  -> (artifact id: '1c2758c38c3615aedfb21ce6f36de663') in 0.029607 seconds 
Number of asset objects unloaded after import = 3
========================================================================
Received Import Request.
  Time since last request: 0.000017 seconds.
  path: Assets/TcgEngine/Sprites/CardsBoard/lava_beast_board.png
  artifactKey: Guid(bc7b86463ccd8fe469fb6033f021450d) Importer(815301076,1909f56bfc062723c751e8b465ee728b)
Number of updated assets reloaded before import = 0
Start importing Assets/TcgEngine/Sprites/CardsBoard/lava_beast_board.png using Guid(bc7b86463ccd8fe469fb6033f021450d) Importer(815301076,1909f56bfc062723c751e8b465ee728b)  -> (artifact id: '7dd678004763d52fbc1bfa1d91436912') in 0.089188 seconds 
Number of asset objects unloaded after import = 3
========================================================================
Received Import Request.
  Time since last request: 0.000015 seconds.
  path: Assets/TcgEngine/Sprites/Menu/home_title_bar4.png
  artifactKey: Guid(9ee9bbdd2d3e7554b815564db96fdb0b) Importer(815301076,1909f56bfc062723c751e8b465ee728b)
Number of updated assets reloaded before import = 0
Start importing Assets/TcgEngine/Sprites/Menu/home_title_bar4.png using Guid(9ee9bbdd2d3e7554b815564db96fdb0b) Importer(815301076,1909f56bfc062723c751e8b465ee728b)  -> (artifact id: 'd55e7c06c8316cc26c32a4dbad27ec82') in 0.026147 seconds 
Number of asset objects unloaded after import = 3
========================================================================
Received Import Request.
  Time since last request: 0.000021 seconds.
  path: Assets/TcgEngine/Sprites/CardsBoard/imp_board.png
  artifactKey: Guid(e4ceb28c84c0b8846a348abfad791085) Importer(815301076,1909f56bfc062723c751e8b465ee728b)
Number of updated assets reloaded before import = 0
Start importing Assets/TcgEngine/Sprites/CardsBoard/imp_board.png using Guid(e4ceb28c84c0b8846a348abfad791085) Importer(815301076,1909f56bfc062723c751e8b465ee728b)  -> (artifact id: '83d3403665b5930bcc3b1dfa52bbf2e5') in 0.087503 seconds 
Number of asset objects unloaded after import = 3
========================================================================
Received Import Request.
  Time since last request: 0.000020 seconds.
  path: Assets/TcgEngine/Sprites/Menu/leaderboard_line.png
  artifactKey: Guid(6a1e2f7d4a7bd6945a790b6454158f33) Importer(815301076,1909f56bfc062723c751e8b465ee728b)
Number of updated assets reloaded before import = 0
Start importing Assets/TcgEngine/Sprites/Menu/leaderboard_line.png using Guid(6a1e2f7d4a7bd6945a790b6454158f33) Importer(815301076,1909f56bfc062723c751e8b465ee728b)  -> (artifact id: '6b08f523a1894e4f84a0a7253bebd794') in 0.023568 seconds 
Number of asset objects unloaded after import = 3
========================================================================
Received Import Request.
  Time since last request: 0.000024 seconds.
  path: Assets/TcgEngine/Sprites/Cards/lava_snake.png
  artifactKey: Guid(b22500bd3cdea4b40bdb8da52c031c62) Importer(815301076,1909f56bfc062723c751e8b465ee728b)
Number of updated assets reloaded before import = 0
Start importing Assets/TcgEngine/Sprites/Cards/lava_snake.png using Guid(b22500bd3cdea4b40bdb8da52c031c62) Importer(815301076,1909f56bfc062723c751e8b465ee728b)  -> (artifact id: '48962e3a09ac363e83bda85f5acfb598') in 0.110442 seconds 
Number of asset objects unloaded after import = 3
========================================================================
Received Import Request.
  Time since last request: 1.204678 seconds.
  path: Assets/TcgEngine/Sprites/Avatar/lion.png
  artifactKey: Guid(d639ca0df0069c947b29a31ed7f2896e) Importer(815301076,1909f56bfc062723c751e8b465ee728b)
Number of updated assets reloaded before import = 0
Start importing Assets/TcgEngine/Sprites/Avatar/lion.png using Guid(d639ca0df0069c947b29a31ed7f2896e) Importer(815301076,1909f56bfc062723c751e8b465ee728b)  -> (artifact id: 'eea09e75e7bfe467be8ef8cb1b816338') in 0.052494 seconds 
Number of asset objects unloaded after import = 3
========================================================================
Received Import Request.
  Time since last request: 0.000024 seconds.
  path: Assets/TcgEngine/Sprites/Avatar/lizard.png
  artifactKey: Guid(80cbd5f6b803fea4c8c3fd776cd05622) Importer(815301076,1909f56bfc062723c751e8b465ee728b)
Number of updated assets reloaded before import = 0
Start importing Assets/TcgEngine/Sprites/Avatar/lizard.png using Guid(80cbd5f6b803fea4c8c3fd776cd05622) Importer(815301076,1909f56bfc062723c751e8b465ee728b)  -> (artifact id: '6020491642f355f10febbe248add39c1') in 0.049659 seconds 
Number of asset objects unloaded after import = 3
========================================================================
Received Import Request.
  Time since last request: 78.539605 seconds.
  path: Assets/TcgEngine/Sprites/Cards/monkey.png
  artifactKey: Guid(4a44c5e679c9fcb479c99a4045a82566) Importer(815301076,1909f56bfc062723c751e8b465ee728b)
Number of updated assets reloaded before import = 0
Start importing Assets/TcgEngine/Sprites/Cards/monkey.png using Guid(4a44c5e679c9fcb479c99a4045a82566) Importer(815301076,1909f56bfc062723c751e8b465ee728b)  -> (artifact id: '6c76e6175e723f8519aa29cb4d8aaa61') in 0.121860 seconds 
Number of asset objects unloaded after import = 3
========================================================================
Received Import Request.
  Time since last request: 0.000020 seconds.
  path: Assets/TcgEngine/Sprites/Cardbacks/pack_silver.png
  artifactKey: Guid(b2c2a8efa1f7d7b4593a512e2c8cd61a) Importer(815301076,1909f56bfc062723c751e8b465ee728b)
Number of updated assets reloaded before import = 0
Start importing Assets/TcgEngine/Sprites/Cardbacks/pack_silver.png using Guid(b2c2a8efa1f7d7b4593a512e2c8cd61a) Importer(815301076,1909f56bfc062723c751e8b465ee728b)  -> (artifact id: '284ae64bb7eb72dd8109233f97f4bec3') in 0.134840 seconds 
Number of asset objects unloaded after import = 3
========================================================================
Received Import Request.
  Time since last request: 0.000028 seconds.
  path: Assets/TownManagement/City Builder Template/Textures/Atlases/ui/other.png
  artifactKey: Guid(a7ded6494a13241f5ac1bed1d47b7959) Importer(815301076,1909f56bfc062723c751e8b465ee728b)
Number of updated assets reloaded before import = 0
Start importing Assets/TownManagement/City Builder Template/Textures/Atlases/ui/other.png using Guid(a7ded6494a13241f5ac1bed1d47b7959) Importer(815301076,1909f56bfc062723c751e8b465ee728b)  -> (artifact id: 'e1cb9c1820fb9ed2e2eb3b2520927858') in 0.036800 seconds 
Number of asset objects unloaded after import = 3
========================================================================
Received Import Request.
  Time since last request: 0.000022 seconds.
  path: Assets/TcgEngine/Sprites/Cardbacks/pack_gold.png
  artifactKey: Guid(e400c282187e5f54dab6aacfd8adae20) Importer(815301076,1909f56bfc062723c751e8b465ee728b)
Number of updated assets reloaded before import = 0
Start importing Assets/TcgEngine/Sprites/Cardbacks/pack_gold.png using Guid(e400c282187e5f54dab6aacfd8adae20) Importer(815301076,1909f56bfc062723c751e8b465ee728b)  -> (artifact id: 'a7c9d1b09519bf1706d364f0e93b5891') in 0.130700 seconds 
Number of asset objects unloaded after import = 3
========================================================================
Received Import Request.
  Time since last request: 0.000015 seconds.
  path: Assets/TcgEngine/Sprites/CardsBoard/penguin_board.png
  artifactKey: Guid(4fb3f11fd3081eb4b8bc460d1781915f) Importer(815301076,1909f56bfc062723c751e8b465ee728b)
Number of updated assets reloaded before import = 0
Start importing Assets/TcgEngine/Sprites/CardsBoard/penguin_board.png using Guid(4fb3f11fd3081eb4b8bc460d1781915f) Importer(815301076,1909f56bfc062723c751e8b465ee728b)  -> (artifact id: 'dd12a78731b687d801c7405db8c520cd') in 0.096593 seconds 
Number of asset objects unloaded after import = 3
========================================================================
Received Import Request.
  Time since last request: 0.000018 seconds.
  path: Assets/TcgEngine/Sprites/Cards/pufferfish.png
  artifactKey: Guid(e2171587cdf01f345aafec22ae5ca887) Importer(815301076,1909f56bfc062723c751e8b465ee728b)
Number of updated assets reloaded before import = 0
Start importing Assets/TcgEngine/Sprites/Cards/pufferfish.png using Guid(e2171587cdf01f345aafec22ae5ca887) Importer(815301076,1909f56bfc062723c751e8b465ee728b)  -> (artifact id: '79f4cdbecf5641d06a7e7ebf5e6b496b') in 0.107337 seconds 
Number of asset objects unloaded after import = 3
========================================================================
Received Import Request.
  Time since last request: 0.000023 seconds.
  path: Assets/TcgEngine/Sprites/Icons/rarity_rare.png
  artifactKey: Guid(2b1b462a8d4e2b74bbf0896752ce0e44) Importer(815301076,1909f56bfc062723c751e8b465ee728b)
Number of updated assets reloaded before import = 0
Start importing Assets/TcgEngine/Sprites/Icons/rarity_rare.png using Guid(2b1b462a8d4e2b74bbf0896752ce0e44) Importer(815301076,1909f56bfc062723c751e8b465ee728b)  -> (artifact id: 'd348c0e3cfca8309a6e0053a64a1bf51') in 0.047057 seconds 
Number of asset objects unloaded after import = 3
========================================================================
Received Import Request.
  Time since last request: 0.000016 seconds.
  path: Assets/TcgEngine/Sprites/Menu/player_bar_bottom2.png
  artifactKey: Guid(5155a539dc13fdb4b9b0a1f5b533201d) Importer(815301076,1909f56bfc062723c751e8b465ee728b)
Number of updated assets reloaded before import = 0
Start importing Assets/TcgEngine/Sprites/Menu/player_bar_bottom2.png using Guid(5155a539dc13fdb4b9b0a1f5b533201d) Importer(815301076,1909f56bfc062723c751e8b465ee728b)  -> (artifact id: '9ed01dbac4585b0ba356fda7eed500a3') in 0.035243 seconds 
Number of asset objects unloaded after import = 3
========================================================================
Received Import Request.
  Time since last request: 0.000025 seconds.
  path: Assets/TcgEngine/Sprites/Cards/raccoon.png
  artifactKey: Guid(a2a83c63ca276a64fb8cf0704b25aa48) Importer(815301076,1909f56bfc062723c751e8b465ee728b)
Number of updated assets reloaded before import = 0
Start importing Assets/TcgEngine/Sprites/Cards/raccoon.png using Guid(a2a83c63ca276a64fb8cf0704b25aa48) Importer(815301076,1909f56bfc062723c751e8b465ee728b)  -> (artifact id: 'dc1502087e5b537672b7fe27e8e2eca7') in 0.110709 seconds 
Number of asset objects unloaded after import = 3
========================================================================
Received Import Request.
  Time since last request: 0.000023 seconds.
  path: Assets/TcgEngine/Sprites/Cards/potion_red.png
  artifactKey: Guid(c61150d537e17034a96383be5c7d8096) Importer(815301076,1909f56bfc062723c751e8b465ee728b)
Number of updated assets reloaded before import = 0
Start importing Assets/TcgEngine/Sprites/Cards/potion_red.png using Guid(c61150d537e17034a96383be5c7d8096) Importer(815301076,1909f56bfc062723c751e8b465ee728b)  -> (artifact id: '7b1f33dc7f6fda5760911b1d452f7353') in 0.119280 seconds 
Number of asset objects unloaded after import = 3
========================================================================
Received Import Request.
  Time since last request: 0.000033 seconds.
  path: Assets/TcgEngine/Sprites/Cards/plant_growth.png
  artifactKey: Guid(641cb5b943c35164d9fdec0d51988e9f) Importer(815301076,1909f56bfc062723c751e8b465ee728b)
Number of updated assets reloaded before import = 0
Start importing Assets/TcgEngine/Sprites/Cards/plant_growth.png using Guid(641cb5b943c35164d9fdec0d51988e9f) Importer(815301076,1909f56bfc062723c751e8b465ee728b)  -> (artifact id: '37df1cd03fff46998832c4e6b68d6d41') in 0.114638 seconds 
Number of asset objects unloaded after import = 3
========================================================================
Received Import Request.
  Time since last request: 0.000025 seconds.
  path: Assets/TcgEngine/Sprites/Cards/penguin.png
  artifactKey: Guid(c5a307b20d85f964880a09a64f72d7d7) Importer(815301076,1909f56bfc062723c751e8b465ee728b)
Number of updated assets reloaded before import = 0
Start importing Assets/TcgEngine/Sprites/Cards/penguin.png using Guid(c5a307b20d85f964880a09a64f72d7d7) Importer(815301076,1909f56bfc062723c751e8b465ee728b)  -> (artifact id: '05a1b25fca5500498cab85d9f5625cb5') in 0.120290 seconds 
Number of asset objects unloaded after import = 3
========================================================================
Received Import Request.
  Time since last request: 0.000020 seconds.
  path: Assets/TcgEngine/Sprites/Menu/play_horse_off.png
  artifactKey: Guid(7a7171a03f81f3049bde9262770b4424) Importer(815301076,1909f56bfc062723c751e8b465ee728b)
Number of updated assets reloaded before import = 0
Start importing Assets/TcgEngine/Sprites/Menu/play_horse_off.png using Guid(7a7171a03f81f3049bde9262770b4424) Importer(815301076,1909f56bfc062723c751e8b465ee728b)  -> (artifact id: '8f0e2635f9ea505763197d50157ce8d9') in 0.030064 seconds 
Number of asset objects unloaded after import = 3
========================================================================
Received Import Request.
  Time since last request: 0.000029 seconds.
  path: Assets/TcgEngine/Sprites/Menu/player_bar_bottom.png
  artifactKey: Guid(22c4271612895a146a8e02cfbea86d98) Importer(815301076,1909f56bfc062723c751e8b465ee728b)
Number of updated assets reloaded before import = 0
Start importing Assets/TcgEngine/Sprites/Menu/player_bar_bottom.png using Guid(22c4271612895a146a8e02cfbea86d98) Importer(815301076,1909f56bfc062723c751e8b465ee728b)  -> (artifact id: 'a7395a30a4774b82cc0135197f7365ba') in 0.024277 seconds 
Number of asset objects unloaded after import = 3
========================================================================
Received Import Request.
  Time since last request: 0.000026 seconds.
  path: Assets/TcgEngine/Sprites/Menu/play-wolf-off.png
  artifactKey: Guid(39b16aeb9ccc36f4d9864010ee1f4d61) Importer(815301076,1909f56bfc062723c751e8b465ee728b)
Number of updated assets reloaded before import = 0
Start importing Assets/TcgEngine/Sprites/Menu/play-wolf-off.png using Guid(39b16aeb9ccc36f4d9864010ee1f4d61) Importer(815301076,1909f56bfc062723c751e8b465ee728b)  -> (artifact id: 'd1b0bf71709a9eb9b3440714dea8583d') in 0.038300 seconds 
Number of asset objects unloaded after import = 3
========================================================================
Received Import Request.
  Time since last request: 0.000017 seconds.
  path: Assets/TcgEngine/Sprites/Menu/play-turtle.png
  artifactKey: Guid(c1c4370148fbbbc4384869ec506a4d51) Importer(815301076,1909f56bfc062723c751e8b465ee728b)
Number of updated assets reloaded before import = 0
Start importing Assets/TcgEngine/Sprites/Menu/play-turtle.png using Guid(c1c4370148fbbbc4384869ec506a4d51) Importer(815301076,1909f56bfc062723c751e8b465ee728b)  -> (artifact id: '26348fe379d50565898a5c3e879534e2') in 0.043866 seconds 
Number of asset objects unloaded after import = 3
========================================================================
Received Import Request.
  Time since last request: 0.000021 seconds.
  path: Assets/TcgEngine/Sprites/FX/pack_glow.png
  artifactKey: Guid(6365202e348d5da43b977bcef120e1da) Importer(815301076,1909f56bfc062723c751e8b465ee728b)
Number of updated assets reloaded before import = 0
Start importing Assets/TcgEngine/Sprites/FX/pack_glow.png using Guid(6365202e348d5da43b977bcef120e1da) Importer(815301076,1909f56bfc062723c751e8b465ee728b)  -> (artifact id: 'ec13fb0c02d0f71341731da170e0d91d') in 0.077300 seconds 
Number of asset objects unloaded after import = 3
========================================================================
Received Import Request.
  Time since last request: 0.000029 seconds.
  path: Assets/TcgEngine/Sprites/Menu/play-wolf.png
  artifactKey: Guid(4a1c05e188c16e6449938ffc310fd379) Importer(815301076,1909f56bfc062723c751e8b465ee728b)
Number of updated assets reloaded before import = 0
Start importing Assets/TcgEngine/Sprites/Menu/play-wolf.png using Guid(4a1c05e188c16e6449938ffc310fd379) Importer(815301076,1909f56bfc062723c751e8b465ee728b)  -> (artifact id: '3052593b71542a385246acdb9b22500a') in 0.047435 seconds 
Number of asset objects unloaded after import = 3
========================================================================
Received Import Request.
  Time since last request: 0.000029 seconds.
  path: Assets/TcgEngine/Sprites/Menu/play_horse.png
  artifactKey: Guid(0cc2ed904e98b364f8a3cfa409ae1620) Importer(815301076,1909f56bfc062723c751e8b465ee728b)
Number of updated assets reloaded before import = 0
Start importing Assets/TcgEngine/Sprites/Menu/play_horse.png using Guid(0cc2ed904e98b364f8a3cfa409ae1620) Importer(815301076,1909f56bfc062723c751e8b465ee728b)  -> (artifact id: 'c485b36d6a7f9ad3f482b1b11c9ff4dd') in 0.031439 seconds 
Number of asset objects unloaded after import = 3
========================================================================
Received Import Request.
  Time since last request: 0.000017 seconds.
  path: Assets/TcgEngine/Sprites/CardsBoard/pufferfish_board.png
  artifactKey: Guid(6e6bb7509ba520a48be2b3298e2cfb85) Importer(815301076,1909f56bfc062723c751e8b465ee728b)
Number of updated assets reloaded before import = 0
Start importing Assets/TcgEngine/Sprites/CardsBoard/pufferfish_board.png using Guid(6e6bb7509ba520a48be2b3298e2cfb85) Importer(815301076,1909f56bfc062723c751e8b465ee728b)  -> (artifact id: 'ada22023009934f34fdc82ea2a2a83ed') in 0.090637 seconds 
Number of asset objects unloaded after import = 3
========================================================================
Received Import Request.
  Time since last request: 0.000024 seconds.
  path: Assets/TcgEngine/Sprites/Menu/player_stats_box.png
  artifactKey: Guid(06d9c848812613a4391c74a7cb5f2a7d) Importer(815301076,1909f56bfc062723c751e8b465ee728b)
Number of updated assets reloaded before import = 0
Start importing Assets/TcgEngine/Sprites/Menu/player_stats_box.png using Guid(06d9c848812613a4391c74a7cb5f2a7d) Importer(815301076,1909f56bfc062723c751e8b465ee728b)  -> (artifact id: '814a17636fce13f223f1988955f2fa46') in 0.034545 seconds 
Number of asset objects unloaded after import = 3
========================================================================
Received Import Request.
  Time since last request: 0.000014 seconds.
  path: Assets/TcgEngine/Sprites/Avatar/moose.png
  artifactKey: Guid(855d37a9e9960014d92c53ecd54246d5) Importer(815301076,1909f56bfc062723c751e8b465ee728b)
Number of updated assets reloaded before import = 0
Start importing Assets/TcgEngine/Sprites/Avatar/moose.png using Guid(855d37a9e9960014d92c53ecd54246d5) Importer(815301076,1909f56bfc062723c751e8b465ee728b)  -> (artifact id: '8b2319681b761d770434f913d03d442b') in 0.052386 seconds 
Number of asset objects unloaded after import = 3
========================================================================
Received Import Request.
  Time since last request: 0.000102 seconds.
  path: Assets/TcgEngine/Sprites/Menu/panel_black.png
  artifactKey: Guid(26925aeb7c73e1141b12aa55411df34e) Importer(815301076,1909f56bfc062723c751e8b465ee728b)
Number of updated assets reloaded before import = 0
Start importing Assets/TcgEngine/Sprites/Menu/panel_black.png using Guid(26925aeb7c73e1141b12aa55411df34e) Importer(815301076,1909f56bfc062723c751e8b465ee728b)  -> (artifact id: 'f49f99af504301e2f6a0667c04e8276c') in 0.075607 seconds 
Number of asset objects unloaded after import = 3
========================================================================
Received Import Request.
  Time since last request: 0.000033 seconds.
  path: Assets/TownManagement/City Builder Template/Textures/Characters/SwordMan/walk/R_original.png
  artifactKey: Guid(434068c2496014947a8763ed4a2cd742) Importer(815301076,1909f56bfc062723c751e8b465ee728b)
Number of updated assets reloaded before import = 0
Start importing Assets/TownManagement/City Builder Template/Textures/Characters/SwordMan/walk/R_original.png using Guid(434068c2496014947a8763ed4a2cd742) Importer(815301076,1909f56bfc062723c751e8b465ee728b)  -> (artifact id: '77c0576de9d9d3fd009ee41228d4b551') in 0.035710 seconds 
Number of asset objects unloaded after import = 3
========================================================================
Received Import Request.
  Time since last request: 0.404477 seconds.
  path: Assets/TcgEngine/Sprites/Cards/reaper.png
  artifactKey: Guid(110e9843702372043955225eab755c90) Importer(815301076,1909f56bfc062723c751e8b465ee728b)
Number of updated assets reloaded before import = 0
Start importing Assets/TcgEngine/Sprites/Cards/reaper.png using Guid(110e9843702372043955225eab755c90) Importer(815301076,1909f56bfc062723c751e8b465ee728b)  -> (artifact id: 'c86ac545f00521c9275511b7d97b97de') in 0.109004 seconds 
Number of asset objects unloaded after import = 3
========================================================================
Received Import Request.
  Time since last request: 0.000019 seconds.
  path: Assets/TcgEngine/Sprites/Cards/sea-storm.png
  artifactKey: Guid(87b1bf15c44b86945b51d6a798840222) Importer(815301076,1909f56bfc062723c751e8b465ee728b)
Number of updated assets reloaded before import = 0
Start importing Assets/TcgEngine/Sprites/Cards/sea-storm.png using Guid(87b1bf15c44b86945b51d6a798840222) Importer(815301076,1909f56bfc062723c751e8b465ee728b)  -> (artifact id: '31a9e1fd0fed9fbb4c0d9fa3b1bd5c16') in 0.123022 seconds 
Number of asset objects unloaded after import = 3
========================================================================
Received Import Request.
  Time since last request: 0.000023 seconds.
  path: Assets/TcgEngine/Sprites/CardsBoard/sasquatch_board.png
  artifactKey: Guid(ebd136e861f797e4ab0a606a7ef4ab7b) Importer(815301076,1909f56bfc062723c751e8b465ee728b)
Number of updated assets reloaded before import = 0
Start importing Assets/TcgEngine/Sprites/CardsBoard/sasquatch_board.png using Guid(ebd136e861f797e4ab0a606a7ef4ab7b) Importer(815301076,1909f56bfc062723c751e8b465ee728b)  -> (artifact id: '30502f8cdf7a471664bdca1a71921dc3') in 0.091141 seconds 
Number of asset objects unloaded after import = 3
========================================================================
Received Import Request.
  Time since last request: 0.000025 seconds.
  path: Assets/TownManagement/City Builder Template/Textures/Atlases/ui/resource_progress.png
  artifactKey: Guid(064d787459e4149d89fddbb9bf4803f6) Importer(815301076,1909f56bfc062723c751e8b465ee728b)
Number of updated assets reloaded before import = 0
Start importing Assets/TownManagement/City Builder Template/Textures/Atlases/ui/resource_progress.png using Guid(064d787459e4149d89fddbb9bf4803f6) Importer(815301076,1909f56bfc062723c751e8b465ee728b)  -> (artifact id: 'd7b055b735c4793ae3cf54dbabcbb168') in 0.032549 seconds 
Number of asset objects unloaded after import = 3
========================================================================
Received Import Request.
  Time since last request: 0.000017 seconds.
  path: Assets/TownManagement/City Builder Template/Textures/Atlases/ui/resources.png
  artifactKey: Guid(de4ac145624c04fe8ade461e4ff9d5a9) Importer(815301076,1909f56bfc062723c751e8b465ee728b)
Number of updated assets reloaded before import = 0
Start importing Assets/TownManagement/City Builder Template/Textures/Atlases/ui/resources.png using Guid(de4ac145624c04fe8ade461e4ff9d5a9) Importer(815301076,1909f56bfc062723c751e8b465ee728b)  -> (artifact id: 'c3f268c313cb99c05c6d1578dbc22b62') in 0.028220 seconds 
Number of asset objects unloaded after import = 3
========================================================================
Received Import Request.
  Time since last request: 0.000015 seconds.
  path: Assets/TcgEngine/Sprites/CardsBoard/ring_board.png
  artifactKey: Guid(4b1ee82a1a5b95e41ba3bb3d8322b771) Importer(815301076,1909f56bfc062723c751e8b465ee728b)
Number of updated assets reloaded before import = 0
Start importing Assets/TcgEngine/Sprites/CardsBoard/ring_board.png using Guid(4b1ee82a1a5b95e41ba3bb3d8322b771) Importer(815301076,1909f56bfc062723c751e8b465ee728b)  -> (artifact id: '7f0740f91290d750d5b1ffbd3e7fd4ff') in 0.053444 seconds 
Number of asset objects unloaded after import = 3
========================================================================
Received Import Request.
  Time since last request: 0.000022 seconds.
  path: Assets/TcgEngine/Sprites/CardsBoard/reaper_board.png
  artifactKey: Guid(2ea526c03100af04caf4ce7ca391c938) Importer(815301076,1909f56bfc062723c751e8b465ee728b)
Number of updated assets reloaded before import = 0
Start importing Assets/TcgEngine/Sprites/CardsBoard/reaper_board.png using Guid(2ea526c03100af04caf4ce7ca391c938) Importer(815301076,1909f56bfc062723c751e8b465ee728b)  -> (artifact id: '824e705a3b9ff420e062f122dde9ab73') in 0.089521 seconds 
Number of asset objects unloaded after import = 3
========================================================================
Received Import Request.
  Time since last request: 2.068099 seconds.
  path: Assets/TcgEngine/Sprites/Cards/seagull.png
  artifactKey: Guid(4a08a6f218392f14dabeaa3970e88636) Importer(815301076,1909f56bfc062723c751e8b465ee728b)
Number of updated assets reloaded before import = 0
Start importing Assets/TcgEngine/Sprites/Cards/seagull.png using Guid(4a08a6f218392f14dabeaa3970e88636) Importer(815301076,1909f56bfc062723c751e8b465ee728b)  -> (artifact id: '2f102e64cd5f3405e2e64bfd1ae69d15') in 0.123867 seconds 
Number of asset objects unloaded after import = 3
========================================================================
Received Import Request.
  Time since last request: 0.000020 seconds.
  path: Assets/TownManagement/City Builder Template/Textures/Characters/SwordMan/walk/T_original.png
  artifactKey: Guid(ee4c37c29abeafa41972f8328f446da4) Importer(815301076,1909f56bfc062723c751e8b465ee728b)
Number of updated assets reloaded before import = 0
Start importing Assets/TownManagement/City Builder Template/Textures/Characters/SwordMan/walk/T_original.png using Guid(ee4c37c29abeafa41972f8328f446da4) Importer(815301076,1909f56bfc062723c751e8b465ee728b)  -> (artifact id: '98df0f8cb6a71c68c4d9672798725020') in 0.040415 seconds 
Number of asset objects unloaded after import = 3
========================================================================
Received Import Request.
  Time since last request: 0.000023 seconds.
  path: Assets/TcgEngine/Sprites/Cards/spell_forest.png
  artifactKey: Guid(1207432cb24bdf342a55ec604ad053db) Importer(815301076,1909f56bfc062723c751e8b465ee728b)
Number of updated assets reloaded before import = 0
Start importing Assets/TcgEngine/Sprites/Cards/spell_forest.png using Guid(1207432cb24bdf342a55ec604ad053db) Importer(815301076,1909f56bfc062723c751e8b465ee728b)  -> (artifact id: '9fdf57596a17f61f582c54d0a84d7c9f') in 0.140289 seconds 
Number of asset objects unloaded after import = 3
========================================================================
Received Import Request.
  Time since last request: 0.000024 seconds.
  path: Assets/TcgEngine/Sprites/Menu/tab_big_inactive.png
  artifactKey: Guid(a54487cc8c7face498ff70166efe2e30) Importer(815301076,1909f56bfc062723c751e8b465ee728b)
Number of updated assets reloaded before import = 0
Start importing Assets/TcgEngine/Sprites/Menu/tab_big_inactive.png using Guid(a54487cc8c7face498ff70166efe2e30) Importer(815301076,1909f56bfc062723c751e8b465ee728b)  -> (artifact id: '869523512563a9142a979466684251a0') in 0.029246 seconds 
Number of asset objects unloaded after import = 3
========================================================================
Received Import Request.
  Time since last request: 0.000017 seconds.
  path: Assets/TcgEngine/Sprites/CardsBoard/shark_board.png
  artifactKey: Guid(522831f44b4e3d643a2470d12529c1c1) Importer(815301076,1909f56bfc062723c751e8b465ee728b)
Number of updated assets reloaded before import = 0
Start importing Assets/TcgEngine/Sprites/CardsBoard/shark_board.png using Guid(522831f44b4e3d643a2470d12529c1c1) Importer(815301076,1909f56bfc062723c751e8b465ee728b)  -> (artifact id: 'c7b03e793a492a07d0d9107e292ae122') in 0.092192 seconds 
Number of asset objects unloaded after import = 3
========================================================================
Received Import Request.
  Time since last request: 0.000018 seconds.
  path: Assets/TcgEngine/Sprites/FX/slash2.png
  artifactKey: Guid(1d6ae7b5a82f0b343af4e704a86f8e4c) Importer(815301076,1909f56bfc062723c751e8b465ee728b)
Number of updated assets reloaded before import = 0
Start importing Assets/TcgEngine/Sprites/FX/slash2.png using Guid(1d6ae7b5a82f0b343af4e704a86f8e4c) Importer(815301076,1909f56bfc062723c751e8b465ee728b)  -> (artifact id: '0c25c575a2023464fea90c419bdfb8f0') in 0.033736 seconds 
Number of asset objects unloaded after import = 3
========================================================================
Received Import Request.
  Time since last request: 0.000016 seconds.
  path: Assets/TcgEngine/Sprites/Menu/title_bar.png
  artifactKey: Guid(a4431e8e17b7a4e4bb10a353e013e4b1) Importer(815301076,1909f56bfc062723c751e8b465ee728b)
Number of updated assets reloaded before import = 0
Start importing Assets/TcgEngine/Sprites/Menu/title_bar.png using Guid(a4431e8e17b7a4e4bb10a353e013e4b1) Importer(815301076,1909f56bfc062723c751e8b465ee728b)  -> (artifact id: '1e6f94f8e3132ea665f23fa3bff3ba6c') in 0.029596 seconds 
Number of asset objects unloaded after import = 3
========================================================================
Received Import Request.
  Time since last request: 0.000017 seconds.
  path: Assets/TcgEngine/Sprites/Cards/shark.png
  artifactKey: Guid(4f1f88df43e430f4392bff2dffbb8c33) Importer(815301076,1909f56bfc062723c751e8b465ee728b)
Number of updated assets reloaded before import = 0
Start importing Assets/TcgEngine/Sprites/Cards/shark.png using Guid(4f1f88df43e430f4392bff2dffbb8c33) Importer(815301076,1909f56bfc062723c751e8b465ee728b)  -> (artifact id: '66723872f9df549e0b1ac23c4849d9b8') in 0.121816 seconds 
Number of asset objects unloaded after import = 3
========================================================================
Received Import Request.
  Time since last request: 0.000025 seconds.
  path: Assets/TcgEngine/Sprites/Menu/tab_small_active.png
  artifactKey: Guid(07c3d6395ca83a348b97986357cbee89) Importer(815301076,1909f56bfc062723c751e8b465ee728b)
Number of updated assets reloaded before import = 0
Start importing Assets/TcgEngine/Sprites/Menu/tab_small_active.png using Guid(07c3d6395ca83a348b97986357cbee89) Importer(815301076,1909f56bfc062723c751e8b465ee728b)  -> (artifact id: '38bd9bc3cf59e72c3033eefc4824f758') in 0.026431 seconds 
Number of asset objects unloaded after import = 3
========================================================================
Received Import Request.
  Time since last request: 0.000015 seconds.
  path: Assets/TcgEngine/Sprites/FX/splash_fx.png
  artifactKey: Guid(4a12ce257d33a6043b6cd52eacfe8c48) Importer(815301076,1909f56bfc062723c751e8b465ee728b)
Number of updated assets reloaded before import = 0
Start importing Assets/TcgEngine/Sprites/FX/splash_fx.png using Guid(4a12ce257d33a6043b6cd52eacfe8c48) Importer(815301076,1909f56bfc062723c751e8b465ee728b)  -> (artifact id: 'affaf2dbe041d0748c2f445a7f3af967') in 0.054748 seconds 
Number of asset objects unloaded after import = 3
========================================================================
Received Import Request.
  Time since last request: 0.000029 seconds.
  path: Assets/TcgEngine/Sprites/Menu/top_bar2.png
  artifactKey: Guid(eea323789f717594386e6d0437ee5e2d) Importer(815301076,1909f56bfc062723c751e8b465ee728b)
Number of updated assets reloaded before import = 0
Start importing Assets/TcgEngine/Sprites/Menu/top_bar2.png using Guid(eea323789f717594386e6d0437ee5e2d) Importer(815301076,1909f56bfc062723c751e8b465ee728b)  -> (artifact id: 'c8eb06d6cb2e710f19e348e8d133fb06') in 0.033792 seconds 
Number of asset objects unloaded after import = 3
========================================================================
Received Import Request.
  Time since last request: 0.000019 seconds.
  path: Assets/TcgEngine/Sprites/Cards/trap_spike.png
  artifactKey: Guid(9efae935e6d88f1479749435674589dc) Importer(815301076,1909f56bfc062723c751e8b465ee728b)
Number of updated assets reloaded before import = 0
Start importing Assets/TcgEngine/Sprites/Cards/trap_spike.png using Guid(9efae935e6d88f1479749435674589dc) Importer(815301076,1909f56bfc062723c751e8b465ee728b)  -> (artifact id: '68f6613ae87af1aa6fd6d433eeff0092') in 0.107955 seconds 
Number of asset objects unloaded after import = 3
========================================================================
Received Import Request.
  Time since last request: 0.000018 seconds.
  path: Assets/TcgEngine/Sprites/Cards/trap_net.png
  artifactKey: Guid(26eca003f63e50946b946263568b3cd5) Importer(815301076,1909f56bfc062723c751e8b465ee728b)
Number of updated assets reloaded before import = 0
Start importing Assets/TcgEngine/Sprites/Cards/trap_net.png using Guid(26eca003f63e50946b946263568b3cd5) Importer(815301076,1909f56bfc062723c751e8b465ee728b)  -> (artifact id: '30221a580e8b9cbddc4e0016c1351011') in 0.132143 seconds 
Number of asset objects unloaded after import = 3
========================================================================
Received Import Request.
  Time since last request: 0.000025 seconds.
  path: Assets/TownManagement/City Builder Template/Textures/Atlases/ui/_items_thumb/tree2.png
  artifactKey: Guid(7f52a0d7894d54e77bb1c25059c773f2) Importer(815301076,1909f56bfc062723c751e8b465ee728b)
Number of updated assets reloaded before import = 0
Start importing Assets/TownManagement/City Builder Template/Textures/Atlases/ui/_items_thumb/tree2.png using Guid(7f52a0d7894d54e77bb1c25059c773f2) Importer(815301076,1909f56bfc062723c751e8b465ee728b)  -> (artifact id: '4a34c15f99d74934500a45332af9b85d') in 0.030316 seconds 
Number of asset objects unloaded after import = 3
========================================================================
Received Import Request.
  Time since last request: 0.000016 seconds.
  path: Assets/TcgEngine/Sprites/CardsBoard/town_volcano_board.png
  artifactKey: Guid(25fabafc035372f4da561d5b9d0f49f7) Importer(815301076,1909f56bfc062723c751e8b465ee728b)
Number of updated assets reloaded before import = 0
Start importing Assets/TcgEngine/Sprites/CardsBoard/town_volcano_board.png using Guid(25fabafc035372f4da561d5b9d0f49f7) Importer(815301076,1909f56bfc062723c751e8b465ee728b)  -> (artifact id: '750da8ca376dc51d4c5734536cf10a52') in 0.089414 seconds 
Number of asset objects unloaded after import = 3
========================================================================
Received Import Request.
  Time since last request: 0.000021 seconds.
  path: Assets/TcgEngine/Sprites/Cards/trap_bomb.png
  artifactKey: Guid(805152cb21d6b254093062fe068f1272) Importer(815301076,1909f56bfc062723c751e8b465ee728b)
Number of updated assets reloaded before import = 0
Start importing Assets/TcgEngine/Sprites/Cards/trap_bomb.png using Guid(805152cb21d6b254093062fe068f1272) Importer(815301076,1909f56bfc062723c751e8b465ee728b)  -> (artifact id: '2a727fdd798caba01090a05ae3f3f07a') in 0.120371 seconds 
Number of asset objects unloaded after import = 3
========================================================================
Received Import Request.
  Time since last request: 0.000024 seconds.
  path: Assets/TownManagement/City Builder Template/Textures/Atlases/ui/_items_thumb/wind_mill.png
  artifactKey: Guid(a65ee4e6feb8b4dbdb3398a8c1a2e0ad) Importer(815301076,1909f56bfc062723c751e8b465ee728b)
Number of updated assets reloaded before import = 0
Start importing Assets/TownManagement/City Builder Template/Textures/Atlases/ui/_items_thumb/wind_mill.png using Guid(a65ee4e6feb8b4dbdb3398a8c1a2e0ad) Importer(815301076,1909f56bfc062723c751e8b465ee728b)  -> (artifact id: '9f58138786dc35986246683f83a46348') in 0.034007 seconds 
Number of asset objects unloaded after import = 3
========================================================================
Received Import Request.
  Time since last request: 0.000029 seconds.
  path: Assets/TcgEngine/Sprites/FX/zzz.png
  artifactKey: Guid(e8b6d7e17e479ca49b3b42fcad7034cc) Importer(815301076,1909f56bfc062723c751e8b465ee728b)
Number of updated assets reloaded before import = 0
Start importing Assets/TcgEngine/Sprites/FX/zzz.png using Guid(e8b6d7e17e479ca49b3b42fcad7034cc) Importer(815301076,1909f56bfc062723c751e8b465ee728b)  -> (artifact id: '5677bbb6548d1e74f6bb1705ad217e1c') in 0.030103 seconds 
Number of asset objects unloaded after import = 3
========================================================================
Received Import Request.
  Time since last request: 0.000023 seconds.
  path: Assets/TcgEngine/Sprites/Cards/unicorn.png
  artifactKey: Guid(3292abc2a706cc64fbd62d560d817588) Importer(815301076,1909f56bfc062723c751e8b465ee728b)
Number of updated assets reloaded before import = 0
Start importing Assets/TcgEngine/Sprites/Cards/unicorn.png using Guid(3292abc2a706cc64fbd62d560d817588) Importer(815301076,1909f56bfc062723c751e8b465ee728b)  -> (artifact id: 'fe2bd77e373a65da70e344876378db7f') in 0.116565 seconds 
Number of asset objects unloaded after import = 3
========================================================================
Received Import Request.
  Time since last request: 0.000026 seconds.
  path: Assets/TcgEngine/Sprites/Cards/trap_expode.png
  artifactKey: Guid(d9a3b7d9d71083446ab3bbef4698e522) Importer(815301076,1909f56bfc062723c751e8b465ee728b)
Number of updated assets reloaded before import = 0
Start importing Assets/TcgEngine/Sprites/Cards/trap_expode.png using Guid(d9a3b7d9d71083446ab3bbef4698e522) Importer(815301076,1909f56bfc062723c751e8b465ee728b)  -> (artifact id: '0aa523b4655db7a825305fccf927b6dd') in 0.097685 seconds 
Number of asset objects unloaded after import = 3
========================================================================
Received Import Request.
  Time since last request: 0.000025 seconds.
  path: Assets/TcgEngine/Sprites/Menu/tab_bar.png
  artifactKey: Guid(acfca68127d695f41a26d804d991fa83) Importer(815301076,1909f56bfc062723c751e8b465ee728b)
Number of updated assets reloaded before import = 0
Start importing Assets/TcgEngine/Sprites/Menu/tab_bar.png using Guid(acfca68127d695f41a26d804d991fa83) Importer(815301076,1909f56bfc062723c751e8b465ee728b)  -> (artifact id: '479fa2bb51373b148f992def4680721e') in 0.025907 seconds 
Number of asset objects unloaded after import = 3
========================================================================
Received Import Request.
  Time since last request: 0.000035 seconds.
  path: Assets/TcgEngine/Sprites/Cards/town_forest.png
  artifactKey: Guid(47bb00911776e254286a5e9252ee4430) Importer(815301076,1909f56bfc062723c751e8b465ee728b)
Number of updated assets reloaded before import = 0
Start importing Assets/TcgEngine/Sprites/Cards/town_forest.png using Guid(47bb00911776e254286a5e9252ee4430) Importer(815301076,1909f56bfc062723c751e8b465ee728b)  -> (artifact id: '60addc21f78577c0b2e47b421d0a7cd6') in 0.126080 seconds 
Number of asset objects unloaded after import = 3
========================================================================
Received Import Request.
  Time since last request: 0.000019 seconds.
  path: Assets/TownManagement/City Builder Template/Textures/Atlases/ui/shop_thumb.png
  artifactKey: Guid(e4cbe808305b4440ab9fd66e46f36c70) Importer(815301076,1909f56bfc062723c751e8b465ee728b)
Number of updated assets reloaded before import = 0
Start importing Assets/TownManagement/City Builder Template/Textures/Atlases/ui/shop_thumb.png using Guid(e4cbe808305b4440ab9fd66e46f36c70) Importer(815301076,1909f56bfc062723c751e8b465ee728b)  -> (artifact id: 'b6e91a36eb565c373dfa20fba840a656') in 0.031700 seconds 
Number of asset objects unloaded after import = 3
========================================================================
Received Import Request.
  Time since last request: 0.000021 seconds.
  path: Assets/TcgEngine/Sprites/FX/shield_fx.png
  artifactKey: Guid(bbb61d1ed2da4724ab8c5d4322923910) Importer(815301076,1909f56bfc062723c751e8b465ee728b)
Number of updated assets reloaded before import = 0
Start importing Assets/TcgEngine/Sprites/FX/shield_fx.png using Guid(bbb61d1ed2da4724ab8c5d4322923910) Importer(815301076,1909f56bfc062723c751e8b465ee728b)  -> (artifact id: 'c218263d19018da1bd02bc6da1b20b10') in 0.045293 seconds 
Number of asset objects unloaded after import = 3
========================================================================
Received Import Request.
  Time since last request: 0.000023 seconds.
  path: Assets/TcgEngine/Sprites/Cards/spell_water.png
  artifactKey: Guid(cc3bd4bae8a25fb4693234894df54925) Importer(815301076,1909f56bfc062723c751e8b465ee728b)
Number of updated assets reloaded before import = 0
Start importing Assets/TcgEngine/Sprites/Cards/spell_water.png using Guid(cc3bd4bae8a25fb4693234894df54925) Importer(815301076,1909f56bfc062723c751e8b465ee728b)  -> (artifact id: '92f197b33c20be1374a47605088984d5') in 0.145621 seconds 
Number of asset objects unloaded after import = 3
========================================================================
Received Import Request.
  Time since last request: 0.000043 seconds.
  path: Assets/TcgEngine/Sprites/Menu/tab_small_inactive.png
  artifactKey: Guid(4fc46e0f12e1ca64e80459c39bb5a6a7) Importer(815301076,1909f56bfc062723c751e8b465ee728b)
Number of updated assets reloaded before import = 0
Start importing Assets/TcgEngine/Sprites/Menu/tab_small_inactive.png using Guid(4fc46e0f12e1ca64e80459c39bb5a6a7) Importer(815301076,1909f56bfc062723c751e8b465ee728b)  -> (artifact id: 'bd5f696a4f4e07f1be3e4f9b2292eb22') in 0.032664 seconds 
Number of asset objects unloaded after import = 3
========================================================================
Received Import Request.
  Time since last request: 0.000018 seconds.
  path: Assets/TcgEngine/Sprites/Avatar/unknow.png
  artifactKey: Guid(c02bcc73ddc5b9b4c9499d50780d308d) Importer(815301076,1909f56bfc062723c751e8b465ee728b)
Number of updated assets reloaded before import = 0
Start importing Assets/TcgEngine/Sprites/Avatar/unknow.png using Guid(c02bcc73ddc5b9b4c9499d50780d308d) Importer(815301076,1909f56bfc062723c751e8b465ee728b)  -> (artifact id: 'be9258871fca2734eeeb4a238ba5e466') in 0.057852 seconds 
Number of asset objects unloaded after import = 3
========================================================================
Received Import Request.
  Time since last request: 0.000027 seconds.
  path: Assets/TcgEngine/Sprites/Cards/spirit_water.png
  artifactKey: Guid(ec6a5b8f080a26f4aa952f761b64ff29) Importer(815301076,1909f56bfc062723c751e8b465ee728b)
Number of updated assets reloaded before import = 0
Start importing Assets/TcgEngine/Sprites/Cards/spirit_water.png using Guid(ec6a5b8f080a26f4aa952f761b64ff29) Importer(815301076,1909f56bfc062723c751e8b465ee728b)  -> (artifact id: '27d44e3173f566d808bf2e8c00a28304') in 0.122395 seconds 
Number of asset objects unloaded after import = 3
========================================================================
Received Import Request.
  Time since last request: 0.000022 seconds.
  path: Assets/TcgEngine/Sprites/Menu/top_bar_line.png
  artifactKey: Guid(dfbbb678e6893cc49a51f264b35a964e) Importer(815301076,1909f56bfc062723c751e8b465ee728b)
Number of updated assets reloaded before import = 0
Start importing Assets/TcgEngine/Sprites/Menu/top_bar_line.png using Guid(dfbbb678e6893cc49a51f264b35a964e) Importer(815301076,1909f56bfc062723c751e8b465ee728b)  -> (artifact id: '15fb5aa9d66c9319506dc4abaea676d6') in 0.024093 seconds 
Number of asset objects unloaded after import = 3
========================================================================
Received Import Request.
  Time since last request: 0.000028 seconds.
  path: Assets/TcgEngine/Sprites/FX/thorn_fx.png
  artifactKey: Guid(5cd9461abf5cdf54699c3c5b609e0d54) Importer(815301076,1909f56bfc062723c751e8b465ee728b)
Number of updated assets reloaded before import = 0
Start importing Assets/TcgEngine/Sprites/FX/thorn_fx.png using Guid(5cd9461abf5cdf54699c3c5b609e0d54) Importer(815301076,1909f56bfc062723c751e8b465ee728b)  -> (artifact id: '84106afa771aa1fdd3af9231863d2847') in 0.084765 seconds 
Number of asset objects unloaded after import = 3
========================================================================
Received Import Request.
  Time since last request: 0.000030 seconds.
  path: Assets/TcgEngine/Sprites/CardsBoard/town_underwater_board.png
  artifactKey: Guid(24c14e88b5498bb4e8bc24429ee85c27) Importer(815301076,1909f56bfc062723c751e8b465ee728b)
Number of updated assets reloaded before import = 0
Start importing Assets/TcgEngine/Sprites/CardsBoard/town_underwater_board.png using Guid(24c14e88b5498bb4e8bc24429ee85c27) Importer(815301076,1909f56bfc062723c751e8b465ee728b)  -> (artifact id: 'f8a486c00fc32d23989c5e6fda2d91c5') in 0.102961 seconds 
Number of asset objects unloaded after import = 3
========================================================================
Received Import Request.
  Time since last request: 0.000030 seconds.
  path: Assets/TcgEngine/Sprites/CardsBoard/wolf_baby_board.png
  artifactKey: Guid(5b4bd18d1fa270248a02655f91808433) Importer(815301076,1909f56bfc062723c751e8b465ee728b)
Number of updated assets reloaded before import = 0
Start importing Assets/TcgEngine/Sprites/CardsBoard/wolf_baby_board.png using Guid(5b4bd18d1fa270248a02655f91808433) Importer(815301076,1909f56bfc062723c751e8b465ee728b)  -> (artifact id: '150643274b2187a92da156ee59af0fb6') in 0.083440 seconds 
Number of asset objects unloaded after import = 3
========================================================================
Received Import Request.
  Time since last request: 0.000035 seconds.
  path: Assets/TcgEngine/Sprites/Cards/wolf_stalker.png
  artifactKey: Guid(8be9cdeea7b57aa4dbff68d71ffa97f1) Importer(815301076,1909f56bfc062723c751e8b465ee728b)
Number of updated assets reloaded before import = 0
Start importing Assets/TcgEngine/Sprites/Cards/wolf_stalker.png using Guid(8be9cdeea7b57aa4dbff68d71ffa97f1) Importer(815301076,1909f56bfc062723c751e8b465ee728b)  -> (artifact id: 'ec2db20a8f088c0c7678505f164128ba') in 0.107851 seconds 
Number of asset objects unloaded after import = 3
