Using pre-set license
Built from '2021.3/staging' branch; Version is '2021.3.33f1 (ee5a2aa03ab2) revision 15620650'; Using compiler version '192829333'; Build Type 'Release'
OS: 'Windows 10  (10.0.19045) 64bit Professional' Language: 'tr' Physical Memory: 16265 MB
BatchMode: 1, IsHumanControllingUs: 0, StartBugReporterOnCrash: 0, Is64bit: 1, IsPro: 1

COMMAND LINE ARGUMENTS:
C:\Program Files\Unity\Hub\Editor\2021.3.33f1\Editor\Unity.exe
-adb2
-batchMode
-noUpm
-name
AssetImportWorker3
-projectPath
C:/Users/asus/Desktop/GITHUB/PACIFICA/CardGame/CARDGAME
-logFile
Logs/AssetImportWorker3.log
-srvPort
50116
Successfully changed project path to: C:/Users/asus/Desktop/GITHUB/PACIFICA/CardGame/CARDGAME
C:/Users/asus/Desktop/GITHUB/PACIFICA/CardGame/CARDGAME
[UnityMemory] Configuration Parameters - Can be set up in boot.config
    "memorysetup-bucket-allocator-granularity=16"
    "memorysetup-bucket-allocator-bucket-count=8"
    "memorysetup-bucket-allocator-block-size=33554432"
    "memorysetup-bucket-allocator-block-count=8"
    "memorysetup-main-allocator-block-size=16777216"
    "memorysetup-thread-allocator-block-size=16777216"
    "memorysetup-gfx-main-allocator-block-size=16777216"
    "memorysetup-gfx-thread-allocator-block-size=16777216"
    "memorysetup-cache-allocator-block-size=4194304"
    "memorysetup-typetree-allocator-block-size=2097152"
    "memorysetup-profiler-bucket-allocator-granularity=16"
    "memorysetup-profiler-bucket-allocator-bucket-count=8"
    "memorysetup-profiler-bucket-allocator-block-size=33554432"
    "memorysetup-profiler-bucket-allocator-block-count=8"
    "memorysetup-profiler-allocator-block-size=16777216"
    "memorysetup-profiler-editor-allocator-block-size=1048576"
    "memorysetup-temp-allocator-size-main=16777216"
    "memorysetup-job-temp-allocator-block-size=2097152"
    "memorysetup-job-temp-allocator-block-size-background=1048576"
    "memorysetup-job-temp-allocator-reduction-small-platforms=262144"
    "memorysetup-temp-allocator-size-background-worker=32768"
    "memorysetup-temp-allocator-size-job-worker=262144"
    "memorysetup-temp-allocator-size-preload-manager=33554432"
    "memorysetup-temp-allocator-size-nav-mesh-worker=65536"
    "memorysetup-temp-allocator-size-audio-worker=65536"
    "memorysetup-temp-allocator-size-cloud-worker=32768"
    "memorysetup-temp-allocator-size-gi-baking-worker=262144"
    "memorysetup-temp-allocator-size-gfx=262144"
Player connection [15576] Host "[IP] 192.168.77.42 [Port] 0 [Flags] 2 [Guid] 2308556596 [EditorId] 2308556596 [Version] 1048832 [Id] WindowsEditor(7,UCA-ASUSLAP) [Debug] 1 [PackageName] WindowsEditor [ProjectName] Editor" joined multi-casting on [225.0.0.222:54997]...

Player connection [15576] Host "[IP] 192.168.77.42 [Port] 0 [Flags] 2 [Guid] 2308556596 [EditorId] 2308556596 [Version] 1048832 [Id] WindowsEditor(7,UCA-ASUSLAP) [Debug] 1 [PackageName] WindowsEditor [ProjectName] Editor" joined alternative multi-casting on [225.0.0.222:34997]...

[Physics::Module] Initialized MultithreadedJobDispatcher with {0} workers.
Refreshing native plugins compatible for Editor in 335.91 ms, found 3 plugins.
Preloading 0 native plugins for Editor in 0.00 ms.
Initialize engine version: 2021.3.33f1 (ee5a2aa03ab2)
[Subsystems] Discovering subsystems at path C:/Program Files/Unity/Hub/Editor/2021.3.33f1/Editor/Data/Resources/UnitySubsystems
[Subsystems] Discovering subsystems at path C:/Users/asus/Desktop/GITHUB/PACIFICA/CardGame/CARDGAME/Assets
GfxDevice: creating device client; threaded=0; jobified=0
Direct3D:
    Version:  Direct3D 11.0 [level 11.1]
    Renderer: NVIDIA GeForce GTX 1050 Ti (ID=0x1c8c)
    Vendor:   NVIDIA
    VRAM:     4020 MB
    Driver:   31.0.15.4665
Initialize mono
Mono path[0] = 'C:/Program Files/Unity/Hub/Editor/2021.3.33f1/Editor/Data/Managed'
Mono path[1] = 'C:/Program Files/Unity/Hub/Editor/2021.3.33f1/Editor/Data/MonoBleedingEdge/lib/mono/unityjit-win32'
Mono config path = 'C:/Program Files/Unity/Hub/Editor/2021.3.33f1/Editor/Data/MonoBleedingEdge/etc'
Using monoOptions --debugger-agent=transport=dt_socket,embedding=1,server=y,suspend=n,address=127.0.0.1:56600
Begin MonoManager ReloadAssembly
Registering precompiled unity dll's ...
Register platform support module: C:/Program Files/Unity/Hub/Editor/2021.3.33f1/Editor/Data/PlaybackEngines/WindowsStandaloneSupport/UnityEditor.WindowsStandalone.Extensions.dll
Registered in 0.016868 seconds.
Native extension for WindowsStandalone target not found
Refreshing native plugins compatible for Editor in 154.20 ms, found 3 plugins.
Preloading 0 native plugins for Editor in 0.00 ms.
Mono: successfully reloaded assembly
- Completed reload, in  0.955 seconds
Domain Reload Profiling:
	ReloadAssembly (955ms)
		BeginReloadAssembly (158ms)
			ExecutionOrderSort (0ms)
			DisableScriptedObjects (0ms)
			BackupInstance (0ms)
			ReleaseScriptingObjects (0ms)
			CreateAndSetChildDomain (1ms)
		EndReloadAssembly (643ms)
			LoadAssemblies (153ms)
			RebuildTransferFunctionScriptingTraits (0ms)
			SetupTypeCache (135ms)
			ReleaseScriptCaches (0ms)
			RebuildScriptCaches (34ms)
			SetupLoadedEditorAssemblies (415ms)
				LogAssemblyErrors (0ms)
				InitializePlatformSupportModulesInManaged (11ms)
				SetLoadedEditorAssemblies (0ms)
				RefreshPlugins (154ms)
				BeforeProcessingInitializeOnLoad (1ms)
				ProcessInitializeOnLoadAttributes (187ms)
				ProcessInitializeOnLoadMethodAttributes (61ms)
				AfterProcessingInitializeOnLoad (0ms)
				EditorAssembliesLoaded (0ms)
			ExecutionOrderSort2 (0ms)
			AwakeInstancesAfterBackupRestoration (0ms)
Platform modules already initialized, skipping
Registering precompiled user dll's ...
Registered in 0.022188 seconds.
Begin MonoManager ReloadAssembly
Native extension for WindowsStandalone target not found
Refreshing native plugins compatible for Editor in 165.39 ms, found 3 plugins.
Preloading 0 native plugins for Editor in 0.00 ms.
Package Manager log level set to [2]
[Package Manager] Server::EnsureServerProcessIsRunning -- launch failed, reason: Unity was launched with the -noUpm command-line argument
[Package Manager] Cannot connect to Unity Package Manager local server
Mono: successfully reloaded assembly
- Completed reload, in  2.327 seconds
Domain Reload Profiling:
	ReloadAssembly (2328ms)
		BeginReloadAssembly (192ms)
			ExecutionOrderSort (0ms)
			DisableScriptedObjects (8ms)
			BackupInstance (0ms)
			ReleaseScriptingObjects (0ms)
			CreateAndSetChildDomain (27ms)
		EndReloadAssembly (1965ms)
			LoadAssemblies (165ms)
			RebuildTransferFunctionScriptingTraits (0ms)
			SetupTypeCache (418ms)
			ReleaseScriptCaches (1ms)
			RebuildScriptCaches (87ms)
			SetupLoadedEditorAssemblies (1269ms)
				LogAssemblyErrors (0ms)
				InitializePlatformSupportModulesInManaged (9ms)
				SetLoadedEditorAssemblies (0ms)
				RefreshPlugins (165ms)
				BeforeProcessingInitializeOnLoad (175ms)
				ProcessInitializeOnLoadAttributes (774ms)
				ProcessInitializeOnLoadMethodAttributes (123ms)
				AfterProcessingInitializeOnLoad (21ms)
				EditorAssembliesLoaded (0ms)
			ExecutionOrderSort2 (0ms)
			AwakeInstancesAfterBackupRestoration (9ms)
Platform modules already initialized, skipping
========================================================================
Worker process is ready to serve import requests
Launched and connected shader compiler UnityShaderCompiler.exe after 0.06 seconds
Refreshing native plugins compatible for Editor in 1.09 ms, found 3 plugins.
Preloading 0 native plugins for Editor in 0.00 ms.
Unloading 5697 Unused Serialized files (Serialized files now loaded: 0)
Unloading 51 unused Assets / (1.9 MB). Loaded Objects now: 6129.
Memory consumption went from 233.3 MB to 231.3 MB.
Total: 4.478300 ms (FindLiveObjects: 0.488700 ms CreateObjectMapping: 0.482900 ms MarkObjects: 2.966600 ms  DeleteObjects: 0.538900 ms)

AssetImportParameters requested are different than current active one (requested -> active):
  custom:video-decoder-ogg-theora: a1e56fd34408186e4bbccfd4996cb3dc -> 
  custom:container-muxer-webm: aa71ff27fc2769a1b78a27578f13a17b -> 
  custom:container-demuxer-webm: 4f35f7cbe854078d1ac9338744f61a02 -> 
  custom:video-encoder-webm-vp8: eb34c28f22e8b96e1ab97ce403110664 -> 
  custom:CustomObjectIndexerAttribute: f67f22312cbe972f2da930a377ed3d15 -> 
  custom:audio-encoder-webm-vorbis: bf7c407c2cedff20999df2af8eb42d56 -> 
  custom:framework-win-MediaFoundation: 216162199b28c13a410421893ffa2e32 -> 
  custom:SearchIndexIgnoredProperties: e643bd26f0fe6173181afceb89e7c659 -> 
  custom:container-demuxer-ogg: 62fdf1f143b41e24485cea50d1cbac27 -> 
  custom:video-decoder-webm-vp8: 9c59270c3fd7afecdb556c50c9e8de78 -> 
  custom:audio-decoder-ogg-vorbis: bf7c407c2cedff20999df2af8eb42d56 -> 
========================================================================
Received Import Request.
  Time since last request: 2666.796262 seconds.
  path: Assets/TcgEngine/Resources/Abilities/activated/activate_damage2.asset
  artifactKey: Guid(fb089d9330eb2ac4893616bd179c3a56) Importer(815301076,1909f56bfc062723c751e8b465ee728b)
Number of updated assets reloaded before import = 0
Start importing Assets/TcgEngine/Resources/Abilities/activated/activate_damage2.asset using Guid(fb089d9330eb2ac4893616bd179c3a56) Importer(815301076,1909f56bfc062723c751e8b465ee728b)  -> (artifact id: '8ba90f9fdc62ba83fd7ecfcbc08bee1f') in 0.098433 seconds 
Number of asset objects unloaded after import = 15
========================================================================
Received Import Request.
  Time since last request: 0.000027 seconds.
  path: Assets/TcgEngine/Resources/Abilities/activated/chain_gain_attack.asset
  artifactKey: Guid(9b9e79393af76c54785636eb42b736b1) Importer(815301076,1909f56bfc062723c751e8b465ee728b)
Number of updated assets reloaded before import = 0
Start importing Assets/TcgEngine/Resources/Abilities/activated/chain_gain_attack.asset using Guid(9b9e79393af76c54785636eb42b736b1) Importer(815301076,1909f56bfc062723c751e8b465ee728b)  -> (artifact id: '230fc52f44239abd13376e945ac48475') in 0.007603 seconds 
Number of asset objects unloaded after import = 2
========================================================================
Received Import Request.
  Time since last request: 1.568938 seconds.
  path: Assets/TcgEngine/Resources/Abilities/dice/play_roll_attack.asset
  artifactKey: Guid(26c48eded39b6444fb64b3fa43f10654) Importer(815301076,1909f56bfc062723c751e8b465ee728b)
Number of updated assets reloaded before import = 0
Start importing Assets/TcgEngine/Resources/Abilities/dice/play_roll_attack.asset using Guid(26c48eded39b6444fb64b3fa43f10654) Importer(815301076,1909f56bfc062723c751e8b465ee728b)  -> (artifact id: '7a6502e092ae6159ffa6c774ca7fcc89') in 0.006387 seconds 
Number of asset objects unloaded after import = 4
========================================================================
Received Import Request.
  Time since last request: 0.000023 seconds.
  path: Assets/TcgEngine/Resources/Abilities/dice/roll_add_attack.asset
  artifactKey: Guid(873f452dcc1cdff4eb3e1e3667bd5cd1) Importer(815301076,1909f56bfc062723c751e8b465ee728b)
Number of updated assets reloaded before import = 0
Start importing Assets/TcgEngine/Resources/Abilities/dice/roll_add_attack.asset using Guid(873f452dcc1cdff4eb3e1e3667bd5cd1) Importer(815301076,1909f56bfc062723c751e8b465ee728b)  -> (artifact id: 'd6bf6ff8d1cdf787a0a7d09af63239c3') in 0.005349 seconds 
Number of asset objects unloaded after import = 2
========================================================================
Received Import Request.
  Time since last request: 0.849988 seconds.
  path: Assets/TcgEngine/Resources/Abilities/equipment/equip_attack1.asset
  artifactKey: Guid(14f603f8f999b6e4a8f583f001fdcfe9) Importer(815301076,1909f56bfc062723c751e8b465ee728b)
Number of updated assets reloaded before import = 0
Start importing Assets/TcgEngine/Resources/Abilities/equipment/equip_attack1.asset using Guid(14f603f8f999b6e4a8f583f001fdcfe9) Importer(815301076,1909f56bfc062723c751e8b465ee728b)  -> (artifact id: 'bbe31ea2d3b817d592c39397870e325a') in 0.008593 seconds 
Number of asset objects unloaded after import = 2
========================================================================
Received Import Request.
  Time since last request: 0.000022 seconds.
  path: Assets/TcgEngine/Resources/Abilities/equipment/equip_attack_no_damage.asset
  artifactKey: Guid(608d12400d5c82e4fa03fad1361cb2aa) Importer(815301076,1909f56bfc062723c751e8b465ee728b)
Number of updated assets reloaded before import = 0
Start importing Assets/TcgEngine/Resources/Abilities/equipment/equip_attack_no_damage.asset using Guid(608d12400d5c82e4fa03fad1361cb2aa) Importer(815301076,1909f56bfc062723c751e8b465ee728b)  -> (artifact id: 'c954375a07ce2ea361cb0e102df6ccc8') in 0.007483 seconds 
Number of asset objects unloaded after import = 2
========================================================================
Received Import Request.
  Time since last request: 0.000027 seconds.
  path: Assets/TcgEngine/Resources/Abilities/equipment/equip_attack2.asset
  artifactKey: Guid(88be30ffc12fed746857b504a9aac52a) Importer(815301076,1909f56bfc062723c751e8b465ee728b)
Number of updated assets reloaded before import = 0
Start importing Assets/TcgEngine/Resources/Abilities/equipment/equip_attack2.asset using Guid(88be30ffc12fed746857b504a9aac52a) Importer(815301076,1909f56bfc062723c751e8b465ee728b)  -> (artifact id: '089bcff81696c9037980d3883ea5887c') in 0.011353 seconds 
Number of asset objects unloaded after import = 2
========================================================================
Received Import Request.
  Time since last request: 0.000025 seconds.
  path: Assets/TcgEngine/Resources/Abilities/equipment/equip_defend_use.asset
  artifactKey: Guid(e662fd7cb36df154d9dd5ce309c4a822) Importer(815301076,1909f56bfc062723c751e8b465ee728b)
Number of updated assets reloaded before import = 0
Start importing Assets/TcgEngine/Resources/Abilities/equipment/equip_defend_use.asset using Guid(e662fd7cb36df154d9dd5ce309c4a822) Importer(815301076,1909f56bfc062723c751e8b465ee728b)  -> (artifact id: '35316f5ab72dc1f288c233fd1af8ef08') in 0.006716 seconds 
Number of asset objects unloaded after import = 2
========================================================================
Received Import Request.
  Time since last request: 0.756555 seconds.
  path: Assets/TcgEngine/Resources/Abilities/other/attack_poison.asset
  artifactKey: Guid(e60f3724f57913949bb49eef22c7759e) Importer(815301076,1909f56bfc062723c751e8b465ee728b)
Number of updated assets reloaded before import = 0
Start importing Assets/TcgEngine/Resources/Abilities/other/attack_poison.asset using Guid(e60f3724f57913949bb49eef22c7759e) Importer(815301076,1909f56bfc062723c751e8b465ee728b)  -> (artifact id: '15eddaa6032370b0a6898b8abed33b1c') in 0.019783 seconds 
Number of asset objects unloaded after import = 22
========================================================================
Received Import Request.
  Time since last request: 0.000020 seconds.
  path: Assets/TcgEngine/Resources/Abilities/other/turn_stealth.asset
  artifactKey: Guid(a5a8e3bb261f9344a9b7318a2e68783f) Importer(815301076,1909f56bfc062723c751e8b465ee728b)
Number of updated assets reloaded before import = 0
Start importing Assets/TcgEngine/Resources/Abilities/other/turn_stealth.asset using Guid(a5a8e3bb261f9344a9b7318a2e68783f) Importer(815301076,1909f56bfc062723c751e8b465ee728b)  -> (artifact id: 'b65589698944ae815a9a566e40bfba9f') in 0.030346 seconds 
Number of asset objects unloaded after import = 14
========================================================================
Received Import Request.
  Time since last request: 0.000696 seconds.
  path: Assets/TcgEngine/Resources/Abilities/other/turn_add_attack1.asset
  artifactKey: Guid(896f5a92a2d1b394dadf933a8dc44b2a) Importer(815301076,1909f56bfc062723c751e8b465ee728b)
Number of updated assets reloaded before import = 0
Start importing Assets/TcgEngine/Resources/Abilities/other/turn_add_attack1.asset using Guid(896f5a92a2d1b394dadf933a8dc44b2a) Importer(815301076,1909f56bfc062723c751e8b465ee728b)  -> (artifact id: '45ed2d4ea57eba88315711d824ff0ac0') in 0.014877 seconds 
Number of asset objects unloaded after import = 2
========================================================================
Received Import Request.
  Time since last request: 0.000022 seconds.
  path: Assets/TcgEngine/Resources/Abilities/other/regen3.asset
  artifactKey: Guid(99d38df556faf4d40ac7765314b7164f) Importer(815301076,1909f56bfc062723c751e8b465ee728b)
Number of updated assets reloaded before import = 0
Start importing Assets/TcgEngine/Resources/Abilities/other/regen3.asset using Guid(99d38df556faf4d40ac7765314b7164f) Importer(815301076,1909f56bfc062723c751e8b465ee728b)  -> (artifact id: '425e91a50bde122f1724c529c5e9b616') in 0.028766 seconds 
Number of asset objects unloaded after import = 9
========================================================================
Received Import Request.
  Time since last request: 0.010799 seconds.
  path: Assets/TcgEngine/Resources/Abilities/other/play_other_sacrifice.asset
  artifactKey: Guid(192870422c08ed64191a38ed0bd54f89) Importer(815301076,1909f56bfc062723c751e8b465ee728b)
Number of updated assets reloaded before import = 0
Start importing Assets/TcgEngine/Resources/Abilities/other/play_other_sacrifice.asset using Guid(192870422c08ed64191a38ed0bd54f89) Importer(815301076,1909f56bfc062723c751e8b465ee728b)  -> (artifact id: '6a2c868887767203f9d3b43df7cb1d1e') in 0.012913 seconds 
Number of asset objects unloaded after import = 4
========================================================================
Received Import Request.
  Time since last request: 0.000023 seconds.
  path: Assets/TcgEngine/Resources/Abilities/other/death_draw.asset
  artifactKey: Guid(d006aa7902864824d907d4aa6b62de09) Importer(815301076,1909f56bfc062723c751e8b465ee728b)
Number of updated assets reloaded before import = 0
Start importing Assets/TcgEngine/Resources/Abilities/other/death_draw.asset using Guid(d006aa7902864824d907d4aa6b62de09) Importer(815301076,1909f56bfc062723c751e8b465ee728b)  -> (artifact id: '55c210b7b496d235ef61a523b5d80a13') in 0.007796 seconds 
Number of asset objects unloaded after import = 2
========================================================================
Received Import Request.
  Time since last request: 0.000020 seconds.
  path: Assets/TcgEngine/Resources/Abilities/other/death_other_draw.asset
  artifactKey: Guid(a68118dba80398744b9a5bbc65d9ef1b) Importer(815301076,1909f56bfc062723c751e8b465ee728b)
Number of updated assets reloaded before import = 0
Start importing Assets/TcgEngine/Resources/Abilities/other/death_other_draw.asset using Guid(a68118dba80398744b9a5bbc65d9ef1b) Importer(815301076,1909f56bfc062723c751e8b465ee728b)  -> (artifact id: 'dc6c8e51cf4e59349c13b10f9a74b223') in 0.007630 seconds 
Number of asset objects unloaded after import = 3
========================================================================
Received Import Request.
  Time since last request: 0.000020 seconds.
  path: Assets/TcgEngine/Resources/Abilities/other/attack_suffer_damage.asset
  artifactKey: Guid(168ce3c95f614e04cbbc4a5cb6fd86d9) Importer(815301076,1909f56bfc062723c751e8b465ee728b)
Number of updated assets reloaded before import = 0
Start importing Assets/TcgEngine/Resources/Abilities/other/attack_suffer_damage.asset using Guid(168ce3c95f614e04cbbc4a5cb6fd86d9) Importer(815301076,1909f56bfc062723c751e8b465ee728b)  -> (artifact id: '1e66473d738f473688835e905d019ce8') in 0.006791 seconds 
Number of asset objects unloaded after import = 12
========================================================================
Received Import Request.
  Time since last request: 0.000023 seconds.
  path: Assets/TcgEngine/Resources/Abilities/other/death_heal2.asset
  artifactKey: Guid(736721253ae31b84ebfa9f6bb1bb4a3a) Importer(815301076,1909f56bfc062723c751e8b465ee728b)
Number of updated assets reloaded before import = 0
Start importing Assets/TcgEngine/Resources/Abilities/other/death_heal2.asset using Guid(736721253ae31b84ebfa9f6bb1bb4a3a) Importer(815301076,1909f56bfc062723c751e8b465ee728b)  -> (artifact id: 'a980a5922fbb995f646e40e197ad6ba2') in 0.008734 seconds 
Number of asset objects unloaded after import = 2
========================================================================
Received Import Request.
  Time since last request: 0.360364 seconds.
  path: Assets/TcgEngine/Resources/Abilities/ongoing/aura_attack_m1.asset
  artifactKey: Guid(2ca645d57a4feee409d9793246812051) Importer(815301076,1909f56bfc062723c751e8b465ee728b)
Number of updated assets reloaded before import = 0
Start importing Assets/TcgEngine/Resources/Abilities/ongoing/aura_attack_m1.asset using Guid(2ca645d57a4feee409d9793246812051) Importer(815301076,1909f56bfc062723c751e8b465ee728b)  -> (artifact id: 'b4f6f9033c4b9715082e68062de4fa41') in 0.006344 seconds 
Number of asset objects unloaded after import = 5
========================================================================
Received Import Request.
  Time since last request: 0.000243 seconds.
  path: Assets/TcgEngine/Resources/Abilities/ongoing/flying.asset
  artifactKey: Guid(bd8a20981b906a34897ee485cfc1db6b) Importer(815301076,1909f56bfc062723c751e8b465ee728b)
Number of updated assets reloaded before import = 0
Start importing Assets/TcgEngine/Resources/Abilities/ongoing/flying.asset using Guid(bd8a20981b906a34897ee485cfc1db6b) Importer(815301076,1909f56bfc062723c751e8b465ee728b)  -> (artifact id: '82bc9a289b89ca6412c57ccd23d53234') in 0.039635 seconds 
Number of asset objects unloaded after import = 2
========================================================================
Received Import Request.
  Time since last request: 0.000667 seconds.
  path: Assets/TcgEngine/Resources/Abilities/ongoing/spell_immunity.asset
  artifactKey: Guid(643b2aa17cd6c8847884a5771a5656b3) Importer(815301076,1909f56bfc062723c751e8b465ee728b)
Number of updated assets reloaded before import = 0
Start importing Assets/TcgEngine/Resources/Abilities/ongoing/spell_immunity.asset using Guid(643b2aa17cd6c8847884a5771a5656b3) Importer(815301076,1909f56bfc062723c751e8b465ee728b)  -> (artifact id: '10f2429aead07c8a07ec13130b15d7bf') in 0.009143 seconds 
Number of asset objects unloaded after import = 11
========================================================================
Received Import Request.
  Time since last request: 0.000027 seconds.
  path: Assets/TcgEngine/Resources/Abilities/ongoing/town_aura_blue.asset
  artifactKey: Guid(f405476e6b47d6d498fe3d3211c16430) Importer(815301076,1909f56bfc062723c751e8b465ee728b)
Number of updated assets reloaded before import = 0
Start importing Assets/TcgEngine/Resources/Abilities/ongoing/town_aura_blue.asset using Guid(f405476e6b47d6d498fe3d3211c16430) Importer(815301076,1909f56bfc062723c751e8b465ee728b)  -> (artifact id: '3753cb3b274466ee2c783d09a6ce11ec') in 0.009552 seconds 
Number of asset objects unloaded after import = 6
========================================================================
Received Import Request.
  Time since last request: 0.000690 seconds.
  path: Assets/TcgEngine/Resources/Abilities/ongoing/town_aura_red.asset
  artifactKey: Guid(c0cea65074408f8498948aeae58fac68) Importer(815301076,1909f56bfc062723c751e8b465ee728b)
Number of updated assets reloaded before import = 0
Start importing Assets/TcgEngine/Resources/Abilities/ongoing/town_aura_red.asset using Guid(c0cea65074408f8498948aeae58fac68) Importer(815301076,1909f56bfc062723c751e8b465ee728b)  -> (artifact id: '142a2f057227caab55f31f24905a72b6') in 0.010602 seconds 
Number of asset objects unloaded after import = 7
========================================================================
Received Import Request.
  Time since last request: 1.461092 seconds.
  path: Assets/TcgEngine/Resources/Abilities/play/play_boost2.asset
  artifactKey: Guid(c361771bc0f771e48bb0a97fd2325564) Importer(815301076,1909f56bfc062723c751e8b465ee728b)
Number of updated assets reloaded before import = 0
Start importing Assets/TcgEngine/Resources/Abilities/play/play_boost2.asset using Guid(c361771bc0f771e48bb0a97fd2325564) Importer(815301076,1909f56bfc062723c751e8b465ee728b)  -> (artifact id: 'd814caabd85556b9a1b69f5aef595653') in 0.013783 seconds 
Number of asset objects unloaded after import = 13
========================================================================
Received Import Request.
  Time since last request: 0.000023 seconds.
  path: Assets/TcgEngine/Resources/Abilities/play/play_destroy_less4.asset
  artifactKey: Guid(de1ad2790d94f9a429e240dbab7d65d5) Importer(815301076,1909f56bfc062723c751e8b465ee728b)
Number of updated assets reloaded before import = 0
Start importing Assets/TcgEngine/Resources/Abilities/play/play_destroy_less4.asset using Guid(de1ad2790d94f9a429e240dbab7d65d5) Importer(815301076,1909f56bfc062723c751e8b465ee728b)  -> (artifact id: '8930911f1e4496c3397e837b1a785a4c') in 0.011893 seconds 
Number of asset objects unloaded after import = 8
========================================================================
Received Import Request.
  Time since last request: 0.000021 seconds.
  path: Assets/TcgEngine/Resources/Abilities/play/play_select_discard.asset
  artifactKey: Guid(70a627f65c541204f9f988a03fb1e663) Importer(815301076,1909f56bfc062723c751e8b465ee728b)
Number of updated assets reloaded before import = 0
Start importing Assets/TcgEngine/Resources/Abilities/play/play_select_discard.asset using Guid(70a627f65c541204f9f988a03fb1e663) Importer(815301076,1909f56bfc062723c751e8b465ee728b)  -> (artifact id: 'da75e2fd2220bf713bf4466085242e17') in 0.010950 seconds 
Number of asset objects unloaded after import = 6
========================================================================
Received Import Request.
  Time since last request: 0.000022 seconds.
  path: Assets/TcgEngine/Resources/Abilities/play/play_discard.asset
  artifactKey: Guid(442c118271548ae4eb5d3c6ae97b0771) Importer(815301076,1909f56bfc062723c751e8b465ee728b)
Number of updated assets reloaded before import = 0
Start importing Assets/TcgEngine/Resources/Abilities/play/play_discard.asset using Guid(442c118271548ae4eb5d3c6ae97b0771) Importer(815301076,1909f56bfc062723c751e8b465ee728b)  -> (artifact id: '515dae4508808d3183722c8a374de53a') in 0.010073 seconds 
Number of asset objects unloaded after import = 14
========================================================================
Received Import Request.
  Time since last request: 0.000130 seconds.
  path: Assets/TcgEngine/Resources/Abilities/play/shell.asset
  artifactKey: Guid(794f3e6c72a98224abe6dfcdafabe4a0) Importer(815301076,1909f56bfc062723c751e8b465ee728b)
Number of updated assets reloaded before import = 0
Start importing Assets/TcgEngine/Resources/Abilities/play/shell.asset using Guid(794f3e6c72a98224abe6dfcdafabe4a0) Importer(815301076,1909f56bfc062723c751e8b465ee728b)  -> (artifact id: 'f1b230f169ba0d3333668bad013c7ed8') in 0.008120 seconds 
Number of asset objects unloaded after import = 7
========================================================================
Received Import Request.
  Time since last request: 0.606842 seconds.
  path: Assets/TcgEngine/Resources/Abilities/spells/chain_hibernate.asset
  artifactKey: Guid(3aeca8746c8fd23439c602be24b0cb90) Importer(815301076,1909f56bfc062723c751e8b465ee728b)
Number of updated assets reloaded before import = 0
Start importing Assets/TcgEngine/Resources/Abilities/spells/chain_hibernate.asset using Guid(3aeca8746c8fd23439c602be24b0cb90) Importer(815301076,1909f56bfc062723c751e8b465ee728b)  -> (artifact id: '37d839ed9cce4255b8346d6f6b957cbd') in 0.007896 seconds 
Number of asset objects unloaded after import = 9
========================================================================
Received Import Request.
  Time since last request: 0.000024 seconds.
  path: Assets/TcgEngine/Resources/Abilities/spells/spell_send_hand.asset
  artifactKey: Guid(bde51bf0875c1f14c93191f4150c6d26) Importer(815301076,1909f56bfc062723c751e8b465ee728b)
Number of updated assets reloaded before import = 0
Start importing Assets/TcgEngine/Resources/Abilities/spells/spell_send_hand.asset using Guid(bde51bf0875c1f14c93191f4150c6d26) Importer(815301076,1909f56bfc062723c751e8b465ee728b)  -> (artifact id: 'fb537ba024dc31797072e7ced37c5de1') in 0.018014 seconds 
Number of asset objects unloaded after import = 21
========================================================================
Received Import Request.
  Time since last request: 0.000034 seconds.
  path: Assets/TcgEngine/Resources/Abilities/spells/spell_damage1.asset
  artifactKey: Guid(d753d81200fc2704b87c7c428459dfc6) Importer(815301076,1909f56bfc062723c751e8b465ee728b)
Number of updated assets reloaded before import = 0
Start importing Assets/TcgEngine/Resources/Abilities/spells/spell_damage1.asset using Guid(d753d81200fc2704b87c7c428459dfc6) Importer(815301076,1909f56bfc062723c751e8b465ee728b)  -> (artifact id: 'e3db0ef4b5c5c83230c96dfd099cf5e5') in 0.011653 seconds 
Number of asset objects unloaded after import = 14
========================================================================
Received Import Request.
  Time since last request: 0.000153 seconds.
  path: Assets/TcgEngine/Resources/Abilities/spells/spell_taunt.asset
  artifactKey: Guid(17a4c57c4a3b61c46aef2d187356bb7b) Importer(815301076,1909f56bfc062723c751e8b465ee728b)
Number of updated assets reloaded before import = 0
Start importing Assets/TcgEngine/Resources/Abilities/spells/spell_taunt.asset using Guid(17a4c57c4a3b61c46aef2d187356bb7b) Importer(815301076,1909f56bfc062723c751e8b465ee728b)  -> (artifact id: '4cdd0946c86a051dfacc5456bdc4316a') in 0.014506 seconds 
Number of asset objects unloaded after import = 5
========================================================================
Received Import Request.
  Time since last request: 0.000021 seconds.
  path: Assets/TcgEngine/Resources/Abilities/spells/spell_shell.asset
  artifactKey: Guid(a9a46126ee749384d9dab3f62df9c121) Importer(815301076,1909f56bfc062723c751e8b465ee728b)
Number of updated assets reloaded before import = 0
Start importing Assets/TcgEngine/Resources/Abilities/spells/spell_shell.asset using Guid(a9a46126ee749384d9dab3f62df9c121) Importer(815301076,1909f56bfc062723c751e8b465ee728b)  -> (artifact id: 'b42a1ec68cba786cac994abb55b83556') in 0.012783 seconds 
Number of asset objects unloaded after import = 9
========================================================================
Received Import Request.
  Time since last request: 0.000021 seconds.
  path: Assets/TcgEngine/Resources/Abilities/spells/spell_summon_eagle.asset
  artifactKey: Guid(8bb6ba4408c1ae643af479c17729a4b4) Importer(815301076,1909f56bfc062723c751e8b465ee728b)
Number of updated assets reloaded before import = 0
Start importing Assets/TcgEngine/Resources/Abilities/spells/spell_summon_eagle.asset using Guid(8bb6ba4408c1ae643af479c17729a4b4) Importer(815301076,1909f56bfc062723c751e8b465ee728b)  -> (artifact id: '29e8061960e3030f756e7f471fd21291') in 0.066513 seconds 
Number of asset objects unloaded after import = 22
========================================================================
Received Import Request.
  Time since last request: 0.000023 seconds.
  path: Assets/TcgEngine/Resources/Abilities/spells/spell_coin.asset
  artifactKey: Guid(cbce7867907f0a34faa4d26b41fa5a6b) Importer(815301076,1909f56bfc062723c751e8b465ee728b)
Number of updated assets reloaded before import = 0
Start importing Assets/TcgEngine/Resources/Abilities/spells/spell_coin.asset using Guid(cbce7867907f0a34faa4d26b41fa5a6b) Importer(815301076,1909f56bfc062723c751e8b465ee728b)  -> (artifact id: 'dc1b826a77dd4f2fa90d8bdc07c017cf') in 0.026262 seconds 
Number of asset objects unloaded after import = 2
========================================================================
Received Import Request.
  Time since last request: 0.000754 seconds.
  path: Assets/TcgEngine/Resources/Abilities/spells/chain_treasure.asset
  artifactKey: Guid(aecb395cf4225514d9246db9df68dd87) Importer(815301076,1909f56bfc062723c751e8b465ee728b)
Number of updated assets reloaded before import = 0
Start importing Assets/TcgEngine/Resources/Abilities/spells/chain_treasure.asset using Guid(aecb395cf4225514d9246db9df68dd87) Importer(815301076,1909f56bfc062723c751e8b465ee728b)  -> (artifact id: '32b2b2540d00dece4d3594347e523c7a') in 0.033903 seconds 
Number of asset objects unloaded after import = 5
========================================================================
Received Import Request.
  Time since last request: 0.230025 seconds.
  path: Assets/TcgEngine/Resources/Abilities/traps/trap_transform_fish.asset
  artifactKey: Guid(6f97d9a9926ed0c48ae623df4b123314) Importer(815301076,1909f56bfc062723c751e8b465ee728b)
Number of updated assets reloaded before import = 0
Start importing Assets/TcgEngine/Resources/Abilities/traps/trap_transform_fish.asset using Guid(6f97d9a9926ed0c48ae623df4b123314) Importer(815301076,1909f56bfc062723c751e8b465ee728b)  -> (artifact id: '95bffe6498d3a8f0689e8fbad935df32') in 0.039247 seconds 
Number of asset objects unloaded after import = 61
========================================================================
Received Import Request.
  Time since last request: 73.189299 seconds.
  path: Assets/Graphics/1Kafa.png
  artifactKey: Guid(15e4416f9b3a9794c88799b28912941d) Importer(815301076,1909f56bfc062723c751e8b465ee728b)
Number of updated assets reloaded before import = 0
Start importing Assets/Graphics/1Kafa.png using Guid(15e4416f9b3a9794c88799b28912941d) Importer(815301076,1909f56bfc062723c751e8b465ee728b)  -> (artifact id: '7da5dd5f04c735c78faf59a56dac24b3') in 0.328591 seconds 
Number of asset objects unloaded after import = 3
========================================================================
Received Import Request.
  Time since last request: 0.000028 seconds.
  path: Assets/Graphics/HamdiKafa.png
  artifactKey: Guid(0f6b89a3053ba27469b1546661fdbe2f) Importer(815301076,1909f56bfc062723c751e8b465ee728b)
Number of updated assets reloaded before import = 0
Start importing Assets/Graphics/HamdiKafa.png using Guid(0f6b89a3053ba27469b1546661fdbe2f) Importer(815301076,1909f56bfc062723c751e8b465ee728b)  -> (artifact id: 'e4b16bf90a5b8483d64cfb7197be67b3') in 0.081062 seconds 
Number of asset objects unloaded after import = 3
========================================================================
Received Import Request.
  Time since last request: 0.000166 seconds.
  path: Assets/Graphics/kaleci.png
  artifactKey: Guid(2f2046607baca544c9b5ba2687027542) Importer(815301076,1909f56bfc062723c751e8b465ee728b)
Number of updated assets reloaded before import = 0
Start importing Assets/Graphics/kaleci.png using Guid(2f2046607baca544c9b5ba2687027542) Importer(815301076,1909f56bfc062723c751e8b465ee728b)  -> (artifact id: '74c87e1ed41e93f5bd2b472a08b35df3') in 0.089387 seconds 
Number of asset objects unloaded after import = 3
========================================================================
Received Import Request.
  Time since last request: 0.000245 seconds.
  path: Assets/Graphics/Rakip.jpg
  artifactKey: Guid(2fb715e2caa1cf84aa0a0c85525d37cb) Importer(815301076,1909f56bfc062723c751e8b465ee728b)
Number of updated assets reloaded before import = 0
Start importing Assets/Graphics/Rakip.jpg using Guid(2fb715e2caa1cf84aa0a0c85525d37cb) Importer(815301076,1909f56bfc062723c751e8b465ee728b)  -> (artifact id: '1d99a0d0d1e078ee5d06d0c2eb1f370a') in 0.210599 seconds 
Number of asset objects unloaded after import = 3
Editor requested this worker to shutdown with reason: Scaling down because of idle timeout
AssetImportWorker is now disconnected from the server
Process exiting
Exiting without the bug reporter. Application will terminate with return code 0